#
# A fatal error has been detected by the Java Runtime Environment:
#
#  Internal Error (classFileParser.cpp:3494), pid=5619, tid=140375926257408
#  Error: ShouldNotReachHere()
#
# JRE version: 6.0_24-b24
# Java VM: OpenJDK 64-Bit Server VM (20.0-b12 mixed mode linux-amd64 compressed oops)
# Derivative: IcedTea6 1.11.5
# Distribution: Ubuntu 12.04 LTS, package 6b24-1.11.5-0ubuntu1~12.04.1
# If you would like to submit a bug report, please include
# instructions how to reproduce the bug and visit:
#   https://bugs.launchpad.net/ubuntu/+source/openjdk-6/
#

---------------  T H R E A D  ---------------

Current thread (0x00007fabc8008000):  JavaThread "Unknown thread" [_thread_in_vm, id=5624, stack(0x00007fabd1283000,0x00007fabd1384000)]

Stack: [0x00007fabd1283000,0x00007fabd1384000],  sp=0x00007fabd1382080,  free space=1020k
Native frames: (J=compiled Java code, j=interpreted, Vv=VM code, C=native code)
V  [libjvm.so+0x7846a5]  VMError::report(outputStream*)+0x1255
V  [libjvm.so+0x784929]  VMError::report_and_die()+0x169
V  [libjvm.so+0x3bb5ea]  report_vm_error(char const*, int, char const*, char const*)+0x4a
V  [libjvm.so+0x351985]  ClassFileParser::parseClassFile(symbolHandle, Handle, Handle, KlassHandle, GrowableArray<Handle>*, symbolHandle&, bool, Thread*)+0x1545
V  [libjvm.so+0x355be3]  ClassLoader::load_classfile(symbolHandle, Thread*)+0x1f3
V  [libjvm.so+0x71c854]  SystemDictionary::load_instance_class(symbolHandle, Handle, Thread*)+0x354
V  [libjvm.so+0x71af60]  SystemDictionary::resolve_instance_class_or_null(symbolHandle, Handle, Handle, Thread*)+0x7c0
V  [libjvm.so+0x71cee3]  SystemDictionary::resolve_or_fail(symbolHandle, Handle, Handle, bool, Thread*)+0x33
V  [libjvm.so+0x71cfc4]  SystemDictionary::resolve_or_fail(symbolHandle, bool, Thread*)+0x14
V  [libjvm.so+0x71d070]  SystemDictionary::initialize_wk_klass(SystemDictionary::WKID, int, Thread*)+0xa0
V  [libjvm.so+0x71d0d9]  SystemDictionary::initialize_wk_klasses_until(SystemDictionary::WKID, SystemDictionary::WKID&, Thread*)+0x59
V  [libjvm.so+0x71d1d1]  SystemDictionary::initialize_preloaded_classes(Thread*)+0x71
V  [libjvm.so+0x760a5f]  Universe::genesis(Thread*)+0x11f
V  [libjvm.so+0x76140f]  universe2_init()+0x1f
V  [libjvm.so+0x474675]  init_globals()+0x95
V  [libjvm.so+0x74b38a]  Threads::create_vm(JavaVMInitArgs*, bool*)+0x1ea
V  [libjvm.so+0x4ce4d1]  JNI_CreateJavaVM+0x61
C  [java+0x317e]  JavaMain+0x7e


---------------  P R O C E S S  ---------------

Java Threads: ( => current thread )

Other Threads:

=>0x00007fabc8008000 (exited) JavaThread "Unknown thread" [_thread_in_vm, id=5624, stack(0x00007fabd1283000,0x00007fabd1384000)]

VM state:not at safepoint (not fully initialized)

VM Mutex/Monitor currently owned by a thread: None

Dynamic libraries:
00400000-00409000 r-xp 00000000 08:04 68846                              /usr/lib/jvm/java-6-openjdk-amd64/jre/bin/java
00608000-00609000 r--p 00008000 08:04 68846                              /usr/lib/jvm/java-6-openjdk-amd64/jre/bin/java
00609000-0060a000 rw-p 00009000 08:04 68846                              /usr/lib/jvm/java-6-openjdk-amd64/jre/bin/java
00b37000-00b58000 rw-p 00000000 00:00 0                                  [heap]
77ae00000-77c2c0000 rw-p 00000000 00:00 0 
77c2c0000-785400000 rw-p 00000000 00:00 0 
785400000-78a5d0000 rw-p 00000000 00:00 0 
78a5d0000-7d7160000 rw-p 00000000 00:00 0 
7d7160000-7d9a40000 rw-p 00000000 00:00 0 
7d9a40000-800000000 rw-p 00000000 00:00 0 
7fabb0000000-7fabb0021000 rw-p 00000000 00:00 0 
7fabb0021000-7fabb4000000 ---p 00000000 00:00 0 
7fabb8000000-7fabb8021000 rw-p 00000000 00:00 0 
7fabb8021000-7fabbc000000 ---p 00000000 00:00 0 
7fabbc000000-7fabbc021000 rw-p 00000000 00:00 0 
7fabbc021000-7fabc0000000 ---p 00000000 00:00 0 
7fabc0000000-7fabc0021000 rw-p 00000000 00:00 0 
7fabc0021000-7fabc4000000 ---p 00000000 00:00 0 
7fabc5000000-7fabc5270000 rwxp 00000000 00:00 0 
7fabc5270000-7fabc8073000 rw-p 00000000 00:00 0 
7fabc8073000-7fabcc000000 ---p 00000000 00:00 0 
7fabcd570000-7fabcd5e6000 r--s 00902000 08:05 345447                     /home/rgcrocha/development/adt-bundle-linux/sdk/platforms/android-10/android.jar
7fabcd5e6000-7fabcd60e000 rw-p 00000000 00:00 0 
7fabcd60e000-7fabcd60f000 ---p 00000000 00:00 0 
7fabcd60f000-7fabcd70f000 rw-p 00000000 00:00 0 
7fabcd70f000-7fabcd710000 ---p 00000000 00:00 0 
7fabcd710000-7fabcd810000 rw-p 00000000 00:00 0 
7fabcd810000-7fabcd811000 ---p 00000000 00:00 0 
7fabcd811000-7fabcd911000 rw-p 00000000 00:00 0 
7fabcd911000-7fabcd912000 ---p 00000000 00:00 0 
7fabcd912000-7fabcda1d000 rw-p 00000000 00:00 0 
7fabcda1d000-7fabcda65000 rw-p 00000000 00:00 0 
7fabcda65000-7fabcda8e000 rw-p 00000000 00:00 0 
7fabcda8e000-7fabcdcf4000 rw-p 00000000 00:00 0 
7fabcdcf4000-7fabcdcff000 rw-p 00000000 00:00 0 
7fabcdcff000-7fabcdd47000 rw-p 00000000 00:00 0 
7fabcdd47000-7fabcdd70000 rw-p 00000000 00:00 0 
7fabcdd70000-7fabcdfd5000 rw-p 00000000 00:00 0 
7fabcdfd5000-7fabcdfeb000 rw-p 00000000 00:00 0 
7fabcdfeb000-7fabce11d000 rw-p 00000000 00:00 0 
7fabce11d000-7fabce11e000 rw-p 00000000 00:00 0 
7fabce11e000-7fabce125000 r-xp 00000000 08:04 68822                      /usr/lib/jvm/java-6-openjdk-amd64/jre/lib/amd64/libzip.so
7fabce125000-7fabce324000 ---p 00007000 08:04 68822                      /usr/lib/jvm/java-6-openjdk-amd64/jre/lib/amd64/libzip.so
7fabce324000-7fabce325000 r--p 00006000 08:04 68822                      /usr/lib/jvm/java-6-openjdk-amd64/jre/lib/amd64/libzip.so
7fabce325000-7fabce326000 rw-p 00007000 08:04 68822                      /usr/lib/jvm/java-6-openjdk-amd64/jre/lib/amd64/libzip.so
7fabce326000-7fabce332000 r-xp 00000000 08:04 59562                      /lib/x86_64-linux-gnu/libnss_files-2.15.so
7fabce332000-7fabce531000 ---p 0000c000 08:04 59562                      /lib/x86_64-linux-gnu/libnss_files-2.15.so
7fabce531000-7fabce532000 r--p 0000b000 08:04 59562                      /lib/x86_64-linux-gnu/libnss_files-2.15.so
7fabce532000-7fabce533000 rw-p 0000c000 08:04 59562                      /lib/x86_64-linux-gnu/libnss_files-2.15.so
7fabce533000-7fabce53d000 r-xp 00000000 08:04 32507                      /lib/x86_64-linux-gnu/libnss_nis-2.15.so
7fabce53d000-7fabce73d000 ---p 0000a000 08:04 32507                      /lib/x86_64-linux-gnu/libnss_nis-2.15.so
7fabce73d000-7fabce73e000 r--p 0000a000 08:04 32507                      /lib/x86_64-linux-gnu/libnss_nis-2.15.so
7fabce73e000-7fabce73f000 rw-p 0000b000 08:04 32507                      /lib/x86_64-linux-gnu/libnss_nis-2.15.so
7fabce73f000-7fabce756000 r-xp 00000000 08:04 60619                      /lib/x86_64-linux-gnu/libnsl-2.15.so
7fabce756000-7fabce955000 ---p 00017000 08:04 60619                      /lib/x86_64-linux-gnu/libnsl-2.15.so
7fabce955000-7fabce956000 r--p 00016000 08:04 60619                      /lib/x86_64-linux-gnu/libnsl-2.15.so
7fabce956000-7fabce957000 rw-p 00017000 08:04 60619                      /lib/x86_64-linux-gnu/libnsl-2.15.so
7fabce957000-7fabce959000 rw-p 00000000 00:00 0 
7fabce959000-7fabce961000 r-xp 00000000 08:04 59564                      /lib/x86_64-linux-gnu/libnss_compat-2.15.so
7fabce961000-7fabceb60000 ---p 00008000 08:04 59564                      /lib/x86_64-linux-gnu/libnss_compat-2.15.so
7fabceb60000-7fabceb61000 r--p 00007000 08:04 59564                      /lib/x86_64-linux-gnu/libnss_compat-2.15.so
7fabceb61000-7fabceb62000 rw-p 00008000 08:04 59564                      /lib/x86_64-linux-gnu/libnss_compat-2.15.so
7fabceb62000-7fabceb8e000 r-xp 00000000 08:04 68802                      /usr/lib/jvm/java-6-openjdk-amd64/jre/lib/amd64/libjava.so
7fabceb8e000-7fabced8d000 ---p 0002c000 08:04 68802                      /usr/lib/jvm/java-6-openjdk-amd64/jre/lib/amd64/libjava.so
7fabced8d000-7fabced8e000 r--p 0002b000 08:04 68802                      /usr/lib/jvm/java-6-openjdk-amd64/jre/lib/amd64/libjava.so
7fabced8e000-7fabced91000 rw-p 0002c000 08:04 68802                      /usr/lib/jvm/java-6-openjdk-amd64/jre/lib/amd64/libjava.so
7fabced91000-7fabced9f000 r-xp 00000000 08:04 68813                      /usr/lib/jvm/java-6-openjdk-amd64/jre/lib/amd64/libverify.so
7fabced9f000-7fabcef9e000 ---p 0000e000 08:04 68813                      /usr/lib/jvm/java-6-openjdk-amd64/jre/lib/amd64/libverify.so
7fabcef9e000-7fabcefa0000 r--p 0000d000 08:04 68813                      /usr/lib/jvm/java-6-openjdk-amd64/jre/lib/amd64/libverify.so
7fabcefa0000-7fabcefa1000 rw-p 0000f000 08:04 68813                      /usr/lib/jvm/java-6-openjdk-amd64/jre/lib/amd64/libverify.so
7fabcefa1000-7fabcefa8000 r-xp 00000000 08:04 20457                      /lib/x86_64-linux-gnu/librt-2.15.so
7fabcefa8000-7fabcf1a7000 ---p 00007000 08:04 20457                      /lib/x86_64-linux-gnu/librt-2.15.so
7fabcf1a7000-7fabcf1a8000 r--p 00006000 08:04 20457                      /lib/x86_64-linux-gnu/librt-2.15.so
7fabcf1a8000-7fabcf1a9000 rw-p 00007000 08:04 20457                      /lib/x86_64-linux-gnu/librt-2.15.so
7fabcf1a9000-7fabcf1be000 r-xp 00000000 08:04 8363                       /lib/x86_64-linux-gnu/libgcc_s.so.1
7fabcf1be000-7fabcf3bd000 ---p 00015000 08:04 8363                       /lib/x86_64-linux-gnu/libgcc_s.so.1
7fabcf3bd000-7fabcf3be000 r--p 00014000 08:04 8363                       /lib/x86_64-linux-gnu/libgcc_s.so.1
7fabcf3be000-7fabcf3bf000 rw-p 00015000 08:04 8363                       /lib/x86_64-linux-gnu/libgcc_s.so.1
7fabcf3bf000-7fabcf4ba000 r-xp 00000000 08:04 53860                      /lib/x86_64-linux-gnu/libm-2.15.so
7fabcf4ba000-7fabcf6b9000 ---p 000fb000 08:04 53860                      /lib/x86_64-linux-gnu/libm-2.15.so
7fabcf6b9000-7fabcf6ba000 r--p 000fa000 08:04 53860                      /lib/x86_64-linux-gnu/libm-2.15.so
7fabcf6ba000-7fabcf6bb000 rw-p 000fb000 08:04 53860                      /lib/x86_64-linux-gnu/libm-2.15.so
7fabcf6bb000-7fabcf79d000 r-xp 00000000 08:04 19150                      /usr/lib/x86_64-linux-gnu/libstdc++.so.6.0.16
7fabcf79d000-7fabcf99c000 ---p 000e2000 08:04 19150                      /usr/lib/x86_64-linux-gnu/libstdc++.so.6.0.16
7fabcf99c000-7fabcf9a4000 r--p 000e1000 08:04 19150                      /usr/lib/x86_64-linux-gnu/libstdc++.so.6.0.16
7fabcf9a4000-7fabcf9a6000 rw-p 000e9000 08:04 19150                      /usr/lib/x86_64-linux-gnu/libstdc++.so.6.0.16
7fabcf9a6000-7fabcf9bb000 rw-p 00000000 00:00 0 
7fabcf9bb000-7fabd02c0000 r-xp 00000000 08:04 68798                      /usr/lib/jvm/java-6-openjdk-amd64/jre/lib/amd64/server/libjvm.so
7fabd02c0000-7fabd04c0000 ---p 00905000 08:04 68798                      /usr/lib/jvm/java-6-openjdk-amd64/jre/lib/amd64/server/libjvm.so
7fabd04c0000-7fabd0540000 r--p 00905000 08:04 68798                      /usr/lib/jvm/java-6-openjdk-amd64/jre/lib/amd64/server/libjvm.so
7fabd0540000-7fabd055b000 rw-p 00985000 08:04 68798                      /usr/lib/jvm/java-6-openjdk-amd64/jre/lib/amd64/server/libjvm.so
7fabd055b000-7fabd0584000 rw-p 00000000 00:00 0 
7fabd0584000-7fabd059a000 r-xp 00000000 08:04 8453                       /lib/x86_64-linux-gnu/libz.so.1.2.3.4
7fabd059a000-7fabd0799000 ---p 00016000 08:04 8453                       /lib/x86_64-linux-gnu/libz.so.1.2.3.4
7fabd0799000-7fabd079a000 r--p 00015000 08:04 8453                       /lib/x86_64-linux-gnu/libz.so.1.2.3.4
7fabd079a000-7fabd079b000 rw-p 00016000 08:04 8453                       /lib/x86_64-linux-gnu/libz.so.1.2.3.4
7fabd079b000-7fabd0950000 r-xp 00000000 08:04 15164                      /lib/x86_64-linux-gnu/libc-2.15.so
7fabd0950000-7fabd0b4f000 ---p 001b5000 08:04 15164                      /lib/x86_64-linux-gnu/libc-2.15.so
7fabd0b4f000-7fabd0b53000 r--p 001b4000 08:04 15164                      /lib/x86_64-linux-gnu/libc-2.15.so
7fabd0b53000-7fabd0b55000 rw-p 001b8000 08:04 15164                      /lib/x86_64-linux-gnu/libc-2.15.so
7fabd0b55000-7fabd0b5a000 rw-p 00000000 00:00 0 
7fabd0b5a000-7fabd0b5c000 r-xp 00000000 08:04 15163                      /lib/x86_64-linux-gnu/libdl-2.15.so
7fabd0b5c000-7fabd0d5c000 ---p 00002000 08:04 15163                      /lib/x86_64-linux-gnu/libdl-2.15.so
7fabd0d5c000-7fabd0d5d000 r--p 00002000 08:04 15163                      /lib/x86_64-linux-gnu/libdl-2.15.so
7fabd0d5d000-7fabd0d5e000 rw-p 00003000 08:04 15163                      /lib/x86_64-linux-gnu/libdl-2.15.so
7fabd0d5e000-7fabd0d62000 r-xp 00000000 08:04 68804                      /usr/lib/jvm/java-6-openjdk-amd64/jre/lib/amd64/jli/libjli.so
7fabd0d62000-7fabd0f61000 ---p 00004000 08:04 68804                      /usr/lib/jvm/java-6-openjdk-amd64/jre/lib/amd64/jli/libjli.so
7fabd0f61000-7fabd0f62000 r--p 00003000 08:04 68804                      /usr/lib/jvm/java-6-openjdk-amd64/jre/lib/amd64/jli/libjli.so
7fabd0f62000-7fabd0f63000 rw-p 00004000 08:04 68804                      /usr/lib/jvm/java-6-openjdk-amd64/jre/lib/amd64/jli/libjli.so
7fabd0f63000-7fabd0f7b000 r-xp 00000000 08:04 20435                      /lib/x86_64-linux-gnu/libpthread-2.15.so
7fabd0f7b000-7fabd117a000 ---p 00018000 08:04 20435                      /lib/x86_64-linux-gnu/libpthread-2.15.so
7fabd117a000-7fabd117b000 r--p 00017000 08:04 20435                      /lib/x86_64-linux-gnu/libpthread-2.15.so
7fabd117b000-7fabd117c000 rw-p 00018000 08:04 20435                      /lib/x86_64-linux-gnu/libpthread-2.15.so
7fabd117c000-7fabd1180000 rw-p 00000000 00:00 0 
7fabd1180000-7fabd11a2000 r-xp 00000000 08:04 59733                      /lib/x86_64-linux-gnu/ld-2.15.so
7fabd11c3000-7fabd11cd000 rw-p 00000000 00:00 0 
7fabd11cd000-7fabd1283000 rw-p 00000000 00:00 0 
7fabd1283000-7fabd1286000 ---p 00000000 00:00 0 
7fabd1286000-7fabd1389000 rw-p 00000000 00:00 0 
7fabd1396000-7fabd139e000 rw-s 00000000 08:04 67029                      /tmp/hsperfdata_rgcrocha/5619
7fabd139e000-7fabd139f000 rw-p 00000000 00:00 0 
7fabd139f000-7fabd13a0000 r--p 00000000 00:00 0 
7fabd13a0000-7fabd13a2000 rw-p 00000000 00:00 0 
7fabd13a2000-7fabd13a3000 r--p 00022000 08:04 59733                      /lib/x86_64-linux-gnu/ld-2.15.so
7fabd13a3000-7fabd13a5000 rw-p 00023000 08:04 59733                      /lib/x86_64-linux-gnu/ld-2.15.so
7fff16058000-7fff16079000 rw-p 00000000 00:00 0                          [stack]
7fff161ff000-7fff16200000 r-xp 00000000 00:00 0                          [vdso]
ffffffffff600000-ffffffffff601000 r-xp 00000000 00:00 0                  [vsyscall]

VM Arguments:
jvm_args: -Dfile.encoding=UTF-8 -Xbootclasspath:/home/rgcrocha/development/adt-bundle-linux/sdk/platforms/android-10/android.jar 
java_command: br.com.developer.examples.PostSubject
Launcher Type: SUN_STANDARD

Environment Variables:
PATH=/usr/local/sbin:/usr/local/bin:/usr/sbin:/usr/bin:/sbin:/bin:/usr/games
LD_LIBRARY_PATH=/usr/lib/jvm/java-6-openjdk-amd64/jre/lib/amd64/server:/usr/lib/jvm/java-6-openjdk-amd64/jre/lib/amd64:/usr/lib/jvm/java-6-openjdk-amd64/jre/../lib/amd64
SHELL=/bin/bash
DISPLAY=:0

Signal Handlers:
SIGSEGV: [libjvm.so+0x7852e0], sa_mask[0]=0x7ffbfeff, sa_flags=0x10000004
SIGBUS: [libjvm.so+0x7852e0], sa_mask[0]=0x7ffbfeff, sa_flags=0x10000004
SIGFPE: [libjvm.so+0x648d40], sa_mask[0]=0x7ffbfeff, sa_flags=0x10000004
SIGPIPE: [libjvm.so+0x648d40], sa_mask[0]=0x7ffbfeff, sa_flags=0x10000004
SIGXFSZ: [libjvm.so+0x648d40], sa_mask[0]=0x7ffbfeff, sa_flags=0x10000004
SIGILL: [libjvm.so+0x648d40], sa_mask[0]=0x7ffbfeff, sa_flags=0x10000004
SIGUSR1: SIG_DFL, sa_mask[0]=0x00000000, sa_flags=0x00000000
SIGUSR2: [libjvm.so+0x648ef0], sa_mask[0]=0x00000004, sa_flags=0x10000004
SIGHUP: SIG_DFL, sa_mask[0]=0x00000000, sa_flags=0x00000000
SIGINT: SIG_DFL, sa_mask[0]=0x00000000, sa_flags=0x00000000
SIGTERM: SIG_DFL, sa_mask[0]=0x00000000, sa_flags=0x00000000
SIGQUIT: SIG_DFL, sa_mask[0]=0x00000000, sa_flags=0x00000000


---------------  S Y S T E M  ---------------

OS:Ubuntu 12.04 (precise)
uname:Linux 3.2.0-29-generic #46-Ubuntu SMP Fri Jul 27 17:03:23 UTC 2012 x86_64
libc:glibc 2.15 NPTL 2.15 
rlimit: STACK 8192k, CORE 0k, NPROC 62595, NOFILE 4096, AS infinity
load average:0.13 0.40 0.46

/proc/meminfo:
MemTotal:        8036696 kB
MemFree:         3516124 kB
Buffers:          380604 kB
Cached:          1320644 kB
SwapCached:            0 kB
Active:          2940116 kB
Inactive:         999020 kB
Active(anon):    2257852 kB
Inactive(anon):   150336 kB
Active(file):     682264 kB
Inactive(file):   848684 kB
Unevictable:           0 kB
Mlocked:               0 kB
SwapTotal:      14749996 kB
SwapFree:       14749996 kB
Dirty:               964 kB
Writeback:             0 kB
AnonPages:       2237876 kB
Mapped:           267156 kB
Shmem:            170300 kB
Slab:             414064 kB
SReclaimable:     370412 kB
SUnreclaim:        43652 kB
KernelStack:        3688 kB
PageTables:        35372 kB
NFS_Unstable:          0 kB
Bounce:                0 kB
WritebackTmp:          0 kB
CommitLimit:    18768344 kB
Committed_AS:    4089020 kB
VmallocTotal:   34359738367 kB
VmallocUsed:      376284 kB
VmallocChunk:   34359338600 kB
HardwareCorrupted:     0 kB
AnonHugePages:         0 kB
HugePages_Total:       0
HugePages_Free:        0
HugePages_Rsvd:        0
HugePages_Surp:        0
Hugepagesize:       2048 kB
DirectMap4k:       63488 kB
DirectMap2M:     8232960 kB


CPU:total 4 (2 cores per cpu, 2 threads per core) family 6 model 58 stepping 9, cmov, cx8, fxsr, mmx, sse, sse2, sse3, ssse3, sse4.1, sse4.2, popcnt, ht

Memory: 4k page, physical 8036696k(3516124k free), swap 14749996k(14749996k free)

vm_info: OpenJDK 64-Bit Server VM (20.0-b12) for linux-amd64 JRE (1.6.0_24-b24), built on Oct 24 2012 16:17:28 by "buildd" with gcc 4.6.3

time: Tue Feb  5 19:33:55 2013
elapsed time: 0 seconds

