#
# A fatal error has been detected by the Java Runtime Environment:
#
#  Internal Error (javaClasses.cpp:129), pid=5672, tid=3062590272
#  fatal error: Invalid layout of preloaded class
#
# JRE version: 7.0_21-b11
# Java VM: Java HotSpot(TM) Server VM (23.21-b01 mixed mode linux-x86 )
# Failed to write core dump. Core dumps have been disabled. To enable core dumping, try "ulimit -c unlimited" before starting Java again
#
# If you would like to submit a bug report, please visit:
#   http://bugreport.sun.com/bugreport/crash.jsp
#

---------------  T H R E A D  ---------------

Current thread (0xb6706800):  JavaThread "Unknown thread" [_thread_in_vm, id=5688, stack(0xb6866000,0xb68b7000)]

Stack: [0xb6866000,0xb68b7000],  sp=0xb68b5d90,  free space=319k
Native frames: (J=compiled Java code, j=interpreted, Vv=VM code, C=native code)
V  [libjvm.so+0x722359]  VMError::report_and_die()+0x199
V  [libjvm.so+0x2e946c]  report_fatal(char const*, int, char const*)+0x4c
V  [libjvm.so+0x416f80]  compute_offset(int&, klassOopDesc*, Symbol*, Symbol*, bool)+0x110
V  [libjvm.so+0x41b514]  java_lang_String::compute_offsets()+0x44
V  [libjvm.so+0x6b7695]  SystemDictionary::initialize_preloaded_classes(Thread*)+0x225
V  [libjvm.so+0x6ff198]  Universe::genesis(Thread*)+0x3f8
V  [libjvm.so+0x6ff60f]  universe2_init()+0x1f
V  [libjvm.so+0x3dd1b0]  init_globals()+0xa0
V  [libjvm.so+0x6e6b89]  Threads::create_vm(JavaVMInitArgs*, bool*)+0x1f9
V  [libjvm.so+0x424afc]  JNI_CreateJavaVM+0x5c
C  [libjli.so+0x2668]  JavaMain+0x98
C  [libpthread.so.0+0x6d4c]  start_thread+0xcc


---------------  P R O C E S S  ---------------

Java Threads: ( => current thread )

Other Threads:

=>0xb6706800 (exited) JavaThread "Unknown thread" [_thread_in_vm, id=5688, stack(0xb6866000,0xb68b7000)]

VM state:not at safepoint (not fully initialized)

VM Mutex/Monitor currently owned by a thread: None

GC Heap History (0 events):
No events

Deoptimization events (0 events):
No events

Internal exceptions (0 events):
No events

Events (10 events):
Event: 0.137 loading class 0xb6734530 done
Event: 0.138 loading class 0xb6733e70 done
Event: 0.138 loading class 0xb6733e48
Event: 0.138 loading class 0xb6753ce0
Event: 0.138 loading class 0xb6753ce0 done
Event: 0.138 loading class 0xb6753d18
Event: 0.138 loading class 0xb6753d18 done
Event: 0.138 loading class 0xb6753d50
Event: 0.138 loading class 0xb6753d50 done
Event: 0.138 loading class 0xb6733e48 done


Dynamic libraries:
08048000-08049000 r-xp 00000000 08:07 3683613    /usr/lib/jvm/java-7-oracle/bin/java
08049000-0804a000 rw-p 00000000 08:07 3683613    /usr/lib/jvm/java-7-oracle/bin/java
09d28000-09d49000 rw-p 00000000 00:00 0          [heap]
70058000-70250000 rw-p 00000000 00:00 0 
70250000-70315000 r--s 0115c000 08:07 2267213    /opt/android-sdk-linux/platforms/android-17/android.jar
70315000-72d00000 rw-p 00000000 00:00 0 
72d00000-72d21000 rw-p 00000000 00:00 0 
72d21000-72e00000 ---p 00000000 00:00 0 
72e7f000-72e80000 ---p 00000000 00:00 0 
72e80000-72f00000 rw-p 00000000 00:00 0 
72f00000-72f21000 rw-p 00000000 00:00 0 
72f21000-73000000 ---p 00000000 00:00 0 
7307f000-73080000 ---p 00000000 00:00 0 
73080000-73100000 rw-p 00000000 00:00 0 
73100000-73121000 rw-p 00000000 00:00 0 
73121000-73200000 ---p 00000000 00:00 0 
7327f000-73280000 ---p 00000000 00:00 0 
73280000-73300000 rw-p 00000000 00:00 0 
73300000-73321000 rw-p 00000000 00:00 0 
73321000-73400000 ---p 00000000 00:00 0 
7342f000-73430000 ---p 00000000 00:00 0 
73430000-734b8000 rw-p 00000000 00:00 0 
734b8000-734d0000 rw-p 00000000 00:00 0 
734d0000-734e4000 rw-p 00000000 00:00 0 
734e4000-73610000 rw-p 00000000 00:00 0 
73610000-73618000 rw-p 00000000 00:00 0 
73618000-73630000 rw-p 00000000 00:00 0 
73630000-73644000 rw-p 00000000 00:00 0 
73644000-7376f000 rw-p 00000000 00:00 0 
7376f000-7377a000 rw-p 00000000 00:00 0 
7377a000-7380f000 rw-p 00000000 00:00 0 
7380f000-74810000 rw-p 00000000 00:00 0 
74810000-77810000 rw-p 00000000 00:00 0 
77810000-79ff0000 rw-p 00000000 00:00 0 
79ff0000-9f6c0000 rw-p 00000000 00:00 0 
9f6c0000-a0ab0000 rw-p 00000000 00:00 0 
a0ab0000-b3610000 rw-p 00000000 00:00 0 
b3619000-b3622000 rw-p 00000000 00:00 0 
b3622000-b36d9000 rw-p 00000000 00:00 0 
b36d9000-b3919000 rwxp 00000000 00:00 0 
b3919000-b66d9000 rw-p 00000000 00:00 0 
b66d9000-b66e4000 r-xp 00000000 08:07 275498     /lib/i386-linux-gnu/libnss_files-2.15.so
b66e4000-b66e5000 r--p 0000a000 08:07 275498     /lib/i386-linux-gnu/libnss_files-2.15.so
b66e5000-b66e6000 rw-p 0000b000 08:07 275498     /lib/i386-linux-gnu/libnss_files-2.15.so
b66e6000-b66fc000 r-xp 00000000 08:07 275554     /lib/i386-linux-gnu/libnsl-2.15.so
b66fc000-b66fd000 r--p 00015000 08:07 275554     /lib/i386-linux-gnu/libnsl-2.15.so
b66fd000-b66fe000 rw-p 00016000 08:07 275554     /lib/i386-linux-gnu/libnsl-2.15.so
b66fe000-b6700000 rw-p 00000000 00:00 0 
b6700000-b6765000 rw-p 00000000 00:00 0 
b6765000-b6800000 ---p 00000000 00:00 0 
b680b000-b6815000 r-xp 00000000 08:07 275506     /lib/i386-linux-gnu/libnss_nis-2.15.so
b6815000-b6816000 r--p 00009000 08:07 275506     /lib/i386-linux-gnu/libnss_nis-2.15.so
b6816000-b6817000 rw-p 0000a000 08:07 275506     /lib/i386-linux-gnu/libnss_nis-2.15.so
b6817000-b681e000 r-xp 00000000 08:07 275496     /lib/i386-linux-gnu/libnss_compat-2.15.so
b681e000-b681f000 r--p 00006000 08:07 275496     /lib/i386-linux-gnu/libnss_compat-2.15.so
b681f000-b6820000 rw-p 00007000 08:07 275496     /lib/i386-linux-gnu/libnss_compat-2.15.so
b6821000-b6838000 r-xp 00000000 08:07 3683407    /usr/lib/jvm/java-7-oracle/jre/lib/i386/libzip.so
b6838000-b6839000 rw-p 00017000 08:07 3683407    /usr/lib/jvm/java-7-oracle/jre/lib/i386/libzip.so
b6839000-b685c000 r-xp 00000000 08:07 3683438    /usr/lib/jvm/java-7-oracle/jre/lib/i386/libjava.so
b685c000-b685d000 rw-p 00023000 08:07 3683438    /usr/lib/jvm/java-7-oracle/jre/lib/i386/libjava.so
b685d000-b6864000 r-xp 00000000 08:07 275505     /lib/i386-linux-gnu/librt-2.15.so
b6864000-b6865000 r--p 00006000 08:07 275505     /lib/i386-linux-gnu/librt-2.15.so
b6865000-b6866000 rw-p 00007000 08:07 275505     /lib/i386-linux-gnu/librt-2.15.so
b6866000-b6869000 ---p 00000000 00:00 0 
b6869000-b68b7000 rw-p 00000000 00:00 0 
b68b7000-b68e1000 r-xp 00000000 08:07 275544     /lib/i386-linux-gnu/libm-2.15.so
b68e1000-b68e2000 r--p 00029000 08:07 275544     /lib/i386-linux-gnu/libm-2.15.so
b68e2000-b68e3000 rw-p 0002a000 08:07 275544     /lib/i386-linux-gnu/libm-2.15.so
b68e3000-b709e000 r-xp 00000000 08:07 3683450    /usr/lib/jvm/java-7-oracle/jre/lib/i386/server/libjvm.so
b709e000-b70f0000 rw-p 007bb000 08:07 3683450    /usr/lib/jvm/java-7-oracle/jre/lib/i386/server/libjvm.so
b70f0000-b7513000 rw-p 00000000 00:00 0 
b7513000-b76b6000 r-xp 00000000 08:07 275491     /lib/i386-linux-gnu/libc-2.15.so
b76b6000-b76b7000 ---p 001a3000 08:07 275491     /lib/i386-linux-gnu/libc-2.15.so
b76b7000-b76b9000 r--p 001a3000 08:07 275491     /lib/i386-linux-gnu/libc-2.15.so
b76b9000-b76ba000 rw-p 001a5000 08:07 275491     /lib/i386-linux-gnu/libc-2.15.so
b76ba000-b76bd000 rw-p 00000000 00:00 0 
b76bd000-b76c0000 r-xp 00000000 08:07 275548     /lib/i386-linux-gnu/libdl-2.15.so
b76c0000-b76c1000 r--p 00002000 08:07 275548     /lib/i386-linux-gnu/libdl-2.15.so
b76c1000-b76c2000 rw-p 00003000 08:07 275548     /lib/i386-linux-gnu/libdl-2.15.so
b76c2000-b76d5000 r-xp 00000000 08:07 3683393    /usr/lib/jvm/java-7-oracle/jre/lib/i386/jli/libjli.so
b76d5000-b76d6000 rw-p 00012000 08:07 3683393    /usr/lib/jvm/java-7-oracle/jre/lib/i386/jli/libjli.so
b76d6000-b76d7000 rw-p 00000000 00:00 0 
b76d7000-b76ee000 r-xp 00000000 08:07 275542     /lib/i386-linux-gnu/libpthread-2.15.so
b76ee000-b76ef000 r--p 00016000 08:07 275542     /lib/i386-linux-gnu/libpthread-2.15.so
b76ef000-b76f0000 rw-p 00017000 08:07 275542     /lib/i386-linux-gnu/libpthread-2.15.so
b76f0000-b76f3000 rw-p 00000000 00:00 0 
b76f3000-b76f5000 rw-p 00000000 00:00 0 
b76f5000-b76fd000 rw-s 00000000 08:07 5383401    /tmp/hsperfdata_thiago/5672
b76fd000-b76fe000 rw-p 00000000 00:00 0 
b76fe000-b76ff000 r--p 00000000 00:00 0 
b76ff000-b770a000 r-xp 00000000 08:07 3683401    /usr/lib/jvm/java-7-oracle/jre/lib/i386/libverify.so
b770a000-b770b000 rw-p 0000b000 08:07 3683401    /usr/lib/jvm/java-7-oracle/jre/lib/i386/libverify.so
b770b000-b770d000 rw-p 00000000 00:00 0 
b770d000-b770e000 r-xp 00000000 00:00 0          [vdso]
b770e000-b772e000 r-xp 00000000 08:07 275545     /lib/i386-linux-gnu/ld-2.15.so
b772e000-b772f000 r--p 0001f000 08:07 275545     /lib/i386-linux-gnu/ld-2.15.so
b772f000-b7730000 rw-p 00020000 08:07 275545     /lib/i386-linux-gnu/ld-2.15.so
bfd45000-bfd66000 rw-p 00000000 00:00 0          [stack]

VM Arguments:
jvm_args: -Dfile.encoding=UTF-8 -Xbootclasspath:/opt/android-sdk-linux/platforms/android-17/android.jar 
java_command: br.com.developer.redu.exemplosRodrigo.viewFoldersFiles
Launcher Type: SUN_STANDARD

Environment Variables:
PATH=/usr/local/bin:/usr/bin:/bin:/usr/games
USERNAME=thiago
LD_LIBRARY_PATH=/usr/lib/jvm/java-7-oracle/jre/lib/i386/server:/usr/lib/jvm/java-7-oracle/jre/lib/i386:/usr/lib/jvm/java-7-oracle/jre/../lib/i386:/usr/lib/jvm/java-7-oracle/jre/lib/i386/client:/usr/lib/jvm/java-7-oracle/jre/lib/i386:
SHELL=/bin/bash
DISPLAY=:0.0

Signal Handlers:
SIGSEGV: [libjvm.so+0x722ea0], sa_mask[0]=0x7ffbfeff, sa_flags=0x10000004
SIGBUS: [libjvm.so+0x722ea0], sa_mask[0]=0x7ffbfeff, sa_flags=0x10000004
SIGFPE: [libjvm.so+0x5dbc80], sa_mask[0]=0x7ffbfeff, sa_flags=0x10000004
SIGPIPE: [libjvm.so+0x5dbc80], sa_mask[0]=0x7ffbfeff, sa_flags=0x10000004
SIGXFSZ: [libjvm.so+0x5dbc80], sa_mask[0]=0x7ffbfeff, sa_flags=0x10000004
SIGILL: [libjvm.so+0x5dbc80], sa_mask[0]=0x7ffbfeff, sa_flags=0x10000004
SIGUSR1: SIG_DFL, sa_mask[0]=0x00000000, sa_flags=0x00000000
SIGUSR2: [libjvm.so+0x5db560], sa_mask[0]=0x00000004, sa_flags=0x10000004
SIGHUP: SIG_DFL, sa_mask[0]=0x00000000, sa_flags=0x00000000
SIGINT: SIG_DFL, sa_mask[0]=0x00000000, sa_flags=0x00000000
SIGTERM: SIG_DFL, sa_mask[0]=0x00000000, sa_flags=0x00000000
SIGQUIT: SIG_DFL, sa_mask[0]=0x00000000, sa_flags=0x00000000


---------------  S Y S T E M  ---------------

OS:wheezy/sid

uname:Linux 3.2.0-40-generic-pae #64-Ubuntu SMP Mon Mar 25 21:44:41 UTC 2013 i686
libc:glibc 2.15 NPTL 2.15 
rlimit: STACK 8192k, CORE 0k, NPROC 30481, NOFILE 4096, AS infinity
load average:0.09 0.23 0.37

/proc/meminfo:
MemTotal:        3916296 kB
MemFree:          283820 kB
Buffers:           24048 kB
Cached:           626524 kB
SwapCached:       173340 kB
Active:          2575276 kB
Inactive:         932992 kB
Active(anon):    2431540 kB
Inactive(anon):   783288 kB
Active(file):     143736 kB
Inactive(file):   149704 kB
Unevictable:          16 kB
Mlocked:              16 kB
HighTotal:       3074220 kB
HighFree:          69280 kB
LowTotal:         842076 kB
LowFree:          214540 kB
SwapTotal:       5341180 kB
SwapFree:        2333308 kB
Dirty:               120 kB
Writeback:             0 kB
AnonPages:       2696428 kB
Mapped:           146072 kB
Shmem:            356788 kB
Slab:              62828 kB
SReclaimable:      33284 kB
SUnreclaim:        29544 kB
KernelStack:        5520 kB
PageTables:        29480 kB
NFS_Unstable:          0 kB
Bounce:                0 kB
WritebackTmp:          0 kB
CommitLimit:     7299328 kB
Committed_AS:   10769124 kB
VmallocTotal:     122880 kB
VmallocUsed:       19128 kB
VmallocChunk:      97972 kB
HardwareCorrupted:     0 kB
AnonHugePages:         0 kB
HugePages_Total:       0
HugePages_Free:        0
HugePages_Rsvd:        0
HugePages_Surp:        0
Hugepagesize:       2048 kB
DirectMap4k:       10232 kB
DirectMap2M:      903168 kB


CPU:total 4 (2 cores per cpu, 2 threads per core) family 6 model 37 stepping 2, cmov, cx8, fxsr, mmx, sse, sse2, sse3, ssse3, sse4.1, sse4.2, popcnt, ht, tsc, tscinvbit

/proc/cpuinfo:
processor	: 0
vendor_id	: GenuineIntel
cpu family	: 6
model		: 37
model name	: Intel(R) Core(TM) i5 CPU       M 520  @ 2.40GHz
stepping	: 2
microcode	: 0x9
cpu MHz		: 1999.000
cache size	: 3072 KB
physical id	: 0
siblings	: 4
core id		: 0
cpu cores	: 2
apicid		: 0
initial apicid	: 0
fdiv_bug	: no
hlt_bug		: no
f00f_bug	: no
coma_bug	: no
fpu		: yes
fpu_exception	: yes
cpuid level	: 11
wp		: yes
flags		: fpu vme de pse tsc msr pae mce cx8 apic sep mtrr pge mca cmov pat pse36 clflush dts acpi mmx fxsr sse sse2 ss ht tm pbe nx rdtscp lm constant_tsc arch_perfmon pebs bts xtopology nonstop_tsc aperfmperf pni pclmulqdq dtes64 monitor ds_cpl vmx smx est tm2 ssse3 cx16 xtpr pdcm sse4_1 sse4_2 popcnt aes lahf_lm ida arat dtherm tpr_shadow vnmi flexpriority ept vpid
bogomips	: 4788.18
clflush size	: 64
cache_alignment	: 64
address sizes	: 36 bits physical, 48 bits virtual
power management:

processor	: 1
vendor_id	: GenuineIntel
cpu family	: 6
model		: 37
model name	: Intel(R) Core(TM) i5 CPU       M 520  @ 2.40GHz
stepping	: 2
microcode	: 0x9
cpu MHz		: 1199.000
cache size	: 3072 KB
physical id	: 0
siblings	: 4
core id		: 0
cpu cores	: 2
apicid		: 1
initial apicid	: 1
fdiv_bug	: no
hlt_bug		: no
f00f_bug	: no
coma_bug	: no
fpu		: yes
fpu_exception	: yes
cpuid level	: 11
wp		: yes
flags		: fpu vme de pse tsc msr pae mce cx8 apic sep mtrr pge mca cmov pat pse36 clflush dts acpi mmx fxsr sse sse2 ss ht tm pbe nx rdtscp lm constant_tsc arch_perfmon pebs bts xtopology nonstop_tsc aperfmperf pni pclmulqdq dtes64 monitor ds_cpl vmx smx est tm2 ssse3 cx16 xtpr pdcm sse4_1 sse4_2 popcnt aes lahf_lm ida arat dtherm tpr_shadow vnmi flexpriority ept vpid
bogomips	: 4787.88
clflush size	: 64
cache_alignment	: 64
address sizes	: 36 bits physical, 48 bits virtual
power management:

processor	: 2
vendor_id	: GenuineIntel
cpu family	: 6
model		: 37
model name	: Intel(R) Core(TM) i5 CPU       M 520  @ 2.40GHz
stepping	: 2
microcode	: 0x9
cpu MHz		: 1199.000
cache size	: 3072 KB
physical id	: 0
siblings	: 4
core id		: 2
cpu cores	: 2
apicid		: 4
initial apicid	: 4
fdiv_bug	: no
hlt_bug		: no
f00f_bug	: no
coma_bug	: no
fpu		: yes
fpu_exception	: yes
cpuid level	: 11
wp		: yes
flags		: fpu vme de pse tsc msr pae mce cx8 apic sep mtrr pge mca cmov pat pse36 clflush dts acpi mmx fxsr sse sse2 ss ht tm pbe nx rdtscp lm constant_tsc arch_perfmon pebs bts xtopology nonstop_tsc aperfmperf pni pclmulqdq dtes64 monitor ds_cpl vmx smx est tm2 ssse3 cx16 xtpr pdcm sse4_1 sse4_2 popcnt aes lahf_lm ida arat dtherm tpr_shadow vnmi flexpriority ept vpid
bogomips	: 4787.89
clflush size	: 64
cache_alignment	: 64
address sizes	: 36 bits physical, 48 bits virtual
power management:

processor	: 3
vendor_id	: GenuineIntel
cpu family	: 6
model		: 37
model name	: Intel(R) Core(TM) i5 CPU       M 520  @ 2.40GHz
stepping	: 2
microcode	: 0x9
cpu MHz		: 1199.000
cache size	: 3072 KB
physical id	: 0
siblings	: 4
core id		: 2
cpu cores	: 2
apicid		: 5
initial apicid	: 5
fdiv_bug	: no
hlt_bug		: no
f00f_bug	: no
coma_bug	: no
fpu		: yes
fpu_exception	: yes
cpuid level	: 11
wp		: yes
flags		: fpu vme de pse tsc msr pae mce cx8 apic sep mtrr pge mca cmov pat pse36 clflush dts acpi mmx fxsr sse sse2 ss ht tm pbe nx rdtscp lm constant_tsc arch_perfmon pebs bts xtopology nonstop_tsc aperfmperf pni pclmulqdq dtes64 monitor ds_cpl vmx smx est tm2 ssse3 cx16 xtpr pdcm sse4_1 sse4_2 popcnt aes lahf_lm ida arat dtherm tpr_shadow vnmi flexpriority ept vpid
bogomips	: 4787.89
clflush size	: 64
cache_alignment	: 64
address sizes	: 36 bits physical, 48 bits virtual
power management:



Memory: 4k page, physical 3916296k(283820k free), swap 5341180k(2333308k free)

vm_info: Java HotSpot(TM) Server VM (23.21-b01) for linux-x86 JRE (1.7.0_21-b11), built on Apr  4 2013 04:20:11 by "java_re" with gcc 4.3.0 20080428 (Red Hat 4.3.0-8)

time: Thu Apr 25 20:16:42 2013
elapsed time: 0 seconds

