#
# A fatal error has been detected by the Java Runtime Environment:
#
#  Internal Error (javaClasses.cpp:129), pid=31510, tid=3063302976
#  fatal error: Invalid layout of preloaded class
#
# JRE version: 7.0_21-b11
# Java VM: Java HotSpot(TM) Server VM (23.21-b01 mixed mode linux-x86 )
# Failed to write core dump. Core dumps have been disabled. To enable core dumping, try "ulimit -c unlimited" before starting Java again
#
# If you would like to submit a bug report, please visit:
#   http://bugreport.sun.com/bugreport/crash.jsp
#

---------------  T H R E A D  ---------------

Current thread (0xb6808000):  JavaThread "Unknown thread" [_thread_in_vm, id=31525, stack(0xb6914000,0xb6965000)]

Stack: [0xb6914000,0xb6965000],  sp=0xb6963d90,  free space=319k
Native frames: (J=compiled Java code, j=interpreted, Vv=VM code, C=native code)
V  [libjvm.so+0x722359]  VMError::report_and_die()+0x199
V  [libjvm.so+0x2e946c]  report_fatal(char const*, int, char const*)+0x4c
V  [libjvm.so+0x416f80]  compute_offset(int&, klassOopDesc*, Symbol*, Symbol*, bool)+0x110
V  [libjvm.so+0x41b514]  java_lang_String::compute_offsets()+0x44
V  [libjvm.so+0x6b7695]  SystemDictionary::initialize_preloaded_classes(Thread*)+0x225
V  [libjvm.so+0x6ff198]  Universe::genesis(Thread*)+0x3f8
V  [libjvm.so+0x6ff60f]  universe2_init()+0x1f
V  [libjvm.so+0x3dd1b0]  init_globals()+0xa0
V  [libjvm.so+0x6e6b89]  Threads::create_vm(JavaVMInitArgs*, bool*)+0x1f9
V  [libjvm.so+0x424afc]  JNI_CreateJavaVM+0x5c
C  [libjli.so+0x2668]  JavaMain+0x98
C  [libpthread.so.0+0x6d4c]  start_thread+0xcc


---------------  P R O C E S S  ---------------

Java Threads: ( => current thread )

Other Threads:

=>0xb6808000 (exited) JavaThread "Unknown thread" [_thread_in_vm, id=31525, stack(0xb6914000,0xb6965000)]

VM state:not at safepoint (not fully initialized)

VM Mutex/Monitor currently owned by a thread: None

GC Heap History (0 events):
No events

Deoptimization events (0 events):
No events

Internal exceptions (0 events):
No events

Events (10 events):
Event: 0.150 loading class 0xb6835db0 done
Event: 0.151 loading class 0xb68356f0 done
Event: 0.151 loading class 0xb68356c8
Event: 0.151 loading class 0xb6855560
Event: 0.151 loading class 0xb6855560 done
Event: 0.151 loading class 0xb6855598
Event: 0.151 loading class 0xb6855598 done
Event: 0.151 loading class 0xb68555d0
Event: 0.151 loading class 0xb68555d0 done
Event: 0.152 loading class 0xb68356c8 done


Dynamic libraries:
08048000-08049000 r-xp 00000000 08:07 3683613    /usr/lib/jvm/java-7-oracle/bin/java
08049000-0804a000 rw-p 00000000 08:07 3683613    /usr/lib/jvm/java-7-oracle/bin/java
08cc1000-08ce2000 rw-p 00000000 00:00 0          [heap]
6ff58000-70150000 rw-p 00000000 00:00 0 
70150000-70215000 r--s 0115c000 08:07 2267213    /opt/android-sdk-linux/platforms/android-17/android.jar
70215000-72c00000 rw-p 00000000 00:00 0 
72c00000-72c21000 rw-p 00000000 00:00 0 
72c21000-72d00000 ---p 00000000 00:00 0 
72d7f000-72d80000 ---p 00000000 00:00 0 
72d80000-72e00000 rw-p 00000000 00:00 0 
72e00000-72e21000 rw-p 00000000 00:00 0 
72e21000-72f00000 ---p 00000000 00:00 0 
72f00000-72f21000 rw-p 00000000 00:00 0 
72f21000-73000000 ---p 00000000 00:00 0 
7307f000-73080000 ---p 00000000 00:00 0 
73080000-73100000 rw-p 00000000 00:00 0 
73100000-73121000 rw-p 00000000 00:00 0 
73121000-73200000 ---p 00000000 00:00 0 
7321e000-7321f000 ---p 00000000 00:00 0 
7321f000-7329f000 rw-p 00000000 00:00 0 
7329f000-732a0000 ---p 00000000 00:00 0 
732a0000-73328000 rw-p 00000000 00:00 0 
73328000-73340000 rw-p 00000000 00:00 0 
73340000-73354000 rw-p 00000000 00:00 0 
73354000-73480000 rw-p 00000000 00:00 0 
73480000-73488000 rw-p 00000000 00:00 0 
73488000-734a0000 rw-p 00000000 00:00 0 
734a0000-734b4000 rw-p 00000000 00:00 0 
734b4000-735df000 rw-p 00000000 00:00 0 
735df000-735ea000 rw-p 00000000 00:00 0 
735ea000-7367f000 rw-p 00000000 00:00 0 
7367f000-74680000 rw-p 00000000 00:00 0 
74680000-77680000 rw-p 00000000 00:00 0 
77680000-79e60000 rw-p 00000000 00:00 0 
79e60000-9f530000 rw-p 00000000 00:00 0 
9f530000-a0920000 rw-p 00000000 00:00 0 
a0920000-b3480000 rw-p 00000000 00:00 0 
b348f000-b3498000 rw-p 00000000 00:00 0 
b3498000-b354f000 rw-p 00000000 00:00 0 
b354f000-b378f000 rwxp 00000000 00:00 0 
b378f000-b654f000 rw-p 00000000 00:00 0 
b654f000-b655a000 r-xp 00000000 08:07 275309     /lib/i386-linux-gnu/libnss_files-2.15.so
b655a000-b655b000 r--p 0000a000 08:07 275309     /lib/i386-linux-gnu/libnss_files-2.15.so
b655b000-b655c000 rw-p 0000b000 08:07 275309     /lib/i386-linux-gnu/libnss_files-2.15.so
b655c000-b6566000 r-xp 00000000 08:07 275314     /lib/i386-linux-gnu/libnss_nis-2.15.so
b6566000-b6567000 r--p 00009000 08:07 275314     /lib/i386-linux-gnu/libnss_nis-2.15.so
b6567000-b6568000 rw-p 0000a000 08:07 275314     /lib/i386-linux-gnu/libnss_nis-2.15.so
b6568000-b657e000 r-xp 00000000 08:07 275333     /lib/i386-linux-gnu/libnsl-2.15.so
b657e000-b657f000 r--p 00015000 08:07 275333     /lib/i386-linux-gnu/libnsl-2.15.so
b657f000-b6580000 rw-p 00016000 08:07 275333     /lib/i386-linux-gnu/libnsl-2.15.so
b6580000-b6582000 rw-p 00000000 00:00 0 
b6582000-b6589000 r-xp 00000000 08:07 275306     /lib/i386-linux-gnu/libnss_compat-2.15.so
b6589000-b658a000 r--p 00006000 08:07 275306     /lib/i386-linux-gnu/libnss_compat-2.15.so
b658a000-b658b000 rw-p 00007000 08:07 275306     /lib/i386-linux-gnu/libnss_compat-2.15.so
b658c000-b65a3000 r-xp 00000000 08:07 3683407    /usr/lib/jvm/java-7-oracle/jre/lib/i386/libzip.so
b65a3000-b65a4000 rw-p 00017000 08:07 3683407    /usr/lib/jvm/java-7-oracle/jre/lib/i386/libzip.so
b65a4000-b67a4000 r--p 00000000 08:07 3415102    /usr/lib/locale/locale-archive
b67a4000-b67db000 r-xp 00000000 08:07 3683447    /usr/lib/jvm/java-7-oracle/jre/lib/i386/libjdwp.so
b67db000-b67dc000 rw-p 00037000 08:07 3683447    /usr/lib/jvm/java-7-oracle/jre/lib/i386/libjdwp.so
b67dc000-b67ff000 r-xp 00000000 08:07 3683438    /usr/lib/jvm/java-7-oracle/jre/lib/i386/libjava.so
b67ff000-b6800000 rw-p 00023000 08:07 3683438    /usr/lib/jvm/java-7-oracle/jre/lib/i386/libjava.so
b6800000-b6867000 rw-p 00000000 00:00 0 
b6867000-b6900000 ---p 00000000 00:00 0 
b6903000-b690b000 rw-s 00000000 08:07 5381962    /tmp/hsperfdata_thiago/31510
b690b000-b6912000 r-xp 00000000 08:07 275313     /lib/i386-linux-gnu/librt-2.15.so
b6912000-b6913000 r--p 00006000 08:07 275313     /lib/i386-linux-gnu/librt-2.15.so
b6913000-b6914000 rw-p 00007000 08:07 275313     /lib/i386-linux-gnu/librt-2.15.so
b6914000-b6917000 ---p 00000000 00:00 0 
b6917000-b6965000 rw-p 00000000 00:00 0 
b6965000-b698f000 r-xp 00000000 08:07 275324     /lib/i386-linux-gnu/libm-2.15.so
b698f000-b6990000 r--p 00029000 08:07 275324     /lib/i386-linux-gnu/libm-2.15.so
b6990000-b6991000 rw-p 0002a000 08:07 275324     /lib/i386-linux-gnu/libm-2.15.so
b6991000-b714c000 r-xp 00000000 08:07 3683450    /usr/lib/jvm/java-7-oracle/jre/lib/i386/server/libjvm.so
b714c000-b719e000 rw-p 007bb000 08:07 3683450    /usr/lib/jvm/java-7-oracle/jre/lib/i386/server/libjvm.so
b719e000-b75c1000 rw-p 00000000 00:00 0 
b75c1000-b7764000 r-xp 00000000 08:07 275303     /lib/i386-linux-gnu/libc-2.15.so
b7764000-b7766000 r--p 001a3000 08:07 275303     /lib/i386-linux-gnu/libc-2.15.so
b7766000-b7767000 rw-p 001a5000 08:07 275303     /lib/i386-linux-gnu/libc-2.15.so
b7767000-b776a000 rw-p 00000000 00:00 0 
b776a000-b776d000 r-xp 00000000 08:07 275328     /lib/i386-linux-gnu/libdl-2.15.so
b776d000-b776e000 r--p 00002000 08:07 275328     /lib/i386-linux-gnu/libdl-2.15.so
b776e000-b776f000 rw-p 00003000 08:07 275328     /lib/i386-linux-gnu/libdl-2.15.so
b776f000-b7782000 r-xp 00000000 08:07 3683393    /usr/lib/jvm/java-7-oracle/jre/lib/i386/jli/libjli.so
b7782000-b7783000 rw-p 00012000 08:07 3683393    /usr/lib/jvm/java-7-oracle/jre/lib/i386/jli/libjli.so
b7783000-b7784000 rw-p 00000000 00:00 0 
b7784000-b779b000 r-xp 00000000 08:07 275322     /lib/i386-linux-gnu/libpthread-2.15.so
b779b000-b779c000 r--p 00016000 08:07 275322     /lib/i386-linux-gnu/libpthread-2.15.so
b779c000-b779d000 rw-p 00017000 08:07 275322     /lib/i386-linux-gnu/libpthread-2.15.so
b779d000-b779f000 rw-p 00000000 00:00 0 
b77a3000-b77a6000 rw-p 00000000 00:00 0 
b77a6000-b77a7000 r--p 005e0000 08:07 3415102    /usr/lib/locale/locale-archive
b77a7000-b77a9000 r-xp 00000000 08:07 3683411    /usr/lib/jvm/java-7-oracle/jre/lib/i386/libnpt.so
b77a9000-b77aa000 rw-p 00002000 08:07 3683411    /usr/lib/jvm/java-7-oracle/jre/lib/i386/libnpt.so
b77aa000-b77ab000 rw-p 00000000 00:00 0 
b77ab000-b77ac000 r--p 00000000 00:00 0 
b77ac000-b77b7000 r-xp 00000000 08:07 3683401    /usr/lib/jvm/java-7-oracle/jre/lib/i386/libverify.so
b77b7000-b77b8000 rw-p 0000b000 08:07 3683401    /usr/lib/jvm/java-7-oracle/jre/lib/i386/libverify.so
b77b8000-b77ba000 rw-p 00000000 00:00 0 
b77ba000-b77bb000 r-xp 00000000 00:00 0          [vdso]
b77bb000-b77db000 r-xp 00000000 08:07 275325     /lib/i386-linux-gnu/ld-2.15.so
b77db000-b77dc000 r--p 0001f000 08:07 275325     /lib/i386-linux-gnu/ld-2.15.so
b77dc000-b77dd000 rw-p 00020000 08:07 275325     /lib/i386-linux-gnu/ld-2.15.so
bfd05000-bfd26000 rw-p 00000000 00:00 0          [stack]

VM Arguments:
jvm_args: -agentlib:jdwp=transport=dt_socket,suspend=y,address=localhost:42236 -Dfile.encoding=UTF-8 -Xbootclasspath:/opt/android-sdk-linux/platforms/android-17/android.jar 
java_command: br.com.developer.redu.exemplosRodrigo.viewFoldersFiles
Launcher Type: SUN_STANDARD

Environment Variables:
PATH=/usr/local/bin:/usr/bin:/bin:/usr/games
USERNAME=thiago
LD_LIBRARY_PATH=/usr/lib/jvm/java-7-oracle/jre/lib/i386/server:/usr/lib/jvm/java-7-oracle/jre/lib/i386:/usr/lib/jvm/java-7-oracle/jre/../lib/i386:/usr/lib/jvm/java-7-oracle/jre/lib/i386/client:/usr/lib/jvm/java-7-oracle/jre/lib/i386:
SHELL=/bin/bash
DISPLAY=:0.0

Signal Handlers:
SIGSEGV: [libjvm.so+0x722ea0], sa_mask[0]=0x7ffbfeff, sa_flags=0x10000004
SIGBUS: [libjvm.so+0x722ea0], sa_mask[0]=0x7ffbfeff, sa_flags=0x10000004
SIGFPE: [libjvm.so+0x5dbc80], sa_mask[0]=0x7ffbfeff, sa_flags=0x10000004
SIGPIPE: [libjvm.so+0x5dbc80], sa_mask[0]=0x7ffbfeff, sa_flags=0x10000004
SIGXFSZ: [libjvm.so+0x5dbc80], sa_mask[0]=0x7ffbfeff, sa_flags=0x10000004
SIGILL: [libjvm.so+0x5dbc80], sa_mask[0]=0x7ffbfeff, sa_flags=0x10000004
SIGUSR1: SIG_DFL, sa_mask[0]=0x00000000, sa_flags=0x00000000
SIGUSR2: [libjvm.so+0x5db560], sa_mask[0]=0x00000004, sa_flags=0x10000004
SIGHUP: SIG_DFL, sa_mask[0]=0x00000000, sa_flags=0x00000000
SIGINT: SIG_DFL, sa_mask[0]=0x00000000, sa_flags=0x00000000
SIGTERM: SIG_DFL, sa_mask[0]=0x00000000, sa_flags=0x00000000
SIGQUIT: SIG_DFL, sa_mask[0]=0x00000000, sa_flags=0x00000000


---------------  S Y S T E M  ---------------

OS:wheezy/sid

uname:Linux 3.2.0-44-generic-pae #69-Ubuntu SMP Thu May 16 18:50:07 UTC 2013 i686
libc:glibc 2.15 NPTL 2.15 
rlimit: STACK 8192k, CORE 0k, NPROC 30481, NOFILE 4096, AS infinity
load average:0.19 0.18 0.18

/proc/meminfo:
MemTotal:        3916284 kB
MemFree:          347496 kB
Buffers:          320788 kB
Cached:          1067076 kB
SwapCached:         1332 kB
Active:          2265272 kB
Inactive:        1054196 kB
Active(anon):    1707432 kB
Inactive(anon):   481892 kB
Active(file):     557840 kB
Inactive(file):   572304 kB
Unevictable:          16 kB
Mlocked:              16 kB
HighTotal:       3074220 kB
HighFree:          94124 kB
LowTotal:         842064 kB
LowFree:          253372 kB
SwapTotal:       5341180 kB
SwapFree:        5317776 kB
Dirty:                72 kB
Writeback:             0 kB
AnonPages:       1930832 kB
Mapped:           229088 kB
Shmem:            257368 kB
Slab:             193952 kB
SReclaimable:     168204 kB
SUnreclaim:        25748 kB
KernelStack:        5072 kB
PageTables:        23116 kB
NFS_Unstable:          0 kB
Bounce:                0 kB
WritebackTmp:          0 kB
CommitLimit:     7299320 kB
Committed_AS:    6379076 kB
VmallocTotal:     122880 kB
VmallocUsed:       19224 kB
VmallocChunk:      98808 kB
HardwareCorrupted:     0 kB
AnonHugePages:         0 kB
HugePages_Total:       0
HugePages_Free:        0
HugePages_Rsvd:        0
HugePages_Surp:        0
Hugepagesize:       2048 kB
DirectMap4k:       10232 kB
DirectMap2M:      903168 kB


CPU:total 4 (2 cores per cpu, 2 threads per core) family 6 model 37 stepping 2, cmov, cx8, fxsr, mmx, sse, sse2, sse3, ssse3, sse4.1, sse4.2, popcnt, ht, tsc, tscinvbit

/proc/cpuinfo:
processor	: 0
vendor_id	: GenuineIntel
cpu family	: 6
model		: 37
model name	: Intel(R) Core(TM) i5 CPU       M 520  @ 2.40GHz
stepping	: 2
microcode	: 0x9
cpu MHz		: 1333.000
cache size	: 3072 KB
physical id	: 0
siblings	: 4
core id		: 0
cpu cores	: 2
apicid		: 0
initial apicid	: 0
fdiv_bug	: no
hlt_bug		: no
f00f_bug	: no
coma_bug	: no
fpu		: yes
fpu_exception	: yes
cpuid level	: 11
wp		: yes
flags		: fpu vme de pse tsc msr pae mce cx8 apic sep mtrr pge mca cmov pat pse36 clflush dts acpi mmx fxsr sse sse2 ss ht tm pbe nx rdtscp lm constant_tsc arch_perfmon pebs bts xtopology nonstop_tsc aperfmperf pni pclmulqdq dtes64 monitor ds_cpl vmx smx est tm2 ssse3 cx16 xtpr pdcm sse4_1 sse4_2 popcnt aes lahf_lm ida arat dtherm tpr_shadow vnmi flexpriority ept vpid
bogomips	: 4788.29
clflush size	: 64
cache_alignment	: 64
address sizes	: 36 bits physical, 48 bits virtual
power management:

processor	: 1
vendor_id	: GenuineIntel
cpu family	: 6
model		: 37
model name	: Intel(R) Core(TM) i5 CPU       M 520  @ 2.40GHz
stepping	: 2
microcode	: 0x9
cpu MHz		: 1199.000
cache size	: 3072 KB
physical id	: 0
siblings	: 4
core id		: 0
cpu cores	: 2
apicid		: 1
initial apicid	: 1
fdiv_bug	: no
hlt_bug		: no
f00f_bug	: no
coma_bug	: no
fpu		: yes
fpu_exception	: yes
cpuid level	: 11
wp		: yes
flags		: fpu vme de pse tsc msr pae mce cx8 apic sep mtrr pge mca cmov pat pse36 clflush dts acpi mmx fxsr sse sse2 ss ht tm pbe nx rdtscp lm constant_tsc arch_perfmon pebs bts xtopology nonstop_tsc aperfmperf pni pclmulqdq dtes64 monitor ds_cpl vmx smx est tm2 ssse3 cx16 xtpr pdcm sse4_1 sse4_2 popcnt aes lahf_lm ida arat dtherm tpr_shadow vnmi flexpriority ept vpid
bogomips	: 4787.87
clflush size	: 64
cache_alignment	: 64
address sizes	: 36 bits physical, 48 bits virtual
power management:

processor	: 2
vendor_id	: GenuineIntel
cpu family	: 6
model		: 37
model name	: Intel(R) Core(TM) i5 CPU       M 520  @ 2.40GHz
stepping	: 2
microcode	: 0x9
cpu MHz		: 1199.000
cache size	: 3072 KB
physical id	: 0
siblings	: 4
core id		: 2
cpu cores	: 2
apicid		: 4
initial apicid	: 4
fdiv_bug	: no
hlt_bug		: no
f00f_bug	: no
coma_bug	: no
fpu		: yes
fpu_exception	: yes
cpuid level	: 11
wp		: yes
flags		: fpu vme de pse tsc msr pae mce cx8 apic sep mtrr pge mca cmov pat pse36 clflush dts acpi mmx fxsr sse sse2 ss ht tm pbe nx rdtscp lm constant_tsc arch_perfmon pebs bts xtopology nonstop_tsc aperfmperf pni pclmulqdq dtes64 monitor ds_cpl vmx smx est tm2 ssse3 cx16 xtpr pdcm sse4_1 sse4_2 popcnt aes lahf_lm ida arat dtherm tpr_shadow vnmi flexpriority ept vpid
bogomips	: 4787.89
clflush size	: 64
cache_alignment	: 64
address sizes	: 36 bits physical, 48 bits virtual
power management:

processor	: 3
vendor_id	: GenuineIntel
cpu family	: 6
model		: 37
model name	: Intel(R) Core(TM) i5 CPU       M 520  @ 2.40GHz
stepping	: 2
microcode	: 0x9
cpu MHz		: 1199.000
cache size	: 3072 KB
physical id	: 0
siblings	: 4
core id		: 2
cpu cores	: 2
apicid		: 5
initial apicid	: 5
fdiv_bug	: no
hlt_bug		: no
f00f_bug	: no
coma_bug	: no
fpu		: yes
fpu_exception	: yes
cpuid level	: 11
wp		: yes
flags		: fpu vme de pse tsc msr pae mce cx8 apic sep mtrr pge mca cmov pat pse36 clflush dts acpi mmx fxsr sse sse2 ss ht tm pbe nx rdtscp lm constant_tsc arch_perfmon pebs bts xtopology nonstop_tsc aperfmperf pni pclmulqdq dtes64 monitor ds_cpl vmx smx est tm2 ssse3 cx16 xtpr pdcm sse4_1 sse4_2 popcnt aes lahf_lm ida arat dtherm tpr_shadow vnmi flexpriority ept vpid
bogomips	: 4787.89
clflush size	: 64
cache_alignment	: 64
address sizes	: 36 bits physical, 48 bits virtual
power management:



Memory: 4k page, physical 3916284k(347496k free), swap 5341180k(5317776k free)

vm_info: Java HotSpot(TM) Server VM (23.21-b01) for linux-x86 JRE (1.7.0_21-b11), built on Apr  4 2013 04:20:11 by "java_re" with gcc 4.3.0 20080428 (Red Hat 4.3.0-8)

time: Mon May 27 13:23:11 2013
elapsed time: 0 seconds

