#
# A fatal error has been detected by the Java Runtime Environment:
#
#  Internal Error (javaClasses.cpp:129), pid=12351, tid=3062750016
#  fatal error: Invalid layout of preloaded class
#
# JRE version: 7.0_15-b03
# Java VM: Java HotSpot(TM) Server VM (23.7-b01 mixed mode linux-x86 )
# Failed to write core dump. Core dumps have been disabled. To enable core dumping, try "ulimit -c unlimited" before starting Java again
#
# If you would like to submit a bug report, please visit:
#   http://bugreport.sun.com/bugreport/crash.jsp
#

---------------  T H R E A D  ---------------

Current thread (0xb6706800):  JavaThread "Unknown thread" [_thread_in_vm, id=12365, stack(0xb688d000,0xb68de000)]

Stack: [0xb688d000,0xb68de000],  sp=0xb68dcd90,  free space=319k
Native frames: (J=compiled Java code, j=interpreted, Vv=VM code, C=native code)
V  [libjvm.so+0x720449]  VMError::report_and_die()+0x199
V  [libjvm.so+0x2e8d4c]  report_fatal(char const*, int, char const*)+0x4c
V  [libjvm.so+0x416860]  compute_offset(int&, klassOopDesc*, Symbol*, Symbol*, bool)+0x110
V  [libjvm.so+0x41adf4]  java_lang_String::compute_offsets()+0x44
V  [libjvm.so+0x6b5735]  SystemDictionary::initialize_preloaded_classes(Thread*)+0x225
V  [libjvm.so+0x6fd238]  Universe::genesis(Thread*)+0x3f8
V  [libjvm.so+0x6fd6af]  universe2_init()+0x1f
V  [libjvm.so+0x3dca90]  init_globals()+0xa0
V  [libjvm.so+0x6e4c29]  Threads::create_vm(JavaVMInitArgs*, bool*)+0x1f9
V  [libjvm.so+0x4243dc]  JNI_CreateJavaVM+0x5c
C  [libjli.so+0x2668]  JavaMain+0x98
C  [libpthread.so.0+0x6d4c]  start_thread+0xcc


---------------  P R O C E S S  ---------------

Java Threads: ( => current thread )

Other Threads:

=>0xb6706800 (exited) JavaThread "Unknown thread" [_thread_in_vm, id=12365, stack(0xb688d000,0xb68de000)]

VM state:not at safepoint (not fully initialized)

VM Mutex/Monitor currently owned by a thread: None

GC Heap History (0 events):
No events

Deoptimization events (0 events):
No events

Internal exceptions (0 events):
No events

Events (10 events):
Event: 0.065 loading class 0xb6734530 done
Event: 0.066 loading class 0xb6733e70 done
Event: 0.066 loading class 0xb6733e48
Event: 0.066 loading class 0xb6753ce0
Event: 0.066 loading class 0xb6753ce0 done
Event: 0.066 loading class 0xb6753d18
Event: 0.066 loading class 0xb6753d18 done
Event: 0.066 loading class 0xb6753d50
Event: 0.066 loading class 0xb6753d50 done
Event: 0.066 loading class 0xb6733e48 done


Dynamic libraries:
08048000-08049000 r-xp 00000000 08:07 3683611    /usr/lib/jvm/java-7-oracle/bin/java
08049000-0804a000 rw-p 00000000 08:07 3683611    /usr/lib/jvm/java-7-oracle/bin/java
091ba000-091db000 rw-p 00000000 00:00 0          [heap]
70058000-70250000 rw-p 00000000 00:00 0 
70250000-70315000 r--s 0115c000 08:07 2267213    /opt/android-sdk-linux/platforms/android-17/android.jar
70315000-72d00000 rw-p 00000000 00:00 0 
72d00000-72d21000 rw-p 00000000 00:00 0 
72d21000-72e00000 ---p 00000000 00:00 0 
72e7f000-72e80000 ---p 00000000 00:00 0 
72e80000-72f00000 rw-p 00000000 00:00 0 
72f00000-72f21000 rw-p 00000000 00:00 0 
72f21000-73000000 ---p 00000000 00:00 0 
7307f000-73080000 ---p 00000000 00:00 0 
73080000-73100000 rw-p 00000000 00:00 0 
73100000-73121000 rw-p 00000000 00:00 0 
73121000-73200000 ---p 00000000 00:00 0 
7327f000-73280000 ---p 00000000 00:00 0 
73280000-73300000 rw-p 00000000 00:00 0 
73300000-73321000 rw-p 00000000 00:00 0 
73321000-73400000 ---p 00000000 00:00 0 
7345f000-73460000 ---p 00000000 00:00 0 
73460000-734e8000 rw-p 00000000 00:00 0 
734e8000-73500000 rw-p 00000000 00:00 0 
73500000-73514000 rw-p 00000000 00:00 0 
73514000-73640000 rw-p 00000000 00:00 0 
73640000-73648000 rw-p 00000000 00:00 0 
73648000-73660000 rw-p 00000000 00:00 0 
73660000-73674000 rw-p 00000000 00:00 0 
73674000-7379f000 rw-p 00000000 00:00 0 
7379f000-737aa000 rw-p 00000000 00:00 0 
737aa000-7383f000 rw-p 00000000 00:00 0 
7383f000-74840000 rw-p 00000000 00:00 0 
74840000-77840000 rw-p 00000000 00:00 0 
77840000-7a020000 rw-p 00000000 00:00 0 
7a020000-9f6f0000 rw-p 00000000 00:00 0 
9f6f0000-a0ae0000 rw-p 00000000 00:00 0 
a0ae0000-b3640000 rw-p 00000000 00:00 0 
b3640000-b3649000 rw-p 00000000 00:00 0 
b3649000-b3700000 rw-p 00000000 00:00 0 
b3700000-b3940000 rwxp 00000000 00:00 0 
b3940000-b6765000 rw-p 00000000 00:00 0 
b6765000-b6800000 ---p 00000000 00:00 0 
b680b000-b6816000 r-xp 00000000 08:07 275498     /lib/i386-linux-gnu/libnss_files-2.15.so
b6816000-b6817000 r--p 0000a000 08:07 275498     /lib/i386-linux-gnu/libnss_files-2.15.so
b6817000-b6818000 rw-p 0000b000 08:07 275498     /lib/i386-linux-gnu/libnss_files-2.15.so
b6818000-b6822000 r-xp 00000000 08:07 275506     /lib/i386-linux-gnu/libnss_nis-2.15.so
b6822000-b6823000 r--p 00009000 08:07 275506     /lib/i386-linux-gnu/libnss_nis-2.15.so
b6823000-b6824000 rw-p 0000a000 08:07 275506     /lib/i386-linux-gnu/libnss_nis-2.15.so
b6824000-b683a000 r-xp 00000000 08:07 275554     /lib/i386-linux-gnu/libnsl-2.15.so
b683a000-b683b000 r--p 00015000 08:07 275554     /lib/i386-linux-gnu/libnsl-2.15.so
b683b000-b683c000 rw-p 00016000 08:07 275554     /lib/i386-linux-gnu/libnsl-2.15.so
b683c000-b683e000 rw-p 00000000 00:00 0 
b683e000-b6845000 r-xp 00000000 08:07 275496     /lib/i386-linux-gnu/libnss_compat-2.15.so
b6845000-b6846000 r--p 00006000 08:07 275496     /lib/i386-linux-gnu/libnss_compat-2.15.so
b6846000-b6847000 rw-p 00007000 08:07 275496     /lib/i386-linux-gnu/libnss_compat-2.15.so
b6848000-b685f000 r-xp 00000000 08:07 3683420    /usr/lib/jvm/java-7-oracle/jre/lib/i386/libzip.so
b685f000-b6860000 rw-p 00017000 08:07 3683420    /usr/lib/jvm/java-7-oracle/jre/lib/i386/libzip.so
b6860000-b6883000 r-xp 00000000 08:07 3683445    /usr/lib/jvm/java-7-oracle/jre/lib/i386/libjava.so
b6883000-b6884000 rw-p 00023000 08:07 3683445    /usr/lib/jvm/java-7-oracle/jre/lib/i386/libjava.so
b6884000-b688b000 r-xp 00000000 08:07 275505     /lib/i386-linux-gnu/librt-2.15.so
b688b000-b688c000 r--p 00006000 08:07 275505     /lib/i386-linux-gnu/librt-2.15.so
b688c000-b688d000 rw-p 00007000 08:07 275505     /lib/i386-linux-gnu/librt-2.15.so
b688d000-b6890000 ---p 00000000 00:00 0 
b6890000-b68de000 rw-p 00000000 00:00 0 
b68de000-b6908000 r-xp 00000000 08:07 275544     /lib/i386-linux-gnu/libm-2.15.so
b6908000-b6909000 r--p 00029000 08:07 275544     /lib/i386-linux-gnu/libm-2.15.so
b6909000-b690a000 rw-p 0002a000 08:07 275544     /lib/i386-linux-gnu/libm-2.15.so
b690a000-b70c3000 r-xp 00000000 08:07 3683457    /usr/lib/jvm/java-7-oracle/jre/lib/i386/server/libjvm.so
b70c3000-b7115000 rw-p 007b9000 08:07 3683457    /usr/lib/jvm/java-7-oracle/jre/lib/i386/server/libjvm.so
b7115000-b7538000 rw-p 00000000 00:00 0 
b7538000-b76db000 r-xp 00000000 08:07 275491     /lib/i386-linux-gnu/libc-2.15.so
b76db000-b76dc000 ---p 001a3000 08:07 275491     /lib/i386-linux-gnu/libc-2.15.so
b76dc000-b76de000 r--p 001a3000 08:07 275491     /lib/i386-linux-gnu/libc-2.15.so
b76de000-b76df000 rw-p 001a5000 08:07 275491     /lib/i386-linux-gnu/libc-2.15.so
b76df000-b76e2000 rw-p 00000000 00:00 0 
b76e2000-b76e5000 r-xp 00000000 08:07 275548     /lib/i386-linux-gnu/libdl-2.15.so
b76e5000-b76e6000 r--p 00002000 08:07 275548     /lib/i386-linux-gnu/libdl-2.15.so
b76e6000-b76e7000 rw-p 00003000 08:07 275548     /lib/i386-linux-gnu/libdl-2.15.so
b76e7000-b76fa000 r-xp 00000000 08:07 3683412    /usr/lib/jvm/java-7-oracle/jre/lib/i386/jli/libjli.so
b76fa000-b76fb000 rw-p 00012000 08:07 3683412    /usr/lib/jvm/java-7-oracle/jre/lib/i386/jli/libjli.so
b76fb000-b76fc000 rw-p 00000000 00:00 0 
b76fc000-b7713000 r-xp 00000000 08:07 275542     /lib/i386-linux-gnu/libpthread-2.15.so
b7713000-b7714000 r--p 00016000 08:07 275542     /lib/i386-linux-gnu/libpthread-2.15.so
b7714000-b7715000 rw-p 00017000 08:07 275542     /lib/i386-linux-gnu/libpthread-2.15.so
b7715000-b7718000 rw-p 00000000 00:00 0 
b7718000-b771a000 rw-p 00000000 00:00 0 
b771a000-b7722000 rw-s 00000000 08:07 5382082    /tmp/hsperfdata_thiago/12351
b7722000-b7723000 rw-p 00000000 00:00 0 
b7723000-b7724000 r--p 00000000 00:00 0 
b7724000-b772f000 r-xp 00000000 08:07 3683418    /usr/lib/jvm/java-7-oracle/jre/lib/i386/libverify.so
b772f000-b7730000 rw-p 0000b000 08:07 3683418    /usr/lib/jvm/java-7-oracle/jre/lib/i386/libverify.so
b7730000-b7732000 rw-p 00000000 00:00 0 
b7732000-b7733000 r-xp 00000000 00:00 0          [vdso]
b7733000-b7753000 r-xp 00000000 08:07 275545     /lib/i386-linux-gnu/ld-2.15.so
b7753000-b7754000 r--p 0001f000 08:07 275545     /lib/i386-linux-gnu/ld-2.15.so
b7754000-b7755000 rw-p 00020000 08:07 275545     /lib/i386-linux-gnu/ld-2.15.so
bf864000-bf885000 rw-p 00000000 00:00 0          [stack]

VM Arguments:
jvm_args: -Dfile.encoding=UTF-8 -Xbootclasspath:/opt/android-sdk-linux/platforms/android-17/android.jar 
java_command: br.com.developer.redu.exemplosRodrigo.viewFoldersFiles
Launcher Type: SUN_STANDARD

Environment Variables:
PATH=/usr/local/bin:/usr/bin:/bin:/usr/games
USERNAME=thiago
LD_LIBRARY_PATH=/usr/lib/jvm/java-7-oracle/jre/lib/i386/server:/usr/lib/jvm/java-7-oracle/jre/lib/i386:/usr/lib/jvm/java-7-oracle/jre/../lib/i386:/usr/lib/jvm/java-7-oracle/jre/lib/i386/client:/usr/lib/jvm/java-7-oracle/jre/lib/i386:
SHELL=/bin/bash
DISPLAY=:0.0

Signal Handlers:
SIGSEGV: [libjvm.so+0x720f90], sa_mask[0]=0x7ffbfeff, sa_flags=0x10000004
SIGBUS: [libjvm.so+0x720f90], sa_mask[0]=0x7ffbfeff, sa_flags=0x10000004
SIGFPE: [libjvm.so+0x5d9de0], sa_mask[0]=0x7ffbfeff, sa_flags=0x10000004
SIGPIPE: [libjvm.so+0x5d9de0], sa_mask[0]=0x7ffbfeff, sa_flags=0x10000004
SIGXFSZ: [libjvm.so+0x5d9de0], sa_mask[0]=0x7ffbfeff, sa_flags=0x10000004
SIGILL: [libjvm.so+0x5d9de0], sa_mask[0]=0x7ffbfeff, sa_flags=0x10000004
SIGUSR1: SIG_DFL, sa_mask[0]=0x00000000, sa_flags=0x00000000
SIGUSR2: [libjvm.so+0x5d96c0], sa_mask[0]=0x00000004, sa_flags=0x10000004
SIGHUP: SIG_DFL, sa_mask[0]=0x00000000, sa_flags=0x00000000
SIGINT: SIG_DFL, sa_mask[0]=0x00000000, sa_flags=0x00000000
SIGTERM: SIG_DFL, sa_mask[0]=0x00000000, sa_flags=0x00000000
SIGQUIT: SIG_DFL, sa_mask[0]=0x00000000, sa_flags=0x00000000


---------------  S Y S T E M  ---------------

OS:wheezy/sid

uname:Linux 3.2.0-38-generic-pae #61-Ubuntu SMP Tue Feb 19 12:39:51 UTC 2013 i686
libc:glibc 2.15 NPTL 2.15 
rlimit: STACK 8192k, CORE 0k, NPROC 30482, NOFILE 4096, AS infinity
load average:0.48 0.30 0.29

/proc/meminfo:
MemTotal:        3916300 kB
MemFree:          234024 kB
Buffers:          119328 kB
Cached:           543256 kB
SwapCached:        25228 kB
Active:          2557060 kB
Inactive:         922480 kB
Active(anon):    2347480 kB
Inactive(anon):   698848 kB
Active(file):     209580 kB
Inactive(file):   223632 kB
Unevictable:          16 kB
Mlocked:              16 kB
HighTotal:       3074220 kB
HighFree:          38244 kB
LowTotal:         842080 kB
LowFree:          195780 kB
SwapTotal:       5341180 kB
SwapFree:        4787772 kB
Dirty:                96 kB
Writeback:             0 kB
AnonPages:       2797792 kB
Mapped:           136384 kB
Shmem:            229200 kB
Slab:             145916 kB
SReclaimable:     119400 kB
SUnreclaim:        26516 kB
KernelStack:        5168 kB
PageTables:        25328 kB
NFS_Unstable:          0 kB
Bounce:                0 kB
WritebackTmp:          0 kB
CommitLimit:     7299328 kB
Committed_AS:    8115184 kB
VmallocTotal:     122880 kB
VmallocUsed:       19296 kB
VmallocChunk:     100020 kB
HardwareCorrupted:     0 kB
AnonHugePages:         0 kB
HugePages_Total:       0
HugePages_Free:        0
HugePages_Rsvd:        0
HugePages_Surp:        0
Hugepagesize:       2048 kB
DirectMap4k:       10232 kB
DirectMap2M:      903168 kB


CPU:total 4 (2 cores per cpu, 2 threads per core) family 6 model 37 stepping 2, cmov, cx8, fxsr, mmx, sse, sse2, sse3, ssse3, sse4.1, sse4.2, popcnt, ht, tsc, tscinvbit

/proc/cpuinfo:
processor	: 0
vendor_id	: GenuineIntel
cpu family	: 6
model		: 37
model name	: Intel(R) Core(TM) i5 CPU       M 520  @ 2.40GHz
stepping	: 2
microcode	: 0x9
cpu MHz		: 1199.000
cache size	: 3072 KB
physical id	: 0
siblings	: 4
core id		: 0
cpu cores	: 2
apicid		: 0
initial apicid	: 0
fdiv_bug	: no
hlt_bug		: no
f00f_bug	: no
coma_bug	: no
fpu		: yes
fpu_exception	: yes
cpuid level	: 11
wp		: yes
flags		: fpu vme de pse tsc msr pae mce cx8 apic sep mtrr pge mca cmov pat pse36 clflush dts acpi mmx fxsr sse sse2 ss ht tm pbe nx rdtscp lm constant_tsc arch_perfmon pebs bts xtopology nonstop_tsc aperfmperf pni pclmulqdq dtes64 monitor ds_cpl vmx smx est tm2 ssse3 cx16 xtpr pdcm sse4_1 sse4_2 popcnt aes lahf_lm ida arat dtherm tpr_shadow vnmi flexpriority ept vpid
bogomips	: 4788.41
clflush size	: 64
cache_alignment	: 64
address sizes	: 36 bits physical, 48 bits virtual
power management:

processor	: 1
vendor_id	: GenuineIntel
cpu family	: 6
model		: 37
model name	: Intel(R) Core(TM) i5 CPU       M 520  @ 2.40GHz
stepping	: 2
microcode	: 0x9
cpu MHz		: 2400.000
cache size	: 3072 KB
physical id	: 0
siblings	: 4
core id		: 0
cpu cores	: 2
apicid		: 1
initial apicid	: 1
fdiv_bug	: no
hlt_bug		: no
f00f_bug	: no
coma_bug	: no
fpu		: yes
fpu_exception	: yes
cpuid level	: 11
wp		: yes
flags		: fpu vme de pse tsc msr pae mce cx8 apic sep mtrr pge mca cmov pat pse36 clflush dts acpi mmx fxsr sse sse2 ss ht tm pbe nx rdtscp lm constant_tsc arch_perfmon pebs bts xtopology nonstop_tsc aperfmperf pni pclmulqdq dtes64 monitor ds_cpl vmx smx est tm2 ssse3 cx16 xtpr pdcm sse4_1 sse4_2 popcnt aes lahf_lm ida arat dtherm tpr_shadow vnmi flexpriority ept vpid
bogomips	: 4787.87
clflush size	: 64
cache_alignment	: 64
address sizes	: 36 bits physical, 48 bits virtual
power management:

processor	: 2
vendor_id	: GenuineIntel
cpu family	: 6
model		: 37
model name	: Intel(R) Core(TM) i5 CPU       M 520  @ 2.40GHz
stepping	: 2
microcode	: 0x9
cpu MHz		: 1199.000
cache size	: 3072 KB
physical id	: 0
siblings	: 4
core id		: 2
cpu cores	: 2
apicid		: 4
initial apicid	: 4
fdiv_bug	: no
hlt_bug		: no
f00f_bug	: no
coma_bug	: no
fpu		: yes
fpu_exception	: yes
cpuid level	: 11
wp		: yes
flags		: fpu vme de pse tsc msr pae mce cx8 apic sep mtrr pge mca cmov pat pse36 clflush dts acpi mmx fxsr sse sse2 ss ht tm pbe nx rdtscp lm constant_tsc arch_perfmon pebs bts xtopology nonstop_tsc aperfmperf pni pclmulqdq dtes64 monitor ds_cpl vmx smx est tm2 ssse3 cx16 xtpr pdcm sse4_1 sse4_2 popcnt aes lahf_lm ida arat dtherm tpr_shadow vnmi flexpriority ept vpid
bogomips	: 4787.89
clflush size	: 64
cache_alignment	: 64
address sizes	: 36 bits physical, 48 bits virtual
power management:

processor	: 3
vendor_id	: GenuineIntel
cpu family	: 6
model		: 37
model name	: Intel(R) Core(TM) i5 CPU       M 520  @ 2.40GHz
stepping	: 2
microcode	: 0x9
cpu MHz		: 1199.000
cache size	: 3072 KB
physical id	: 0
siblings	: 4
core id		: 2
cpu cores	: 2
apicid		: 5
initial apicid	: 5
fdiv_bug	: no
hlt_bug		: no
f00f_bug	: no
coma_bug	: no
fpu		: yes
fpu_exception	: yes
cpuid level	: 11
wp		: yes
flags		: fpu vme de pse tsc msr pae mce cx8 apic sep mtrr pge mca cmov pat pse36 clflush dts acpi mmx fxsr sse sse2 ss ht tm pbe nx rdtscp lm constant_tsc arch_perfmon pebs bts xtopology nonstop_tsc aperfmperf pni pclmulqdq dtes64 monitor ds_cpl vmx smx est tm2 ssse3 cx16 xtpr pdcm sse4_1 sse4_2 popcnt aes lahf_lm ida arat dtherm tpr_shadow vnmi flexpriority ept vpid
bogomips	: 4787.88
clflush size	: 64
cache_alignment	: 64
address sizes	: 36 bits physical, 48 bits virtual
power management:



Memory: 4k page, physical 3916300k(234024k free), swap 5341180k(4787772k free)

vm_info: Java HotSpot(TM) Server VM (23.7-b01) for linux-x86 JRE (1.7.0_15-b03), built on Feb 15 2013 13:23:39 by "java_re" with gcc 4.3.0 20080428 (Red Hat 4.3.0-8)

time: Sun Apr  7 17:57:42 2013
elapsed time: 0 seconds

