#
# A fatal error has been detected by the Java Runtime Environment:
#
#  Internal Error (classFileParser.cpp:3494), pid=5771, tid=139995700041472
#  Error: ShouldNotReachHere()
#
# JRE version: 6.0_24-b24
# Java VM: OpenJDK 64-Bit Server VM (20.0-b12 mixed mode linux-amd64 compressed oops)
# Derivative: IcedTea6 1.11.5
# Distribution: Ubuntu 12.04 LTS, package 6b24-1.11.5-0ubuntu1~12.04.1
# If you would like to submit a bug report, please include
# instructions how to reproduce the bug and visit:
#   https://bugs.launchpad.net/ubuntu/+source/openjdk-6/
#

---------------  T H R E A D  ---------------

Current thread (0x00007f5340008000):  JavaThread "Unknown thread" [_thread_in_vm, id=5776, stack(0x00007f5349e89000,0x00007f5349f8a000)]

Stack: [0x00007f5349e89000,0x00007f5349f8a000],  sp=0x00007f5349f88080,  free space=1020k
Native frames: (J=compiled Java code, j=interpreted, Vv=VM code, C=native code)
V  [libjvm.so+0x7846a5]  VMError::report(outputStream*)+0x1255
V  [libjvm.so+0x784929]  VMError::report_and_die()+0x169
V  [libjvm.so+0x3bb5ea]  report_vm_error(char const*, int, char const*, char const*)+0x4a
V  [libjvm.so+0x351985]  ClassFileParser::parseClassFile(symbolHandle, Handle, Handle, KlassHandle, GrowableArray<Handle>*, symbolHandle&, bool, Thread*)+0x1545
V  [libjvm.so+0x355be3]  ClassLoader::load_classfile(symbolHandle, Thread*)+0x1f3
V  [libjvm.so+0x71c854]  SystemDictionary::load_instance_class(symbolHandle, Handle, Thread*)+0x354
V  [libjvm.so+0x71af60]  SystemDictionary::resolve_instance_class_or_null(symbolHandle, Handle, Handle, Thread*)+0x7c0
V  [libjvm.so+0x71cee3]  SystemDictionary::resolve_or_fail(symbolHandle, Handle, Handle, bool, Thread*)+0x33
V  [libjvm.so+0x71cfc4]  SystemDictionary::resolve_or_fail(symbolHandle, bool, Thread*)+0x14
V  [libjvm.so+0x71d070]  SystemDictionary::initialize_wk_klass(SystemDictionary::WKID, int, Thread*)+0xa0
V  [libjvm.so+0x71d0d9]  SystemDictionary::initialize_wk_klasses_until(SystemDictionary::WKID, SystemDictionary::WKID&, Thread*)+0x59
V  [libjvm.so+0x71d1d1]  SystemDictionary::initialize_preloaded_classes(Thread*)+0x71
V  [libjvm.so+0x760a5f]  Universe::genesis(Thread*)+0x11f
V  [libjvm.so+0x76140f]  universe2_init()+0x1f
V  [libjvm.so+0x474675]  init_globals()+0x95
V  [libjvm.so+0x74b38a]  Threads::create_vm(JavaVMInitArgs*, bool*)+0x1ea
V  [libjvm.so+0x4ce4d1]  JNI_CreateJavaVM+0x61
C  [java+0x317e]  JavaMain+0x7e


---------------  P R O C E S S  ---------------

Java Threads: ( => current thread )

Other Threads:

=>0x00007f5340008000 (exited) JavaThread "Unknown thread" [_thread_in_vm, id=5776, stack(0x00007f5349e89000,0x00007f5349f8a000)]

VM state:not at safepoint (not fully initialized)

VM Mutex/Monitor currently owned by a thread: None

Dynamic libraries:
00400000-00409000 r-xp 00000000 08:04 68846                              /usr/lib/jvm/java-6-openjdk-amd64/jre/bin/java
00608000-00609000 r--p 00008000 08:04 68846                              /usr/lib/jvm/java-6-openjdk-amd64/jre/bin/java
00609000-0060a000 rw-p 00009000 08:04 68846                              /usr/lib/jvm/java-6-openjdk-amd64/jre/bin/java
01dee000-01e0f000 rw-p 00000000 00:00 0                                  [heap]
77ae00000-77c2c0000 rw-p 00000000 00:00 0 
77c2c0000-785400000 rw-p 00000000 00:00 0 
785400000-78a5d0000 rw-p 00000000 00:00 0 
78a5d0000-7d7160000 rw-p 00000000 00:00 0 
7d7160000-7d9a40000 rw-p 00000000 00:00 0 
7d9a40000-800000000 rw-p 00000000 00:00 0 
7f5320000000-7f5320021000 rw-p 00000000 00:00 0 
7f5320021000-7f5324000000 ---p 00000000 00:00 0 
7f5328000000-7f5328021000 rw-p 00000000 00:00 0 
7f5328021000-7f532c000000 ---p 00000000 00:00 0 
7f5330000000-7f5330021000 rw-p 00000000 00:00 0 
7f5330021000-7f5334000000 ---p 00000000 00:00 0 
7f5338000000-7f5338021000 rw-p 00000000 00:00 0 
7f5338021000-7f533c000000 ---p 00000000 00:00 0 
7f533d000000-7f533d270000 rwxp 00000000 00:00 0 
7f533d270000-7f5340073000 rw-p 00000000 00:00 0 
7f5340073000-7f5344000000 ---p 00000000 00:00 0 
7f5346176000-7f53461ec000 r--s 00902000 08:05 345447                     /home/rgcrocha/development/adt-bundle-linux/sdk/platforms/android-10/android.jar
7f53461ec000-7f5346214000 rw-p 00000000 00:00 0 
7f5346214000-7f5346215000 ---p 00000000 00:00 0 
7f5346215000-7f5346315000 rw-p 00000000 00:00 0 
7f5346315000-7f5346316000 ---p 00000000 00:00 0 
7f5346316000-7f5346416000 rw-p 00000000 00:00 0 
7f5346416000-7f5346417000 ---p 00000000 00:00 0 
7f5346417000-7f5346517000 rw-p 00000000 00:00 0 
7f5346517000-7f5346518000 ---p 00000000 00:00 0 
7f5346518000-7f5346623000 rw-p 00000000 00:00 0 
7f5346623000-7f534666b000 rw-p 00000000 00:00 0 
7f534666b000-7f5346694000 rw-p 00000000 00:00 0 
7f5346694000-7f53468fa000 rw-p 00000000 00:00 0 
7f53468fa000-7f5346905000 rw-p 00000000 00:00 0 
7f5346905000-7f534694d000 rw-p 00000000 00:00 0 
7f534694d000-7f5346976000 rw-p 00000000 00:00 0 
7f5346976000-7f5346bdb000 rw-p 00000000 00:00 0 
7f5346bdb000-7f5346bf1000 rw-p 00000000 00:00 0 
7f5346bf1000-7f5346d23000 rw-p 00000000 00:00 0 
7f5346d23000-7f5346d24000 rw-p 00000000 00:00 0 
7f5346d24000-7f5346d2b000 r-xp 00000000 08:04 68822                      /usr/lib/jvm/java-6-openjdk-amd64/jre/lib/amd64/libzip.so
7f5346d2b000-7f5346f2a000 ---p 00007000 08:04 68822                      /usr/lib/jvm/java-6-openjdk-amd64/jre/lib/amd64/libzip.so
7f5346f2a000-7f5346f2b000 r--p 00006000 08:04 68822                      /usr/lib/jvm/java-6-openjdk-amd64/jre/lib/amd64/libzip.so
7f5346f2b000-7f5346f2c000 rw-p 00007000 08:04 68822                      /usr/lib/jvm/java-6-openjdk-amd64/jre/lib/amd64/libzip.so
7f5346f2c000-7f5346f38000 r-xp 00000000 08:04 59562                      /lib/x86_64-linux-gnu/libnss_files-2.15.so
7f5346f38000-7f5347137000 ---p 0000c000 08:04 59562                      /lib/x86_64-linux-gnu/libnss_files-2.15.so
7f5347137000-7f5347138000 r--p 0000b000 08:04 59562                      /lib/x86_64-linux-gnu/libnss_files-2.15.so
7f5347138000-7f5347139000 rw-p 0000c000 08:04 59562                      /lib/x86_64-linux-gnu/libnss_files-2.15.so
7f5347139000-7f5347143000 r-xp 00000000 08:04 32507                      /lib/x86_64-linux-gnu/libnss_nis-2.15.so
7f5347143000-7f5347343000 ---p 0000a000 08:04 32507                      /lib/x86_64-linux-gnu/libnss_nis-2.15.so
7f5347343000-7f5347344000 r--p 0000a000 08:04 32507                      /lib/x86_64-linux-gnu/libnss_nis-2.15.so
7f5347344000-7f5347345000 rw-p 0000b000 08:04 32507                      /lib/x86_64-linux-gnu/libnss_nis-2.15.so
7f5347345000-7f534735c000 r-xp 00000000 08:04 60619                      /lib/x86_64-linux-gnu/libnsl-2.15.so
7f534735c000-7f534755b000 ---p 00017000 08:04 60619                      /lib/x86_64-linux-gnu/libnsl-2.15.so
7f534755b000-7f534755c000 r--p 00016000 08:04 60619                      /lib/x86_64-linux-gnu/libnsl-2.15.so
7f534755c000-7f534755d000 rw-p 00017000 08:04 60619                      /lib/x86_64-linux-gnu/libnsl-2.15.so
7f534755d000-7f534755f000 rw-p 00000000 00:00 0 
7f534755f000-7f5347567000 r-xp 00000000 08:04 59564                      /lib/x86_64-linux-gnu/libnss_compat-2.15.so
7f5347567000-7f5347766000 ---p 00008000 08:04 59564                      /lib/x86_64-linux-gnu/libnss_compat-2.15.so
7f5347766000-7f5347767000 r--p 00007000 08:04 59564                      /lib/x86_64-linux-gnu/libnss_compat-2.15.so
7f5347767000-7f5347768000 rw-p 00008000 08:04 59564                      /lib/x86_64-linux-gnu/libnss_compat-2.15.so
7f5347768000-7f5347794000 r-xp 00000000 08:04 68802                      /usr/lib/jvm/java-6-openjdk-amd64/jre/lib/amd64/libjava.so
7f5347794000-7f5347993000 ---p 0002c000 08:04 68802                      /usr/lib/jvm/java-6-openjdk-amd64/jre/lib/amd64/libjava.so
7f5347993000-7f5347994000 r--p 0002b000 08:04 68802                      /usr/lib/jvm/java-6-openjdk-amd64/jre/lib/amd64/libjava.so
7f5347994000-7f5347997000 rw-p 0002c000 08:04 68802                      /usr/lib/jvm/java-6-openjdk-amd64/jre/lib/amd64/libjava.so
7f5347997000-7f53479a5000 r-xp 00000000 08:04 68813                      /usr/lib/jvm/java-6-openjdk-amd64/jre/lib/amd64/libverify.so
7f53479a5000-7f5347ba4000 ---p 0000e000 08:04 68813                      /usr/lib/jvm/java-6-openjdk-amd64/jre/lib/amd64/libverify.so
7f5347ba4000-7f5347ba6000 r--p 0000d000 08:04 68813                      /usr/lib/jvm/java-6-openjdk-amd64/jre/lib/amd64/libverify.so
7f5347ba6000-7f5347ba7000 rw-p 0000f000 08:04 68813                      /usr/lib/jvm/java-6-openjdk-amd64/jre/lib/amd64/libverify.so
7f5347ba7000-7f5347bae000 r-xp 00000000 08:04 20457                      /lib/x86_64-linux-gnu/librt-2.15.so
7f5347bae000-7f5347dad000 ---p 00007000 08:04 20457                      /lib/x86_64-linux-gnu/librt-2.15.so
7f5347dad000-7f5347dae000 r--p 00006000 08:04 20457                      /lib/x86_64-linux-gnu/librt-2.15.so
7f5347dae000-7f5347daf000 rw-p 00007000 08:04 20457                      /lib/x86_64-linux-gnu/librt-2.15.so
7f5347daf000-7f5347dc4000 r-xp 00000000 08:04 8363                       /lib/x86_64-linux-gnu/libgcc_s.so.1
7f5347dc4000-7f5347fc3000 ---p 00015000 08:04 8363                       /lib/x86_64-linux-gnu/libgcc_s.so.1
7f5347fc3000-7f5347fc4000 r--p 00014000 08:04 8363                       /lib/x86_64-linux-gnu/libgcc_s.so.1
7f5347fc4000-7f5347fc5000 rw-p 00015000 08:04 8363                       /lib/x86_64-linux-gnu/libgcc_s.so.1
7f5347fc5000-7f53480c0000 r-xp 00000000 08:04 53860                      /lib/x86_64-linux-gnu/libm-2.15.so
7f53480c0000-7f53482bf000 ---p 000fb000 08:04 53860                      /lib/x86_64-linux-gnu/libm-2.15.so
7f53482bf000-7f53482c0000 r--p 000fa000 08:04 53860                      /lib/x86_64-linux-gnu/libm-2.15.so
7f53482c0000-7f53482c1000 rw-p 000fb000 08:04 53860                      /lib/x86_64-linux-gnu/libm-2.15.so
7f53482c1000-7f53483a3000 r-xp 00000000 08:04 19150                      /usr/lib/x86_64-linux-gnu/libstdc++.so.6.0.16
7f53483a3000-7f53485a2000 ---p 000e2000 08:04 19150                      /usr/lib/x86_64-linux-gnu/libstdc++.so.6.0.16
7f53485a2000-7f53485aa000 r--p 000e1000 08:04 19150                      /usr/lib/x86_64-linux-gnu/libstdc++.so.6.0.16
7f53485aa000-7f53485ac000 rw-p 000e9000 08:04 19150                      /usr/lib/x86_64-linux-gnu/libstdc++.so.6.0.16
7f53485ac000-7f53485c1000 rw-p 00000000 00:00 0 
7f53485c1000-7f5348ec6000 r-xp 00000000 08:04 68798                      /usr/lib/jvm/java-6-openjdk-amd64/jre/lib/amd64/server/libjvm.so
7f5348ec6000-7f53490c6000 ---p 00905000 08:04 68798                      /usr/lib/jvm/java-6-openjdk-amd64/jre/lib/amd64/server/libjvm.so
7f53490c6000-7f5349146000 r--p 00905000 08:04 68798                      /usr/lib/jvm/java-6-openjdk-amd64/jre/lib/amd64/server/libjvm.so
7f5349146000-7f5349161000 rw-p 00985000 08:04 68798                      /usr/lib/jvm/java-6-openjdk-amd64/jre/lib/amd64/server/libjvm.so
7f5349161000-7f534918a000 rw-p 00000000 00:00 0 
7f534918a000-7f53491a0000 r-xp 00000000 08:04 8453                       /lib/x86_64-linux-gnu/libz.so.1.2.3.4
7f53491a0000-7f534939f000 ---p 00016000 08:04 8453                       /lib/x86_64-linux-gnu/libz.so.1.2.3.4
7f534939f000-7f53493a0000 r--p 00015000 08:04 8453                       /lib/x86_64-linux-gnu/libz.so.1.2.3.4
7f53493a0000-7f53493a1000 rw-p 00016000 08:04 8453                       /lib/x86_64-linux-gnu/libz.so.1.2.3.4
7f53493a1000-7f5349556000 r-xp 00000000 08:04 15164                      /lib/x86_64-linux-gnu/libc-2.15.so
7f5349556000-7f5349755000 ---p 001b5000 08:04 15164                      /lib/x86_64-linux-gnu/libc-2.15.so
7f5349755000-7f5349759000 r--p 001b4000 08:04 15164                      /lib/x86_64-linux-gnu/libc-2.15.so
7f5349759000-7f534975b000 rw-p 001b8000 08:04 15164                      /lib/x86_64-linux-gnu/libc-2.15.so
7f534975b000-7f5349760000 rw-p 00000000 00:00 0 
7f5349760000-7f5349762000 r-xp 00000000 08:04 15163                      /lib/x86_64-linux-gnu/libdl-2.15.so
7f5349762000-7f5349962000 ---p 00002000 08:04 15163                      /lib/x86_64-linux-gnu/libdl-2.15.so
7f5349962000-7f5349963000 r--p 00002000 08:04 15163                      /lib/x86_64-linux-gnu/libdl-2.15.so
7f5349963000-7f5349964000 rw-p 00003000 08:04 15163                      /lib/x86_64-linux-gnu/libdl-2.15.so
7f5349964000-7f5349968000 r-xp 00000000 08:04 68804                      /usr/lib/jvm/java-6-openjdk-amd64/jre/lib/amd64/jli/libjli.so
7f5349968000-7f5349b67000 ---p 00004000 08:04 68804                      /usr/lib/jvm/java-6-openjdk-amd64/jre/lib/amd64/jli/libjli.so
7f5349b67000-7f5349b68000 r--p 00003000 08:04 68804                      /usr/lib/jvm/java-6-openjdk-amd64/jre/lib/amd64/jli/libjli.so
7f5349b68000-7f5349b69000 rw-p 00004000 08:04 68804                      /usr/lib/jvm/java-6-openjdk-amd64/jre/lib/amd64/jli/libjli.so
7f5349b69000-7f5349b81000 r-xp 00000000 08:04 20435                      /lib/x86_64-linux-gnu/libpthread-2.15.so
7f5349b81000-7f5349d80000 ---p 00018000 08:04 20435                      /lib/x86_64-linux-gnu/libpthread-2.15.so
7f5349d80000-7f5349d81000 r--p 00017000 08:04 20435                      /lib/x86_64-linux-gnu/libpthread-2.15.so
7f5349d81000-7f5349d82000 rw-p 00018000 08:04 20435                      /lib/x86_64-linux-gnu/libpthread-2.15.so
7f5349d82000-7f5349d86000 rw-p 00000000 00:00 0 
7f5349d86000-7f5349da8000 r-xp 00000000 08:04 59733                      /lib/x86_64-linux-gnu/ld-2.15.so
7f5349dc9000-7f5349dd3000 rw-p 00000000 00:00 0 
7f5349dd3000-7f5349e89000 rw-p 00000000 00:00 0 
7f5349e89000-7f5349e8c000 ---p 00000000 00:00 0 
7f5349e8c000-7f5349f8f000 rw-p 00000000 00:00 0 
7f5349f9c000-7f5349fa4000 rw-s 00000000 08:04 69998                      /tmp/hsperfdata_rgcrocha/5771
7f5349fa4000-7f5349fa5000 rw-p 00000000 00:00 0 
7f5349fa5000-7f5349fa6000 r--p 00000000 00:00 0 
7f5349fa6000-7f5349fa8000 rw-p 00000000 00:00 0 
7f5349fa8000-7f5349fa9000 r--p 00022000 08:04 59733                      /lib/x86_64-linux-gnu/ld-2.15.so
7f5349fa9000-7f5349fab000 rw-p 00023000 08:04 59733                      /lib/x86_64-linux-gnu/ld-2.15.so
7fffe5962000-7fffe5983000 rw-p 00000000 00:00 0                          [stack]
7fffe59ff000-7fffe5a00000 r-xp 00000000 00:00 0                          [vdso]
ffffffffff600000-ffffffffff601000 r-xp 00000000 00:00 0                  [vsyscall]

VM Arguments:
jvm_args: -Dfile.encoding=UTF-8 -Xbootclasspath:/home/rgcrocha/development/adt-bundle-linux/sdk/platforms/android-10/android.jar 
java_command: br.com.developer.examples.PostSubject
Launcher Type: SUN_STANDARD

Environment Variables:
PATH=/usr/local/sbin:/usr/local/bin:/usr/sbin:/usr/bin:/sbin:/bin:/usr/games
LD_LIBRARY_PATH=/usr/lib/jvm/java-6-openjdk-amd64/jre/lib/amd64/server:/usr/lib/jvm/java-6-openjdk-amd64/jre/lib/amd64:/usr/lib/jvm/java-6-openjdk-amd64/jre/../lib/amd64
SHELL=/bin/bash
DISPLAY=:0

Signal Handlers:
SIGSEGV: [libjvm.so+0x7852e0], sa_mask[0]=0x7ffbfeff, sa_flags=0x10000004
SIGBUS: [libjvm.so+0x7852e0], sa_mask[0]=0x7ffbfeff, sa_flags=0x10000004
SIGFPE: [libjvm.so+0x648d40], sa_mask[0]=0x7ffbfeff, sa_flags=0x10000004
SIGPIPE: [libjvm.so+0x648d40], sa_mask[0]=0x7ffbfeff, sa_flags=0x10000004
SIGXFSZ: [libjvm.so+0x648d40], sa_mask[0]=0x7ffbfeff, sa_flags=0x10000004
SIGILL: [libjvm.so+0x648d40], sa_mask[0]=0x7ffbfeff, sa_flags=0x10000004
SIGUSR1: SIG_DFL, sa_mask[0]=0x00000000, sa_flags=0x00000000
SIGUSR2: [libjvm.so+0x648ef0], sa_mask[0]=0x00000004, sa_flags=0x10000004
SIGHUP: SIG_DFL, sa_mask[0]=0x00000000, sa_flags=0x00000000
SIGINT: SIG_DFL, sa_mask[0]=0x00000000, sa_flags=0x00000000
SIGTERM: SIG_DFL, sa_mask[0]=0x00000000, sa_flags=0x00000000
SIGQUIT: SIG_DFL, sa_mask[0]=0x00000000, sa_flags=0x00000000


---------------  S Y S T E M  ---------------

OS:Ubuntu 12.04 (precise)
uname:Linux 3.2.0-29-generic #46-Ubuntu SMP Fri Jul 27 17:03:23 UTC 2012 x86_64
libc:glibc 2.15 NPTL 2.15 
rlimit: STACK 8192k, CORE 0k, NPROC 62595, NOFILE 4096, AS infinity
load average:0.98 0.57 0.51

/proc/meminfo:
MemTotal:        8036696 kB
MemFree:         3072768 kB
Buffers:          381384 kB
Cached:          1607520 kB
SwapCached:            0 kB
Active:          3214716 kB
Inactive:        1162412 kB
Active(anon):    2413700 kB
Inactive(anon):   167676 kB
Active(file):     801016 kB
Inactive(file):   994736 kB
Unevictable:           0 kB
Mlocked:               0 kB
SwapTotal:      14749996 kB
SwapFree:       14749996 kB
Dirty:             95164 kB
Writeback:             0 kB
AnonPages:       2388120 kB
Mapped:           275572 kB
Shmem:            193120 kB
Slab:             419312 kB
SReclaimable:     375000 kB
SUnreclaim:        44312 kB
KernelStack:        3760 kB
PageTables:        35996 kB
NFS_Unstable:          0 kB
Bounce:                0 kB
WritebackTmp:          0 kB
CommitLimit:    18768344 kB
Committed_AS:    4995408 kB
VmallocTotal:   34359738367 kB
VmallocUsed:      376284 kB
VmallocChunk:   34359338064 kB
HardwareCorrupted:     0 kB
AnonHugePages:         0 kB
HugePages_Total:       0
HugePages_Free:        0
HugePages_Rsvd:        0
HugePages_Surp:        0
Hugepagesize:       2048 kB
DirectMap4k:       63488 kB
DirectMap2M:     8232960 kB


CPU:total 4 (2 cores per cpu, 2 threads per core) family 6 model 58 stepping 9, cmov, cx8, fxsr, mmx, sse, sse2, sse3, ssse3, sse4.1, sse4.2, popcnt, ht

Memory: 4k page, physical 8036696k(3072768k free), swap 14749996k(14749996k free)

vm_info: OpenJDK 64-Bit Server VM (20.0-b12) for linux-amd64 JRE (1.6.0_24-b24), built on Oct 24 2012 16:17:28 by "buildd" with gcc 4.6.3

time: Tue Feb  5 19:35:21 2013
elapsed time: 0 seconds

