#
# A fatal error has been detected by the Java Runtime Environment:
#
#  Internal Error (classFileParser.cpp:3494), pid=2615, tid=140182502721280
#  Error: ShouldNotReachHere()
#
# JRE version: 6.0_24-b24
# Java VM: OpenJDK 64-Bit Server VM (20.0-b12 mixed mode linux-amd64 compressed oops)
# Derivative: IcedTea6 1.11.5
# Distribution: Ubuntu 12.04 LTS, package 6b24-1.11.5-0ubuntu1~12.04.1
# If you would like to submit a bug report, please include
# instructions how to reproduce the bug and visit:
#   https://bugs.launchpad.net/ubuntu/+source/openjdk-6/
#

---------------  T H R E A D  ---------------

Current thread (0x00007f7ec0008000):  JavaThread "Unknown thread" [_thread_in_vm, id=2620, stack(0x00007f7ec8374000,0x00007f7ec8475000)]

Stack: [0x00007f7ec8374000,0x00007f7ec8475000],  sp=0x00007f7ec8473080,  free space=1020k
Native frames: (J=compiled Java code, j=interpreted, Vv=VM code, C=native code)
V  [libjvm.so+0x7846a5]  VMError::report(outputStream*)+0x1255
V  [libjvm.so+0x784929]  VMError::report_and_die()+0x169
V  [libjvm.so+0x3bb5ea]  report_vm_error(char const*, int, char const*, char const*)+0x4a
V  [libjvm.so+0x351985]  ClassFileParser::parseClassFile(symbolHandle, Handle, Handle, KlassHandle, GrowableArray<Handle>*, symbolHandle&, bool, Thread*)+0x1545
V  [libjvm.so+0x355be3]  ClassLoader::load_classfile(symbolHandle, Thread*)+0x1f3
V  [libjvm.so+0x71c854]  SystemDictionary::load_instance_class(symbolHandle, Handle, Thread*)+0x354
V  [libjvm.so+0x71af60]  SystemDictionary::resolve_instance_class_or_null(symbolHandle, Handle, Handle, Thread*)+0x7c0
V  [libjvm.so+0x71cee3]  SystemDictionary::resolve_or_fail(symbolHandle, Handle, Handle, bool, Thread*)+0x33
V  [libjvm.so+0x71cfc4]  SystemDictionary::resolve_or_fail(symbolHandle, bool, Thread*)+0x14
V  [libjvm.so+0x71d070]  SystemDictionary::initialize_wk_klass(SystemDictionary::WKID, int, Thread*)+0xa0
V  [libjvm.so+0x71d0d9]  SystemDictionary::initialize_wk_klasses_until(SystemDictionary::WKID, SystemDictionary::WKID&, Thread*)+0x59
V  [libjvm.so+0x71d1d1]  SystemDictionary::initialize_preloaded_classes(Thread*)+0x71
V  [libjvm.so+0x760a5f]  Universe::genesis(Thread*)+0x11f
V  [libjvm.so+0x76140f]  universe2_init()+0x1f
V  [libjvm.so+0x474675]  init_globals()+0x95
V  [libjvm.so+0x74b38a]  Threads::create_vm(JavaVMInitArgs*, bool*)+0x1ea
V  [libjvm.so+0x4ce4d1]  JNI_CreateJavaVM+0x61
C  [java+0x317e]  JavaMain+0x7e


---------------  P R O C E S S  ---------------

Java Threads: ( => current thread )

Other Threads:

=>0x00007f7ec0008000 (exited) JavaThread "Unknown thread" [_thread_in_vm, id=2620, stack(0x00007f7ec8374000,0x00007f7ec8475000)]

VM state:not at safepoint (not fully initialized)

VM Mutex/Monitor currently owned by a thread: None

Dynamic libraries:
00400000-00409000 r-xp 00000000 08:04 68846                              /usr/lib/jvm/java-6-openjdk-amd64/jre/bin/java
00608000-00609000 r--p 00008000 08:04 68846                              /usr/lib/jvm/java-6-openjdk-amd64/jre/bin/java
00609000-0060a000 rw-p 00009000 08:04 68846                              /usr/lib/jvm/java-6-openjdk-amd64/jre/bin/java
01db0000-01dd1000 rw-p 00000000 00:00 0                                  [heap]
77ae00000-77c2c0000 rw-p 00000000 00:00 0 
77c2c0000-785400000 rw-p 00000000 00:00 0 
785400000-78a5d0000 rw-p 00000000 00:00 0 
78a5d0000-7d7160000 rw-p 00000000 00:00 0 
7d7160000-7d9a40000 rw-p 00000000 00:00 0 
7d9a40000-800000000 rw-p 00000000 00:00 0 
7f7ea8000000-7f7ea8021000 rw-p 00000000 00:00 0 
7f7ea8021000-7f7eac000000 ---p 00000000 00:00 0 
7f7eac000000-7f7eac021000 rw-p 00000000 00:00 0 
7f7eac021000-7f7eb0000000 ---p 00000000 00:00 0 
7f7eb0000000-7f7eb0021000 rw-p 00000000 00:00 0 
7f7eb0021000-7f7eb4000000 ---p 00000000 00:00 0 
7f7eb8000000-7f7eb8021000 rw-p 00000000 00:00 0 
7f7eb8021000-7f7ebc000000 ---p 00000000 00:00 0 
7f7ebd000000-7f7ebd270000 rwxp 00000000 00:00 0 
7f7ebd270000-7f7ec0073000 rw-p 00000000 00:00 0 
7f7ec0073000-7f7ec4000000 ---p 00000000 00:00 0 
7f7ec4661000-7f7ec46d7000 r--s 00902000 08:05 345447                     /home/rgcrocha/development/adt-bundle-linux/sdk/platforms/android-10/android.jar
7f7ec46d7000-7f7ec46ff000 rw-p 00000000 00:00 0 
7f7ec46ff000-7f7ec4700000 ---p 00000000 00:00 0 
7f7ec4700000-7f7ec4800000 rw-p 00000000 00:00 0 
7f7ec4800000-7f7ec4801000 ---p 00000000 00:00 0 
7f7ec4801000-7f7ec4901000 rw-p 00000000 00:00 0 
7f7ec4901000-7f7ec4902000 ---p 00000000 00:00 0 
7f7ec4902000-7f7ec4a02000 rw-p 00000000 00:00 0 
7f7ec4a02000-7f7ec4a03000 ---p 00000000 00:00 0 
7f7ec4a03000-7f7ec4b0e000 rw-p 00000000 00:00 0 
7f7ec4b0e000-7f7ec4b56000 rw-p 00000000 00:00 0 
7f7ec4b56000-7f7ec4b7f000 rw-p 00000000 00:00 0 
7f7ec4b7f000-7f7ec4de5000 rw-p 00000000 00:00 0 
7f7ec4de5000-7f7ec4df0000 rw-p 00000000 00:00 0 
7f7ec4df0000-7f7ec4e38000 rw-p 00000000 00:00 0 
7f7ec4e38000-7f7ec4e61000 rw-p 00000000 00:00 0 
7f7ec4e61000-7f7ec50c6000 rw-p 00000000 00:00 0 
7f7ec50c6000-7f7ec50dc000 rw-p 00000000 00:00 0 
7f7ec50dc000-7f7ec520e000 rw-p 00000000 00:00 0 
7f7ec520e000-7f7ec520f000 rw-p 00000000 00:00 0 
7f7ec520f000-7f7ec5216000 r-xp 00000000 08:04 68822                      /usr/lib/jvm/java-6-openjdk-amd64/jre/lib/amd64/libzip.so
7f7ec5216000-7f7ec5415000 ---p 00007000 08:04 68822                      /usr/lib/jvm/java-6-openjdk-amd64/jre/lib/amd64/libzip.so
7f7ec5415000-7f7ec5416000 r--p 00006000 08:04 68822                      /usr/lib/jvm/java-6-openjdk-amd64/jre/lib/amd64/libzip.so
7f7ec5416000-7f7ec5417000 rw-p 00007000 08:04 68822                      /usr/lib/jvm/java-6-openjdk-amd64/jre/lib/amd64/libzip.so
7f7ec5417000-7f7ec5423000 r-xp 00000000 08:04 59562                      /lib/x86_64-linux-gnu/libnss_files-2.15.so
7f7ec5423000-7f7ec5622000 ---p 0000c000 08:04 59562                      /lib/x86_64-linux-gnu/libnss_files-2.15.so
7f7ec5622000-7f7ec5623000 r--p 0000b000 08:04 59562                      /lib/x86_64-linux-gnu/libnss_files-2.15.so
7f7ec5623000-7f7ec5624000 rw-p 0000c000 08:04 59562                      /lib/x86_64-linux-gnu/libnss_files-2.15.so
7f7ec5624000-7f7ec562e000 r-xp 00000000 08:04 32507                      /lib/x86_64-linux-gnu/libnss_nis-2.15.so
7f7ec562e000-7f7ec582e000 ---p 0000a000 08:04 32507                      /lib/x86_64-linux-gnu/libnss_nis-2.15.so
7f7ec582e000-7f7ec582f000 r--p 0000a000 08:04 32507                      /lib/x86_64-linux-gnu/libnss_nis-2.15.so
7f7ec582f000-7f7ec5830000 rw-p 0000b000 08:04 32507                      /lib/x86_64-linux-gnu/libnss_nis-2.15.so
7f7ec5830000-7f7ec5847000 r-xp 00000000 08:04 60619                      /lib/x86_64-linux-gnu/libnsl-2.15.so
7f7ec5847000-7f7ec5a46000 ---p 00017000 08:04 60619                      /lib/x86_64-linux-gnu/libnsl-2.15.so
7f7ec5a46000-7f7ec5a47000 r--p 00016000 08:04 60619                      /lib/x86_64-linux-gnu/libnsl-2.15.so
7f7ec5a47000-7f7ec5a48000 rw-p 00017000 08:04 60619                      /lib/x86_64-linux-gnu/libnsl-2.15.so
7f7ec5a48000-7f7ec5a4a000 rw-p 00000000 00:00 0 
7f7ec5a4a000-7f7ec5a52000 r-xp 00000000 08:04 59564                      /lib/x86_64-linux-gnu/libnss_compat-2.15.so
7f7ec5a52000-7f7ec5c51000 ---p 00008000 08:04 59564                      /lib/x86_64-linux-gnu/libnss_compat-2.15.so
7f7ec5c51000-7f7ec5c52000 r--p 00007000 08:04 59564                      /lib/x86_64-linux-gnu/libnss_compat-2.15.so
7f7ec5c52000-7f7ec5c53000 rw-p 00008000 08:04 59564                      /lib/x86_64-linux-gnu/libnss_compat-2.15.so
7f7ec5c53000-7f7ec5c7f000 r-xp 00000000 08:04 68802                      /usr/lib/jvm/java-6-openjdk-amd64/jre/lib/amd64/libjava.so
7f7ec5c7f000-7f7ec5e7e000 ---p 0002c000 08:04 68802                      /usr/lib/jvm/java-6-openjdk-amd64/jre/lib/amd64/libjava.so
7f7ec5e7e000-7f7ec5e7f000 r--p 0002b000 08:04 68802                      /usr/lib/jvm/java-6-openjdk-amd64/jre/lib/amd64/libjava.so
7f7ec5e7f000-7f7ec5e82000 rw-p 0002c000 08:04 68802                      /usr/lib/jvm/java-6-openjdk-amd64/jre/lib/amd64/libjava.so
7f7ec5e82000-7f7ec5e90000 r-xp 00000000 08:04 68813                      /usr/lib/jvm/java-6-openjdk-amd64/jre/lib/amd64/libverify.so
7f7ec5e90000-7f7ec608f000 ---p 0000e000 08:04 68813                      /usr/lib/jvm/java-6-openjdk-amd64/jre/lib/amd64/libverify.so
7f7ec608f000-7f7ec6091000 r--p 0000d000 08:04 68813                      /usr/lib/jvm/java-6-openjdk-amd64/jre/lib/amd64/libverify.so
7f7ec6091000-7f7ec6092000 rw-p 0000f000 08:04 68813                      /usr/lib/jvm/java-6-openjdk-amd64/jre/lib/amd64/libverify.so
7f7ec6092000-7f7ec6099000 r-xp 00000000 08:04 20457                      /lib/x86_64-linux-gnu/librt-2.15.so
7f7ec6099000-7f7ec6298000 ---p 00007000 08:04 20457                      /lib/x86_64-linux-gnu/librt-2.15.so
7f7ec6298000-7f7ec6299000 r--p 00006000 08:04 20457                      /lib/x86_64-linux-gnu/librt-2.15.so
7f7ec6299000-7f7ec629a000 rw-p 00007000 08:04 20457                      /lib/x86_64-linux-gnu/librt-2.15.so
7f7ec629a000-7f7ec62af000 r-xp 00000000 08:04 8363                       /lib/x86_64-linux-gnu/libgcc_s.so.1
7f7ec62af000-7f7ec64ae000 ---p 00015000 08:04 8363                       /lib/x86_64-linux-gnu/libgcc_s.so.1
7f7ec64ae000-7f7ec64af000 r--p 00014000 08:04 8363                       /lib/x86_64-linux-gnu/libgcc_s.so.1
7f7ec64af000-7f7ec64b0000 rw-p 00015000 08:04 8363                       /lib/x86_64-linux-gnu/libgcc_s.so.1
7f7ec64b0000-7f7ec65ab000 r-xp 00000000 08:04 53860                      /lib/x86_64-linux-gnu/libm-2.15.so
7f7ec65ab000-7f7ec67aa000 ---p 000fb000 08:04 53860                      /lib/x86_64-linux-gnu/libm-2.15.so
7f7ec67aa000-7f7ec67ab000 r--p 000fa000 08:04 53860                      /lib/x86_64-linux-gnu/libm-2.15.so
7f7ec67ab000-7f7ec67ac000 rw-p 000fb000 08:04 53860                      /lib/x86_64-linux-gnu/libm-2.15.so
7f7ec67ac000-7f7ec688e000 r-xp 00000000 08:04 19150                      /usr/lib/x86_64-linux-gnu/libstdc++.so.6.0.16
7f7ec688e000-7f7ec6a8d000 ---p 000e2000 08:04 19150                      /usr/lib/x86_64-linux-gnu/libstdc++.so.6.0.16
7f7ec6a8d000-7f7ec6a95000 r--p 000e1000 08:04 19150                      /usr/lib/x86_64-linux-gnu/libstdc++.so.6.0.16
7f7ec6a95000-7f7ec6a97000 rw-p 000e9000 08:04 19150                      /usr/lib/x86_64-linux-gnu/libstdc++.so.6.0.16
7f7ec6a97000-7f7ec6aac000 rw-p 00000000 00:00 0 
7f7ec6aac000-7f7ec73b1000 r-xp 00000000 08:04 68798                      /usr/lib/jvm/java-6-openjdk-amd64/jre/lib/amd64/server/libjvm.so
7f7ec73b1000-7f7ec75b1000 ---p 00905000 08:04 68798                      /usr/lib/jvm/java-6-openjdk-amd64/jre/lib/amd64/server/libjvm.so
7f7ec75b1000-7f7ec7631000 r--p 00905000 08:04 68798                      /usr/lib/jvm/java-6-openjdk-amd64/jre/lib/amd64/server/libjvm.so
7f7ec7631000-7f7ec764c000 rw-p 00985000 08:04 68798                      /usr/lib/jvm/java-6-openjdk-amd64/jre/lib/amd64/server/libjvm.so
7f7ec764c000-7f7ec7675000 rw-p 00000000 00:00 0 
7f7ec7675000-7f7ec768b000 r-xp 00000000 08:04 8453                       /lib/x86_64-linux-gnu/libz.so.1.2.3.4
7f7ec768b000-7f7ec788a000 ---p 00016000 08:04 8453                       /lib/x86_64-linux-gnu/libz.so.1.2.3.4
7f7ec788a000-7f7ec788b000 r--p 00015000 08:04 8453                       /lib/x86_64-linux-gnu/libz.so.1.2.3.4
7f7ec788b000-7f7ec788c000 rw-p 00016000 08:04 8453                       /lib/x86_64-linux-gnu/libz.so.1.2.3.4
7f7ec788c000-7f7ec7a41000 r-xp 00000000 08:04 15164                      /lib/x86_64-linux-gnu/libc-2.15.so
7f7ec7a41000-7f7ec7c40000 ---p 001b5000 08:04 15164                      /lib/x86_64-linux-gnu/libc-2.15.so
7f7ec7c40000-7f7ec7c44000 r--p 001b4000 08:04 15164                      /lib/x86_64-linux-gnu/libc-2.15.so
7f7ec7c44000-7f7ec7c46000 rw-p 001b8000 08:04 15164                      /lib/x86_64-linux-gnu/libc-2.15.so
7f7ec7c46000-7f7ec7c4b000 rw-p 00000000 00:00 0 
7f7ec7c4b000-7f7ec7c4d000 r-xp 00000000 08:04 15163                      /lib/x86_64-linux-gnu/libdl-2.15.so
7f7ec7c4d000-7f7ec7e4d000 ---p 00002000 08:04 15163                      /lib/x86_64-linux-gnu/libdl-2.15.so
7f7ec7e4d000-7f7ec7e4e000 r--p 00002000 08:04 15163                      /lib/x86_64-linux-gnu/libdl-2.15.so
7f7ec7e4e000-7f7ec7e4f000 rw-p 00003000 08:04 15163                      /lib/x86_64-linux-gnu/libdl-2.15.so
7f7ec7e4f000-7f7ec7e53000 r-xp 00000000 08:04 68804                      /usr/lib/jvm/java-6-openjdk-amd64/jre/lib/amd64/jli/libjli.so
7f7ec7e53000-7f7ec8052000 ---p 00004000 08:04 68804                      /usr/lib/jvm/java-6-openjdk-amd64/jre/lib/amd64/jli/libjli.so
7f7ec8052000-7f7ec8053000 r--p 00003000 08:04 68804                      /usr/lib/jvm/java-6-openjdk-amd64/jre/lib/amd64/jli/libjli.so
7f7ec8053000-7f7ec8054000 rw-p 00004000 08:04 68804                      /usr/lib/jvm/java-6-openjdk-amd64/jre/lib/amd64/jli/libjli.so
7f7ec8054000-7f7ec806c000 r-xp 00000000 08:04 20435                      /lib/x86_64-linux-gnu/libpthread-2.15.so
7f7ec806c000-7f7ec826b000 ---p 00018000 08:04 20435                      /lib/x86_64-linux-gnu/libpthread-2.15.so
7f7ec826b000-7f7ec826c000 r--p 00017000 08:04 20435                      /lib/x86_64-linux-gnu/libpthread-2.15.so
7f7ec826c000-7f7ec826d000 rw-p 00018000 08:04 20435                      /lib/x86_64-linux-gnu/libpthread-2.15.so
7f7ec826d000-7f7ec8271000 rw-p 00000000 00:00 0 
7f7ec8271000-7f7ec8293000 r-xp 00000000 08:04 59733                      /lib/x86_64-linux-gnu/ld-2.15.so
7f7ec82b4000-7f7ec82be000 rw-p 00000000 00:00 0 
7f7ec82be000-7f7ec8374000 rw-p 00000000 00:00 0 
7f7ec8374000-7f7ec8377000 ---p 00000000 00:00 0 
7f7ec8377000-7f7ec847a000 rw-p 00000000 00:00 0 
7f7ec8487000-7f7ec848f000 rw-s 00000000 08:04 69989                      /tmp/hsperfdata_rgcrocha/2615
7f7ec848f000-7f7ec8490000 rw-p 00000000 00:00 0 
7f7ec8490000-7f7ec8491000 r--p 00000000 00:00 0 
7f7ec8491000-7f7ec8493000 rw-p 00000000 00:00 0 
7f7ec8493000-7f7ec8494000 r--p 00022000 08:04 59733                      /lib/x86_64-linux-gnu/ld-2.15.so
7f7ec8494000-7f7ec8496000 rw-p 00023000 08:04 59733                      /lib/x86_64-linux-gnu/ld-2.15.so
7fff3e1b7000-7fff3e1d8000 rw-p 00000000 00:00 0                          [stack]
7fff3e1ff000-7fff3e200000 r-xp 00000000 00:00 0                          [vdso]
ffffffffff600000-ffffffffff601000 r-xp 00000000 00:00 0                  [vsyscall]

VM Arguments:
jvm_args: -Dfile.encoding=UTF-8 -Xbootclasspath:/home/rgcrocha/development/adt-bundle-linux/sdk/platforms/android-10/android.jar 
java_command: br.com.developer.examples.PostSubject
Launcher Type: SUN_STANDARD

Environment Variables:
PATH=/usr/local/sbin:/usr/local/bin:/usr/sbin:/usr/bin:/sbin:/bin:/usr/games
LD_LIBRARY_PATH=/usr/lib/jvm/java-6-openjdk-amd64/jre/lib/amd64/server:/usr/lib/jvm/java-6-openjdk-amd64/jre/lib/amd64:/usr/lib/jvm/java-6-openjdk-amd64/jre/../lib/amd64
SHELL=/bin/bash
DISPLAY=:0

Signal Handlers:
SIGSEGV: [libjvm.so+0x7852e0], sa_mask[0]=0x7ffbfeff, sa_flags=0x10000004
SIGBUS: [libjvm.so+0x7852e0], sa_mask[0]=0x7ffbfeff, sa_flags=0x10000004
SIGFPE: [libjvm.so+0x648d40], sa_mask[0]=0x7ffbfeff, sa_flags=0x10000004
SIGPIPE: [libjvm.so+0x648d40], sa_mask[0]=0x7ffbfeff, sa_flags=0x10000004
SIGXFSZ: [libjvm.so+0x648d40], sa_mask[0]=0x7ffbfeff, sa_flags=0x10000004
SIGILL: [libjvm.so+0x648d40], sa_mask[0]=0x7ffbfeff, sa_flags=0x10000004
SIGUSR1: SIG_DFL, sa_mask[0]=0x00000000, sa_flags=0x00000000
SIGUSR2: [libjvm.so+0x648ef0], sa_mask[0]=0x00000004, sa_flags=0x10000004
SIGHUP: SIG_DFL, sa_mask[0]=0x00000000, sa_flags=0x00000000
SIGINT: SIG_DFL, sa_mask[0]=0x00000000, sa_flags=0x00000000
SIGTERM: SIG_DFL, sa_mask[0]=0x00000000, sa_flags=0x00000000
SIGQUIT: SIG_DFL, sa_mask[0]=0x00000000, sa_flags=0x00000000


---------------  S Y S T E M  ---------------

OS:Ubuntu 12.04 (precise)
uname:Linux 3.2.0-29-generic #46-Ubuntu SMP Fri Jul 27 17:03:23 UTC 2012 x86_64
libc:glibc 2.15 NPTL 2.15 
rlimit: STACK 8192k, CORE 0k, NPROC 62595, NOFILE 4096, AS infinity
load average:0.45 1.16 0.83

/proc/meminfo:
MemTotal:        8036696 kB
MemFree:         4774224 kB
Buffers:          351560 kB
Cached:          1006704 kB
SwapCached:            0 kB
Active:          1825520 kB
Inactive:         868176 kB
Active(anon):    1336528 kB
Inactive(anon):   136140 kB
Active(file):     488992 kB
Inactive(file):   732036 kB
Unevictable:           0 kB
Mlocked:               0 kB
SwapTotal:      14749996 kB
SwapFree:       14749996 kB
Dirty:              1260 kB
Writeback:             0 kB
AnonPages:       1335308 kB
Mapped:           226968 kB
Shmem:            137236 kB
Slab:             399708 kB
SReclaimable:     359720 kB
SUnreclaim:        39988 kB
KernelStack:        3208 kB
PageTables:        36360 kB
NFS_Unstable:          0 kB
Bounce:                0 kB
WritebackTmp:          0 kB
CommitLimit:    18768344 kB
Committed_AS:    2821004 kB
VmallocTotal:   34359738367 kB
VmallocUsed:      376344 kB
VmallocChunk:   34359359232 kB
HardwareCorrupted:     0 kB
AnonHugePages:         0 kB
HugePages_Total:       0
HugePages_Free:        0
HugePages_Rsvd:        0
HugePages_Surp:        0
Hugepagesize:       2048 kB
DirectMap4k:       63488 kB
DirectMap2M:     8232960 kB


CPU:total 4 (2 cores per cpu, 2 threads per core) family 6 model 58 stepping 9, cmov, cx8, fxsr, mmx, sse, sse2, sse3, ssse3, sse4.1, sse4.2, popcnt, ht

Memory: 4k page, physical 8036696k(4774224k free), swap 14749996k(14749996k free)

vm_info: OpenJDK 64-Bit Server VM (20.0-b12) for linux-amd64 JRE (1.6.0_24-b24), built on Oct 24 2012 16:17:28 by "buildd" with gcc 4.6.3

time: Tue Feb  5 19:49:20 2013
elapsed time: 0 seconds

