#
# A fatal error has been detected by the Java Runtime Environment:
#
#  Internal Error (classFileParser.cpp:3494), pid=3988, tid=139794209941248
#  Error: ShouldNotReachHere()
#
# JRE version: 6.0_24-b24
# Java VM: OpenJDK 64-Bit Server VM (20.0-b12 mixed mode linux-amd64 compressed oops)
# Derivative: IcedTea6 1.11.5
# Distribution: Ubuntu 12.04 LTS, package 6b24-1.11.5-0ubuntu1~12.04.1
# If you would like to submit a bug report, please include
# instructions how to reproduce the bug and visit:
#   https://bugs.launchpad.net/ubuntu/+source/openjdk-6/
#

---------------  T H R E A D  ---------------

Current thread (0x00007f2458008000):  JavaThread "Unknown thread" [_thread_in_vm, id=3993, stack(0x00007f246029a000,0x00007f246039b000)]

Stack: [0x00007f246029a000,0x00007f246039b000],  sp=0x00007f2460399080,  free space=1020k
Native frames: (J=compiled Java code, j=interpreted, Vv=VM code, C=native code)
V  [libjvm.so+0x7846a5]  VMError::report(outputStream*)+0x1255
V  [libjvm.so+0x784929]  VMError::report_and_die()+0x169
V  [libjvm.so+0x3bb5ea]  report_vm_error(char const*, int, char const*, char const*)+0x4a
V  [libjvm.so+0x351985]  ClassFileParser::parseClassFile(symbolHandle, Handle, Handle, KlassHandle, GrowableArray<Handle>*, symbolHandle&, bool, Thread*)+0x1545
V  [libjvm.so+0x355be3]  ClassLoader::load_classfile(symbolHandle, Thread*)+0x1f3
V  [libjvm.so+0x71c854]  SystemDictionary::load_instance_class(symbolHandle, Handle, Thread*)+0x354
V  [libjvm.so+0x71af60]  SystemDictionary::resolve_instance_class_or_null(symbolHandle, Handle, Handle, Thread*)+0x7c0
V  [libjvm.so+0x71cee3]  SystemDictionary::resolve_or_fail(symbolHandle, Handle, Handle, bool, Thread*)+0x33
V  [libjvm.so+0x71cfc4]  SystemDictionary::resolve_or_fail(symbolHandle, bool, Thread*)+0x14
V  [libjvm.so+0x71d070]  SystemDictionary::initialize_wk_klass(SystemDictionary::WKID, int, Thread*)+0xa0
V  [libjvm.so+0x71d0d9]  SystemDictionary::initialize_wk_klasses_until(SystemDictionary::WKID, SystemDictionary::WKID&, Thread*)+0x59
V  [libjvm.so+0x71d1d1]  SystemDictionary::initialize_preloaded_classes(Thread*)+0x71
V  [libjvm.so+0x760a5f]  Universe::genesis(Thread*)+0x11f
V  [libjvm.so+0x76140f]  universe2_init()+0x1f
V  [libjvm.so+0x474675]  init_globals()+0x95
V  [libjvm.so+0x74b38a]  Threads::create_vm(JavaVMInitArgs*, bool*)+0x1ea
V  [libjvm.so+0x4ce4d1]  JNI_CreateJavaVM+0x61
C  [java+0x317e]  JavaMain+0x7e


---------------  P R O C E S S  ---------------

Java Threads: ( => current thread )

Other Threads:

=>0x00007f2458008000 (exited) JavaThread "Unknown thread" [_thread_in_vm, id=3993, stack(0x00007f246029a000,0x00007f246039b000)]

VM state:not at safepoint (not fully initialized)

VM Mutex/Monitor currently owned by a thread: None

Dynamic libraries:
00400000-00409000 r-xp 00000000 08:04 68846                              /usr/lib/jvm/java-6-openjdk-amd64/jre/bin/java
00608000-00609000 r--p 00008000 08:04 68846                              /usr/lib/jvm/java-6-openjdk-amd64/jre/bin/java
00609000-0060a000 rw-p 00009000 08:04 68846                              /usr/lib/jvm/java-6-openjdk-amd64/jre/bin/java
013fa000-0141b000 rw-p 00000000 00:00 0                                  [heap]
77ae00000-77c2c0000 rw-p 00000000 00:00 0 
77c2c0000-785400000 rw-p 00000000 00:00 0 
785400000-78a5d0000 rw-p 00000000 00:00 0 
78a5d0000-7d7160000 rw-p 00000000 00:00 0 
7d7160000-7d9a40000 rw-p 00000000 00:00 0 
7d9a40000-800000000 rw-p 00000000 00:00 0 
7f2438000000-7f2438021000 rw-p 00000000 00:00 0 
7f2438021000-7f243c000000 ---p 00000000 00:00 0 
7f2440000000-7f2440021000 rw-p 00000000 00:00 0 
7f2440021000-7f2444000000 ---p 00000000 00:00 0 
7f2448000000-7f2448021000 rw-p 00000000 00:00 0 
7f2448021000-7f244c000000 ---p 00000000 00:00 0 
7f2450000000-7f2450021000 rw-p 00000000 00:00 0 
7f2450021000-7f2454000000 ---p 00000000 00:00 0 
7f2455000000-7f2455270000 rwxp 00000000 00:00 0 
7f2455270000-7f2458073000 rw-p 00000000 00:00 0 
7f2458073000-7f245c000000 ---p 00000000 00:00 0 
7f245c587000-7f245c5fd000 r--s 00902000 08:05 345447                     /home/rgcrocha/development/adt-bundle-linux/sdk/platforms/android-10/android.jar
7f245c5fd000-7f245c625000 rw-p 00000000 00:00 0 
7f245c625000-7f245c626000 ---p 00000000 00:00 0 
7f245c626000-7f245c726000 rw-p 00000000 00:00 0 
7f245c726000-7f245c727000 ---p 00000000 00:00 0 
7f245c727000-7f245c827000 rw-p 00000000 00:00 0 
7f245c827000-7f245c828000 ---p 00000000 00:00 0 
7f245c828000-7f245c928000 rw-p 00000000 00:00 0 
7f245c928000-7f245c929000 ---p 00000000 00:00 0 
7f245c929000-7f245ca34000 rw-p 00000000 00:00 0 
7f245ca34000-7f245ca7c000 rw-p 00000000 00:00 0 
7f245ca7c000-7f245caa5000 rw-p 00000000 00:00 0 
7f245caa5000-7f245cd0b000 rw-p 00000000 00:00 0 
7f245cd0b000-7f245cd16000 rw-p 00000000 00:00 0 
7f245cd16000-7f245cd5e000 rw-p 00000000 00:00 0 
7f245cd5e000-7f245cd87000 rw-p 00000000 00:00 0 
7f245cd87000-7f245cfec000 rw-p 00000000 00:00 0 
7f245cfec000-7f245d002000 rw-p 00000000 00:00 0 
7f245d002000-7f245d134000 rw-p 00000000 00:00 0 
7f245d134000-7f245d135000 rw-p 00000000 00:00 0 
7f245d135000-7f245d13c000 r-xp 00000000 08:04 68822                      /usr/lib/jvm/java-6-openjdk-amd64/jre/lib/amd64/libzip.so
7f245d13c000-7f245d33b000 ---p 00007000 08:04 68822                      /usr/lib/jvm/java-6-openjdk-amd64/jre/lib/amd64/libzip.so
7f245d33b000-7f245d33c000 r--p 00006000 08:04 68822                      /usr/lib/jvm/java-6-openjdk-amd64/jre/lib/amd64/libzip.so
7f245d33c000-7f245d33d000 rw-p 00007000 08:04 68822                      /usr/lib/jvm/java-6-openjdk-amd64/jre/lib/amd64/libzip.so
7f245d33d000-7f245d349000 r-xp 00000000 08:04 59562                      /lib/x86_64-linux-gnu/libnss_files-2.15.so
7f245d349000-7f245d548000 ---p 0000c000 08:04 59562                      /lib/x86_64-linux-gnu/libnss_files-2.15.so
7f245d548000-7f245d549000 r--p 0000b000 08:04 59562                      /lib/x86_64-linux-gnu/libnss_files-2.15.so
7f245d549000-7f245d54a000 rw-p 0000c000 08:04 59562                      /lib/x86_64-linux-gnu/libnss_files-2.15.so
7f245d54a000-7f245d554000 r-xp 00000000 08:04 32507                      /lib/x86_64-linux-gnu/libnss_nis-2.15.so
7f245d554000-7f245d754000 ---p 0000a000 08:04 32507                      /lib/x86_64-linux-gnu/libnss_nis-2.15.so
7f245d754000-7f245d755000 r--p 0000a000 08:04 32507                      /lib/x86_64-linux-gnu/libnss_nis-2.15.so
7f245d755000-7f245d756000 rw-p 0000b000 08:04 32507                      /lib/x86_64-linux-gnu/libnss_nis-2.15.so
7f245d756000-7f245d76d000 r-xp 00000000 08:04 60619                      /lib/x86_64-linux-gnu/libnsl-2.15.so
7f245d76d000-7f245d96c000 ---p 00017000 08:04 60619                      /lib/x86_64-linux-gnu/libnsl-2.15.so
7f245d96c000-7f245d96d000 r--p 00016000 08:04 60619                      /lib/x86_64-linux-gnu/libnsl-2.15.so
7f245d96d000-7f245d96e000 rw-p 00017000 08:04 60619                      /lib/x86_64-linux-gnu/libnsl-2.15.so
7f245d96e000-7f245d970000 rw-p 00000000 00:00 0 
7f245d970000-7f245d978000 r-xp 00000000 08:04 59564                      /lib/x86_64-linux-gnu/libnss_compat-2.15.so
7f245d978000-7f245db77000 ---p 00008000 08:04 59564                      /lib/x86_64-linux-gnu/libnss_compat-2.15.so
7f245db77000-7f245db78000 r--p 00007000 08:04 59564                      /lib/x86_64-linux-gnu/libnss_compat-2.15.so
7f245db78000-7f245db79000 rw-p 00008000 08:04 59564                      /lib/x86_64-linux-gnu/libnss_compat-2.15.so
7f245db79000-7f245dba5000 r-xp 00000000 08:04 68802                      /usr/lib/jvm/java-6-openjdk-amd64/jre/lib/amd64/libjava.so
7f245dba5000-7f245dda4000 ---p 0002c000 08:04 68802                      /usr/lib/jvm/java-6-openjdk-amd64/jre/lib/amd64/libjava.so
7f245dda4000-7f245dda5000 r--p 0002b000 08:04 68802                      /usr/lib/jvm/java-6-openjdk-amd64/jre/lib/amd64/libjava.so
7f245dda5000-7f245dda8000 rw-p 0002c000 08:04 68802                      /usr/lib/jvm/java-6-openjdk-amd64/jre/lib/amd64/libjava.so
7f245dda8000-7f245ddb6000 r-xp 00000000 08:04 68813                      /usr/lib/jvm/java-6-openjdk-amd64/jre/lib/amd64/libverify.so
7f245ddb6000-7f245dfb5000 ---p 0000e000 08:04 68813                      /usr/lib/jvm/java-6-openjdk-amd64/jre/lib/amd64/libverify.so
7f245dfb5000-7f245dfb7000 r--p 0000d000 08:04 68813                      /usr/lib/jvm/java-6-openjdk-amd64/jre/lib/amd64/libverify.so
7f245dfb7000-7f245dfb8000 rw-p 0000f000 08:04 68813                      /usr/lib/jvm/java-6-openjdk-amd64/jre/lib/amd64/libverify.so
7f245dfb8000-7f245dfbf000 r-xp 00000000 08:04 20457                      /lib/x86_64-linux-gnu/librt-2.15.so
7f245dfbf000-7f245e1be000 ---p 00007000 08:04 20457                      /lib/x86_64-linux-gnu/librt-2.15.so
7f245e1be000-7f245e1bf000 r--p 00006000 08:04 20457                      /lib/x86_64-linux-gnu/librt-2.15.so
7f245e1bf000-7f245e1c0000 rw-p 00007000 08:04 20457                      /lib/x86_64-linux-gnu/librt-2.15.so
7f245e1c0000-7f245e1d5000 r-xp 00000000 08:04 8363                       /lib/x86_64-linux-gnu/libgcc_s.so.1
7f245e1d5000-7f245e3d4000 ---p 00015000 08:04 8363                       /lib/x86_64-linux-gnu/libgcc_s.so.1
7f245e3d4000-7f245e3d5000 r--p 00014000 08:04 8363                       /lib/x86_64-linux-gnu/libgcc_s.so.1
7f245e3d5000-7f245e3d6000 rw-p 00015000 08:04 8363                       /lib/x86_64-linux-gnu/libgcc_s.so.1
7f245e3d6000-7f245e4d1000 r-xp 00000000 08:04 53860                      /lib/x86_64-linux-gnu/libm-2.15.so
7f245e4d1000-7f245e6d0000 ---p 000fb000 08:04 53860                      /lib/x86_64-linux-gnu/libm-2.15.so
7f245e6d0000-7f245e6d1000 r--p 000fa000 08:04 53860                      /lib/x86_64-linux-gnu/libm-2.15.so
7f245e6d1000-7f245e6d2000 rw-p 000fb000 08:04 53860                      /lib/x86_64-linux-gnu/libm-2.15.so
7f245e6d2000-7f245e7b4000 r-xp 00000000 08:04 19150                      /usr/lib/x86_64-linux-gnu/libstdc++.so.6.0.16
7f245e7b4000-7f245e9b3000 ---p 000e2000 08:04 19150                      /usr/lib/x86_64-linux-gnu/libstdc++.so.6.0.16
7f245e9b3000-7f245e9bb000 r--p 000e1000 08:04 19150                      /usr/lib/x86_64-linux-gnu/libstdc++.so.6.0.16
7f245e9bb000-7f245e9bd000 rw-p 000e9000 08:04 19150                      /usr/lib/x86_64-linux-gnu/libstdc++.so.6.0.16
7f245e9bd000-7f245e9d2000 rw-p 00000000 00:00 0 
7f245e9d2000-7f245f2d7000 r-xp 00000000 08:04 68798                      /usr/lib/jvm/java-6-openjdk-amd64/jre/lib/amd64/server/libjvm.so
7f245f2d7000-7f245f4d7000 ---p 00905000 08:04 68798                      /usr/lib/jvm/java-6-openjdk-amd64/jre/lib/amd64/server/libjvm.so
7f245f4d7000-7f245f557000 r--p 00905000 08:04 68798                      /usr/lib/jvm/java-6-openjdk-amd64/jre/lib/amd64/server/libjvm.so
7f245f557000-7f245f572000 rw-p 00985000 08:04 68798                      /usr/lib/jvm/java-6-openjdk-amd64/jre/lib/amd64/server/libjvm.so
7f245f572000-7f245f59b000 rw-p 00000000 00:00 0 
7f245f59b000-7f245f5b1000 r-xp 00000000 08:04 8453                       /lib/x86_64-linux-gnu/libz.so.1.2.3.4
7f245f5b1000-7f245f7b0000 ---p 00016000 08:04 8453                       /lib/x86_64-linux-gnu/libz.so.1.2.3.4
7f245f7b0000-7f245f7b1000 r--p 00015000 08:04 8453                       /lib/x86_64-linux-gnu/libz.so.1.2.3.4
7f245f7b1000-7f245f7b2000 rw-p 00016000 08:04 8453                       /lib/x86_64-linux-gnu/libz.so.1.2.3.4
7f245f7b2000-7f245f967000 r-xp 00000000 08:04 15164                      /lib/x86_64-linux-gnu/libc-2.15.so
7f245f967000-7f245fb66000 ---p 001b5000 08:04 15164                      /lib/x86_64-linux-gnu/libc-2.15.so
7f245fb66000-7f245fb6a000 r--p 001b4000 08:04 15164                      /lib/x86_64-linux-gnu/libc-2.15.so
7f245fb6a000-7f245fb6c000 rw-p 001b8000 08:04 15164                      /lib/x86_64-linux-gnu/libc-2.15.so
7f245fb6c000-7f245fb71000 rw-p 00000000 00:00 0 
7f245fb71000-7f245fb73000 r-xp 00000000 08:04 15163                      /lib/x86_64-linux-gnu/libdl-2.15.so
7f245fb73000-7f245fd73000 ---p 00002000 08:04 15163                      /lib/x86_64-linux-gnu/libdl-2.15.so
7f245fd73000-7f245fd74000 r--p 00002000 08:04 15163                      /lib/x86_64-linux-gnu/libdl-2.15.so
7f245fd74000-7f245fd75000 rw-p 00003000 08:04 15163                      /lib/x86_64-linux-gnu/libdl-2.15.so
7f245fd75000-7f245fd79000 r-xp 00000000 08:04 68804                      /usr/lib/jvm/java-6-openjdk-amd64/jre/lib/amd64/jli/libjli.so
7f245fd79000-7f245ff78000 ---p 00004000 08:04 68804                      /usr/lib/jvm/java-6-openjdk-amd64/jre/lib/amd64/jli/libjli.so
7f245ff78000-7f245ff79000 r--p 00003000 08:04 68804                      /usr/lib/jvm/java-6-openjdk-amd64/jre/lib/amd64/jli/libjli.so
7f245ff79000-7f245ff7a000 rw-p 00004000 08:04 68804                      /usr/lib/jvm/java-6-openjdk-amd64/jre/lib/amd64/jli/libjli.so
7f245ff7a000-7f245ff92000 r-xp 00000000 08:04 20435                      /lib/x86_64-linux-gnu/libpthread-2.15.so
7f245ff92000-7f2460191000 ---p 00018000 08:04 20435                      /lib/x86_64-linux-gnu/libpthread-2.15.so
7f2460191000-7f2460192000 r--p 00017000 08:04 20435                      /lib/x86_64-linux-gnu/libpthread-2.15.so
7f2460192000-7f2460193000 rw-p 00018000 08:04 20435                      /lib/x86_64-linux-gnu/libpthread-2.15.so
7f2460193000-7f2460197000 rw-p 00000000 00:00 0 
7f2460197000-7f24601b9000 r-xp 00000000 08:04 59733                      /lib/x86_64-linux-gnu/ld-2.15.so
7f24601da000-7f24601e4000 rw-p 00000000 00:00 0 
7f24601e4000-7f246029a000 rw-p 00000000 00:00 0 
7f246029a000-7f246029d000 ---p 00000000 00:00 0 
7f246029d000-7f24603a0000 rw-p 00000000 00:00 0 
7f24603ad000-7f24603b5000 rw-s 00000000 08:04 7840                       /tmp/hsperfdata_rgcrocha/3988
7f24603b5000-7f24603b6000 rw-p 00000000 00:00 0 
7f24603b6000-7f24603b7000 r--p 00000000 00:00 0 
7f24603b7000-7f24603b9000 rw-p 00000000 00:00 0 
7f24603b9000-7f24603ba000 r--p 00022000 08:04 59733                      /lib/x86_64-linux-gnu/ld-2.15.so
7f24603ba000-7f24603bc000 rw-p 00023000 08:04 59733                      /lib/x86_64-linux-gnu/ld-2.15.so
7fffaff5e000-7fffaff7f000 rw-p 00000000 00:00 0                          [stack]
7fffafffe000-7fffaffff000 r-xp 00000000 00:00 0                          [vdso]
ffffffffff600000-ffffffffff601000 r-xp 00000000 00:00 0                  [vsyscall]

VM Arguments:
jvm_args: -Dfile.encoding=UTF-8 -Xbootclasspath:/home/rgcrocha/development/adt-bundle-linux/sdk/platforms/android-10/android.jar 
java_command: br.com.developer.redu.exemplosRodrigo.viewLectures
Launcher Type: SUN_STANDARD

Environment Variables:
PATH=/usr/local/sbin:/usr/local/bin:/usr/sbin:/usr/bin:/sbin:/bin:/usr/games
LD_LIBRARY_PATH=/usr/lib/jvm/java-6-openjdk-amd64/jre/lib/amd64/server:/usr/lib/jvm/java-6-openjdk-amd64/jre/lib/amd64:/usr/lib/jvm/java-6-openjdk-amd64/jre/../lib/amd64
SHELL=/bin/bash
DISPLAY=:0

Signal Handlers:
SIGSEGV: [libjvm.so+0x7852e0], sa_mask[0]=0x7ffbfeff, sa_flags=0x10000004
SIGBUS: [libjvm.so+0x7852e0], sa_mask[0]=0x7ffbfeff, sa_flags=0x10000004
SIGFPE: [libjvm.so+0x648d40], sa_mask[0]=0x7ffbfeff, sa_flags=0x10000004
SIGPIPE: [libjvm.so+0x648d40], sa_mask[0]=0x7ffbfeff, sa_flags=0x10000004
SIGXFSZ: [libjvm.so+0x648d40], sa_mask[0]=0x7ffbfeff, sa_flags=0x10000004
SIGILL: [libjvm.so+0x648d40], sa_mask[0]=0x7ffbfeff, sa_flags=0x10000004
SIGUSR1: SIG_DFL, sa_mask[0]=0x00000000, sa_flags=0x00000000
SIGUSR2: [libjvm.so+0x648ef0], sa_mask[0]=0x00000004, sa_flags=0x10000004
SIGHUP: SIG_DFL, sa_mask[0]=0x00000000, sa_flags=0x00000000
SIGINT: SIG_DFL, sa_mask[0]=0x00000000, sa_flags=0x00000000
SIGTERM: SIG_DFL, sa_mask[0]=0x00000000, sa_flags=0x00000000
SIGQUIT: SIG_DFL, sa_mask[0]=0x00000000, sa_flags=0x00000000


---------------  S Y S T E M  ---------------

OS:Ubuntu 12.04 (precise)
uname:Linux 3.2.0-29-generic #46-Ubuntu SMP Fri Jul 27 17:03:23 UTC 2012 x86_64
libc:glibc 2.15 NPTL 2.15 
rlimit: STACK 8192k, CORE 0k, NPROC 62595, NOFILE 4096, AS infinity
load average:0.33 0.35 0.32

/proc/meminfo:
MemTotal:        8036696 kB
MemFree:         3708940 kB
Buffers:          392328 kB
Cached:          1364820 kB
SwapCached:            0 kB
Active:          2615244 kB
Inactive:        1123220 kB
Active(anon):    2001840 kB
Inactive(anon):   168668 kB
Active(file):     613404 kB
Inactive(file):   954552 kB
Unevictable:           0 kB
Mlocked:               0 kB
SwapTotal:      14749996 kB
SwapFree:       14749996 kB
Dirty:              1120 kB
Writeback:             0 kB
AnonPages:       1981472 kB
Mapped:           277688 kB
Shmem:            189184 kB
Slab:             413948 kB
SReclaimable:     367720 kB
SUnreclaim:        46228 kB
KernelStack:        3952 kB
PageTables:        40448 kB
NFS_Unstable:          0 kB
Bounce:                0 kB
WritebackTmp:          0 kB
CommitLimit:    18768344 kB
Committed_AS:    4221968 kB
VmallocTotal:   34359738367 kB
VmallocUsed:      376300 kB
VmallocChunk:   34359355032 kB
HardwareCorrupted:     0 kB
AnonHugePages:         0 kB
HugePages_Total:       0
HugePages_Free:        0
HugePages_Rsvd:        0
HugePages_Surp:        0
Hugepagesize:       2048 kB
DirectMap4k:       96256 kB
DirectMap2M:     8200192 kB


CPU:total 4 (2 cores per cpu, 2 threads per core) family 6 model 58 stepping 9, cmov, cx8, fxsr, mmx, sse, sse2, sse3, ssse3, sse4.1, sse4.2, popcnt, ht

Memory: 4k page, physical 8036696k(3708940k free), swap 14749996k(14749996k free)

vm_info: OpenJDK 64-Bit Server VM (20.0-b12) for linux-amd64 JRE (1.6.0_24-b24), built on Oct 24 2012 16:17:28 by "buildd" with gcc 4.6.3

time: Tue Feb  5 20:53:01 2013
elapsed time: 0 seconds

