#
# A fatal error has been detected by the Java Runtime Environment:
#
#  Internal Error (javaClasses.cpp:129), pid=5239, tid=3063192384
#  fatal error: Invalid layout of preloaded class
#
# JRE version: 7.0_21-b11
# Java VM: Java HotSpot(TM) Server VM (23.21-b01 mixed mode linux-x86 )
# Failed to write core dump. Core dumps have been disabled. To enable core dumping, try "ulimit -c unlimited" before starting Java again
#
# If you would like to submit a bug report, please visit:
#   http://bugreport.sun.com/bugreport/crash.jsp
#

---------------  T H R E A D  ---------------

Current thread (0xb6708000):  JavaThread "Unknown thread" [_thread_in_vm, id=5241, stack(0xb68f9000,0xb694a000)]

Stack: [0xb68f9000,0xb694a000],  sp=0xb6948d90,  free space=319k
Native frames: (J=compiled Java code, j=interpreted, Vv=VM code, C=native code)
V  [libjvm.so+0x722359]  VMError::report_and_die()+0x199
V  [libjvm.so+0x2e946c]  report_fatal(char const*, int, char const*)+0x4c
V  [libjvm.so+0x416f80]  compute_offset(int&, klassOopDesc*, Symbol*, Symbol*, bool)+0x110
V  [libjvm.so+0x41b514]  java_lang_String::compute_offsets()+0x44
V  [libjvm.so+0x6b7695]  SystemDictionary::initialize_preloaded_classes(Thread*)+0x225
V  [libjvm.so+0x6ff198]  Universe::genesis(Thread*)+0x3f8
V  [libjvm.so+0x6ff60f]  universe2_init()+0x1f
V  [libjvm.so+0x3dd1b0]  init_globals()+0xa0
V  [libjvm.so+0x6e6b89]  Threads::create_vm(JavaVMInitArgs*, bool*)+0x1f9
V  [libjvm.so+0x424afc]  JNI_CreateJavaVM+0x5c
C  [libjli.so+0x2668]  JavaMain+0x98
C  [libpthread.so.0+0x6d4c]  start_thread+0xcc


---------------  P R O C E S S  ---------------

Java Threads: ( => current thread )

Other Threads:

=>0xb6708000 (exited) JavaThread "Unknown thread" [_thread_in_vm, id=5241, stack(0xb68f9000,0xb694a000)]

VM state:not at safepoint (not fully initialized)

VM Mutex/Monitor currently owned by a thread: None

GC Heap History (0 events):
No events

Deoptimization events (0 events):
No events

Internal exceptions (0 events):
No events

Events (10 events):
Event: 0.033 loading class 0xb6735db0 done
Event: 0.033 loading class 0xb67356f0 done
Event: 0.033 loading class 0xb67356c8
Event: 0.033 loading class 0xb6755560
Event: 0.033 loading class 0xb6755560 done
Event: 0.033 loading class 0xb6755598
Event: 0.033 loading class 0xb6755598 done
Event: 0.033 loading class 0xb67555d0
Event: 0.033 loading class 0xb67555d0 done
Event: 0.033 loading class 0xb67356c8 done


Dynamic libraries:
08048000-08049000 r-xp 00000000 08:07 3683613    /usr/lib/jvm/java-7-oracle/bin/java
08049000-0804a000 rw-p 00000000 08:07 3683613    /usr/lib/jvm/java-7-oracle/bin/java
0933e000-0935f000 rw-p 00000000 00:00 0          [heap]
6fe7a000-70050000 rw-p 00000000 00:00 0 
70050000-70115000 r--s 0115c000 08:07 2267213    /opt/android-sdk-linux/platforms/android-17/android.jar
70115000-72b00000 rw-p 00000000 00:00 0 
72b00000-72b21000 rw-p 00000000 00:00 0 
72b21000-72c00000 ---p 00000000 00:00 0 
72c7f000-72c80000 ---p 00000000 00:00 0 
72c80000-72d00000 rw-p 00000000 00:00 0 
72d00000-72d21000 rw-p 00000000 00:00 0 
72d21000-72e00000 ---p 00000000 00:00 0 
72e7f000-72e80000 ---p 00000000 00:00 0 
72e80000-72f00000 rw-p 00000000 00:00 0 
72f00000-72f21000 rw-p 00000000 00:00 0 
72f21000-73000000 ---p 00000000 00:00 0 
7307f000-73080000 ---p 00000000 00:00 0 
73080000-73100000 rw-p 00000000 00:00 0 
73100000-73121000 rw-p 00000000 00:00 0 
73121000-73200000 ---p 00000000 00:00 0 
7325b000-7327f000 rw-p 00000000 00:00 0 
7327f000-73280000 ---p 00000000 00:00 0 
73280000-73314000 rw-p 00000000 00:00 0 
73314000-73440000 rw-p 00000000 00:00 0 
73440000-73448000 rw-p 00000000 00:00 0 
73448000-73460000 rw-p 00000000 00:00 0 
73460000-73474000 rw-p 00000000 00:00 0 
73474000-7359f000 rw-p 00000000 00:00 0 
7359f000-735aa000 rw-p 00000000 00:00 0 
735aa000-7363f000 rw-p 00000000 00:00 0 
7363f000-74640000 rw-p 00000000 00:00 0 
74640000-77640000 rw-p 00000000 00:00 0 
77640000-79e20000 rw-p 00000000 00:00 0 
79e20000-9f4f0000 rw-p 00000000 00:00 0 
9f4f0000-a08e0000 rw-p 00000000 00:00 0 
a08e0000-b3440000 rw-p 00000000 00:00 0 
b3440000-b3449000 rw-p 00000000 00:00 0 
b3449000-b3500000 rw-p 00000000 00:00 0 
b3500000-b3740000 rwxp 00000000 00:00 0 
b3740000-b6500000 rw-p 00000000 00:00 0 
b6500000-b6700000 r--p 00000000 08:07 3415102    /usr/lib/locale/locale-archive
b6700000-b6767000 rw-p 00000000 00:00 0 
b6767000-b6800000 ---p 00000000 00:00 0 
b6807000-b680f000 rw-p 00000000 00:00 0 
b680f000-b6827000 rw-p 00000000 00:00 0 
b6827000-b683e000 r-xp 00000000 08:07 3683407    /usr/lib/jvm/java-7-oracle/jre/lib/i386/libzip.so
b683e000-b683f000 rw-p 00017000 08:07 3683407    /usr/lib/jvm/java-7-oracle/jre/lib/i386/libzip.so
b683f000-b684a000 r-xp 00000000 08:07 275309     /lib/i386-linux-gnu/libnss_files-2.15.so
b684a000-b684b000 r--p 0000a000 08:07 275309     /lib/i386-linux-gnu/libnss_files-2.15.so
b684b000-b684c000 rw-p 0000b000 08:07 275309     /lib/i386-linux-gnu/libnss_files-2.15.so
b684c000-b6856000 r-xp 00000000 08:07 275314     /lib/i386-linux-gnu/libnss_nis-2.15.so
b6856000-b6857000 r--p 00009000 08:07 275314     /lib/i386-linux-gnu/libnss_nis-2.15.so
b6857000-b6858000 rw-p 0000a000 08:07 275314     /lib/i386-linux-gnu/libnss_nis-2.15.so
b6858000-b686e000 r-xp 00000000 08:07 275333     /lib/i386-linux-gnu/libnsl-2.15.so
b686e000-b686f000 r--p 00015000 08:07 275333     /lib/i386-linux-gnu/libnsl-2.15.so
b686f000-b6870000 rw-p 00016000 08:07 275333     /lib/i386-linux-gnu/libnsl-2.15.so
b6870000-b6872000 rw-p 00000000 00:00 0 
b6872000-b6879000 r-xp 00000000 08:07 275306     /lib/i386-linux-gnu/libnss_compat-2.15.so
b6879000-b687a000 r--p 00006000 08:07 275306     /lib/i386-linux-gnu/libnss_compat-2.15.so
b687a000-b687b000 rw-p 00007000 08:07 275306     /lib/i386-linux-gnu/libnss_compat-2.15.so
b688c000-b6894000 rw-s 00000000 08:07 5381957    /tmp/hsperfdata_thiago/5239
b6894000-b68cb000 r-xp 00000000 08:07 3683447    /usr/lib/jvm/java-7-oracle/jre/lib/i386/libjdwp.so
b68cb000-b68cc000 rw-p 00037000 08:07 3683447    /usr/lib/jvm/java-7-oracle/jre/lib/i386/libjdwp.so
b68cc000-b68ef000 r-xp 00000000 08:07 3683438    /usr/lib/jvm/java-7-oracle/jre/lib/i386/libjava.so
b68ef000-b68f0000 rw-p 00023000 08:07 3683438    /usr/lib/jvm/java-7-oracle/jre/lib/i386/libjava.so
b68f0000-b68f7000 r-xp 00000000 08:07 275313     /lib/i386-linux-gnu/librt-2.15.so
b68f7000-b68f8000 r--p 00006000 08:07 275313     /lib/i386-linux-gnu/librt-2.15.so
b68f8000-b68f9000 rw-p 00007000 08:07 275313     /lib/i386-linux-gnu/librt-2.15.so
b68f9000-b68fc000 ---p 00000000 00:00 0 
b68fc000-b694a000 rw-p 00000000 00:00 0 
b694a000-b6974000 r-xp 00000000 08:07 275324     /lib/i386-linux-gnu/libm-2.15.so
b6974000-b6975000 r--p 00029000 08:07 275324     /lib/i386-linux-gnu/libm-2.15.so
b6975000-b6976000 rw-p 0002a000 08:07 275324     /lib/i386-linux-gnu/libm-2.15.so
b6976000-b7131000 r-xp 00000000 08:07 3683450    /usr/lib/jvm/java-7-oracle/jre/lib/i386/server/libjvm.so
b7131000-b7183000 rw-p 007bb000 08:07 3683450    /usr/lib/jvm/java-7-oracle/jre/lib/i386/server/libjvm.so
b7183000-b75a6000 rw-p 00000000 00:00 0 
b75a6000-b7749000 r-xp 00000000 08:07 275303     /lib/i386-linux-gnu/libc-2.15.so
b7749000-b774b000 r--p 001a3000 08:07 275303     /lib/i386-linux-gnu/libc-2.15.so
b774b000-b774c000 rw-p 001a5000 08:07 275303     /lib/i386-linux-gnu/libc-2.15.so
b774c000-b774f000 rw-p 00000000 00:00 0 
b774f000-b7752000 r-xp 00000000 08:07 275328     /lib/i386-linux-gnu/libdl-2.15.so
b7752000-b7753000 r--p 00002000 08:07 275328     /lib/i386-linux-gnu/libdl-2.15.so
b7753000-b7754000 rw-p 00003000 08:07 275328     /lib/i386-linux-gnu/libdl-2.15.so
b7754000-b7767000 r-xp 00000000 08:07 3683393    /usr/lib/jvm/java-7-oracle/jre/lib/i386/jli/libjli.so
b7767000-b7768000 rw-p 00012000 08:07 3683393    /usr/lib/jvm/java-7-oracle/jre/lib/i386/jli/libjli.so
b7768000-b7769000 rw-p 00000000 00:00 0 
b7769000-b7780000 r-xp 00000000 08:07 275322     /lib/i386-linux-gnu/libpthread-2.15.so
b7780000-b7781000 r--p 00016000 08:07 275322     /lib/i386-linux-gnu/libpthread-2.15.so
b7781000-b7782000 rw-p 00017000 08:07 275322     /lib/i386-linux-gnu/libpthread-2.15.so
b7782000-b7784000 rw-p 00000000 00:00 0 
b778a000-b778b000 rw-p 00000000 00:00 0 
b778b000-b778c000 r--p 005e0000 08:07 3415102    /usr/lib/locale/locale-archive
b778c000-b778e000 r-xp 00000000 08:07 3683411    /usr/lib/jvm/java-7-oracle/jre/lib/i386/libnpt.so
b778e000-b778f000 rw-p 00002000 08:07 3683411    /usr/lib/jvm/java-7-oracle/jre/lib/i386/libnpt.so
b778f000-b7790000 rw-p 00000000 00:00 0 
b7790000-b7791000 r--p 00000000 00:00 0 
b7791000-b779c000 r-xp 00000000 08:07 3683401    /usr/lib/jvm/java-7-oracle/jre/lib/i386/libverify.so
b779c000-b779d000 rw-p 0000b000 08:07 3683401    /usr/lib/jvm/java-7-oracle/jre/lib/i386/libverify.so
b779d000-b779f000 rw-p 00000000 00:00 0 
b779f000-b77a0000 r-xp 00000000 00:00 0          [vdso]
b77a0000-b77c0000 r-xp 00000000 08:07 275325     /lib/i386-linux-gnu/ld-2.15.so
b77c0000-b77c1000 r--p 0001f000 08:07 275325     /lib/i386-linux-gnu/ld-2.15.so
b77c1000-b77c2000 rw-p 00020000 08:07 275325     /lib/i386-linux-gnu/ld-2.15.so
bfb71000-bfb92000 rw-p 00000000 00:00 0          [stack]

VM Arguments:
jvm_args: -agentlib:jdwp=transport=dt_socket,suspend=y,address=localhost:43313 -Dfile.encoding=UTF-8 -Xbootclasspath:/opt/android-sdk-linux/platforms/android-17/android.jar 
java_command: br.com.developer.redu.exemplosRodrigo.viewFoldersFiles
Launcher Type: SUN_STANDARD

Environment Variables:
PATH=/usr/local/bin:/usr/bin:/bin:/usr/games
USERNAME=thiago
LD_LIBRARY_PATH=/usr/lib/jvm/java-7-oracle/jre/lib/i386/server:/usr/lib/jvm/java-7-oracle/jre/lib/i386:/usr/lib/jvm/java-7-oracle/jre/../lib/i386:/usr/lib/jvm/java-7-oracle/jre/lib/i386/client:/usr/lib/jvm/java-7-oracle/jre/lib/i386:
SHELL=/bin/bash
DISPLAY=:0.0

Signal Handlers:
SIGSEGV: [libjvm.so+0x722ea0], sa_mask[0]=0x7ffbfeff, sa_flags=0x10000004
SIGBUS: [libjvm.so+0x722ea0], sa_mask[0]=0x7ffbfeff, sa_flags=0x10000004
SIGFPE: [libjvm.so+0x5dbc80], sa_mask[0]=0x7ffbfeff, sa_flags=0x10000004
SIGPIPE: [libjvm.so+0x5dbc80], sa_mask[0]=0x7ffbfeff, sa_flags=0x10000004
SIGXFSZ: [libjvm.so+0x5dbc80], sa_mask[0]=0x7ffbfeff, sa_flags=0x10000004
SIGILL: [libjvm.so+0x5dbc80], sa_mask[0]=0x7ffbfeff, sa_flags=0x10000004
SIGUSR1: SIG_DFL, sa_mask[0]=0x00000000, sa_flags=0x00000000
SIGUSR2: [libjvm.so+0x5db560], sa_mask[0]=0x00000004, sa_flags=0x10000004
SIGHUP: SIG_DFL, sa_mask[0]=0x00000000, sa_flags=0x00000000
SIGINT: SIG_DFL, sa_mask[0]=0x00000000, sa_flags=0x00000000
SIGTERM: SIG_DFL, sa_mask[0]=0x00000000, sa_flags=0x00000000
SIGQUIT: SIG_DFL, sa_mask[0]=0x00000000, sa_flags=0x00000000


---------------  S Y S T E M  ---------------

OS:wheezy/sid

uname:Linux 3.2.0-44-generic-pae #69-Ubuntu SMP Thu May 16 18:50:07 UTC 2013 i686
libc:glibc 2.15 NPTL 2.15 
rlimit: STACK 8192k, CORE 0k, NPROC 30481, NOFILE 4096, AS infinity
load average:0.26 0.19 0.26

/proc/meminfo:
MemTotal:        3916284 kB
MemFree:         1185128 kB
Buffers:          207996 kB
Cached:          1022872 kB
SwapCached:            0 kB
Active:          1755924 kB
Inactive:         859220 kB
Active(anon):    1386552 kB
Inactive(anon):   180924 kB
Active(file):     369372 kB
Inactive(file):   678296 kB
Unevictable:          16 kB
Mlocked:              16 kB
HighTotal:       3074220 kB
HighFree:         642952 kB
LowTotal:         842064 kB
LowFree:          542176 kB
SwapTotal:       5341180 kB
SwapFree:        5341180 kB
Dirty:                40 kB
Writeback:             0 kB
AnonPages:       1384860 kB
Mapped:           191292 kB
Shmem:            182780 kB
Slab:              68792 kB
SReclaimable:      47560 kB
SUnreclaim:        21232 kB
KernelStack:        4304 kB
PageTables:        16672 kB
NFS_Unstable:          0 kB
Bounce:                0 kB
WritebackTmp:          0 kB
CommitLimit:     7299320 kB
Committed_AS:    4752604 kB
VmallocTotal:     122880 kB
VmallocUsed:       18772 kB
VmallocChunk:     102420 kB
HardwareCorrupted:     0 kB
AnonHugePages:         0 kB
HugePages_Total:       0
HugePages_Free:        0
HugePages_Rsvd:        0
HugePages_Surp:        0
Hugepagesize:       2048 kB
DirectMap4k:       10232 kB
DirectMap2M:      903168 kB


CPU:total 4 (2 cores per cpu, 2 threads per core) family 6 model 37 stepping 2, cmov, cx8, fxsr, mmx, sse, sse2, sse3, ssse3, sse4.1, sse4.2, popcnt, ht, tsc, tscinvbit

/proc/cpuinfo:
processor	: 0
vendor_id	: GenuineIntel
cpu family	: 6
model		: 37
model name	: Intel(R) Core(TM) i5 CPU       M 520  @ 2.40GHz
stepping	: 2
microcode	: 0x9
cpu MHz		: 2400.000
cache size	: 3072 KB
physical id	: 0
siblings	: 4
core id		: 0
cpu cores	: 2
apicid		: 0
initial apicid	: 0
fdiv_bug	: no
hlt_bug		: no
f00f_bug	: no
coma_bug	: no
fpu		: yes
fpu_exception	: yes
cpuid level	: 11
wp		: yes
flags		: fpu vme de pse tsc msr pae mce cx8 apic sep mtrr pge mca cmov pat pse36 clflush dts acpi mmx fxsr sse sse2 ss ht tm pbe nx rdtscp lm constant_tsc arch_perfmon pebs bts xtopology nonstop_tsc aperfmperf pni pclmulqdq dtes64 monitor ds_cpl vmx smx est tm2 ssse3 cx16 xtpr pdcm sse4_1 sse4_2 popcnt aes lahf_lm ida arat dtherm tpr_shadow vnmi flexpriority ept vpid
bogomips	: 4788.14
clflush size	: 64
cache_alignment	: 64
address sizes	: 36 bits physical, 48 bits virtual
power management:

processor	: 1
vendor_id	: GenuineIntel
cpu family	: 6
model		: 37
model name	: Intel(R) Core(TM) i5 CPU       M 520  @ 2.40GHz
stepping	: 2
microcode	: 0x9
cpu MHz		: 1199.000
cache size	: 3072 KB
physical id	: 0
siblings	: 4
core id		: 0
cpu cores	: 2
apicid		: 1
initial apicid	: 1
fdiv_bug	: no
hlt_bug		: no
f00f_bug	: no
coma_bug	: no
fpu		: yes
fpu_exception	: yes
cpuid level	: 11
wp		: yes
flags		: fpu vme de pse tsc msr pae mce cx8 apic sep mtrr pge mca cmov pat pse36 clflush dts acpi mmx fxsr sse sse2 ss ht tm pbe nx rdtscp lm constant_tsc arch_perfmon pebs bts xtopology nonstop_tsc aperfmperf pni pclmulqdq dtes64 monitor ds_cpl vmx smx est tm2 ssse3 cx16 xtpr pdcm sse4_1 sse4_2 popcnt aes lahf_lm ida arat dtherm tpr_shadow vnmi flexpriority ept vpid
bogomips	: 4787.87
clflush size	: 64
cache_alignment	: 64
address sizes	: 36 bits physical, 48 bits virtual
power management:

processor	: 2
vendor_id	: GenuineIntel
cpu family	: 6
model		: 37
model name	: Intel(R) Core(TM) i5 CPU       M 520  @ 2.40GHz
stepping	: 2
microcode	: 0x9
cpu MHz		: 1199.000
cache size	: 3072 KB
physical id	: 0
siblings	: 4
core id		: 2
cpu cores	: 2
apicid		: 4
initial apicid	: 4
fdiv_bug	: no
hlt_bug		: no
f00f_bug	: no
coma_bug	: no
fpu		: yes
fpu_exception	: yes
cpuid level	: 11
wp		: yes
flags		: fpu vme de pse tsc msr pae mce cx8 apic sep mtrr pge mca cmov pat pse36 clflush dts acpi mmx fxsr sse sse2 ss ht tm pbe nx rdtscp lm constant_tsc arch_perfmon pebs bts xtopology nonstop_tsc aperfmperf pni pclmulqdq dtes64 monitor ds_cpl vmx smx est tm2 ssse3 cx16 xtpr pdcm sse4_1 sse4_2 popcnt aes lahf_lm ida arat dtherm tpr_shadow vnmi flexpriority ept vpid
bogomips	: 4787.89
clflush size	: 64
cache_alignment	: 64
address sizes	: 36 bits physical, 48 bits virtual
power management:

processor	: 3
vendor_id	: GenuineIntel
cpu family	: 6
model		: 37
model name	: Intel(R) Core(TM) i5 CPU       M 520  @ 2.40GHz
stepping	: 2
microcode	: 0x9
cpu MHz		: 1199.000
cache size	: 3072 KB
physical id	: 0
siblings	: 4
core id		: 2
cpu cores	: 2
apicid		: 5
initial apicid	: 5
fdiv_bug	: no
hlt_bug		: no
f00f_bug	: no
coma_bug	: no
fpu		: yes
fpu_exception	: yes
cpuid level	: 11
wp		: yes
flags		: fpu vme de pse tsc msr pae mce cx8 apic sep mtrr pge mca cmov pat pse36 clflush dts acpi mmx fxsr sse sse2 ss ht tm pbe nx rdtscp lm constant_tsc arch_perfmon pebs bts xtopology nonstop_tsc aperfmperf pni pclmulqdq dtes64 monitor ds_cpl vmx smx est tm2 ssse3 cx16 xtpr pdcm sse4_1 sse4_2 popcnt aes lahf_lm ida arat dtherm tpr_shadow vnmi flexpriority ept vpid
bogomips	: 4787.89
clflush size	: 64
cache_alignment	: 64
address sizes	: 36 bits physical, 48 bits virtual
power management:



Memory: 4k page, physical 3916284k(1185128k free), swap 5341180k(5341180k free)

vm_info: Java HotSpot(TM) Server VM (23.21-b01) for linux-x86 JRE (1.7.0_21-b11), built on Apr  4 2013 04:20:11 by "java_re" with gcc 4.3.0 20080428 (Red Hat 4.3.0-8)

time: Thu May 30 17:52:13 2013
elapsed time: 0 seconds

