#
# A fatal error has been detected by the Java Runtime Environment:
#
#  Internal Error (javaClasses.cpp:129), pid=9851, tid=3062758208
#  fatal error: Invalid layout of preloaded class
#
# JRE version: 7.0_25-b15
# Java VM: Java HotSpot(TM) Server VM (23.25-b01 mixed mode linux-x86 )
# Failed to write core dump. Core dumps have been disabled. To enable core dumping, try "ulimit -c unlimited" before starting Java again
#
# If you would like to submit a bug report, please visit:
#   http://bugreport.sun.com/bugreport/crash.jsp
#

---------------  T H R E A D  ---------------

Current thread (0xb6708000):  JavaThread "Unknown thread" [_thread_in_vm, id=9854, stack(0xb688f000,0xb68e0000)]

Stack: [0xb688f000,0xb68e0000],  sp=0xb68ded90,  free space=319k
Native frames: (J=compiled Java code, j=interpreted, Vv=VM code, C=native code)
V  [libjvm.so+0x71ca19]  VMError::report_and_die()+0x199
V  [libjvm.so+0x2e58ec]  report_fatal(char const*, int, char const*)+0x4c
V  [libjvm.so+0x412e30]  compute_offset(int&, klassOopDesc*, Symbol*, Symbol*, bool)+0x110
V  [libjvm.so+0x416eb4]  java_lang_String::compute_offsets()+0x44
V  [libjvm.so+0x6b1ec5]  SystemDictionary::initialize_preloaded_classes(Thread*)+0x225
V  [libjvm.so+0x6f9878]  Universe::genesis(Thread*)+0x3f8
V  [libjvm.so+0x6f9cef]  universe2_init()+0x1f
V  [libjvm.so+0x3d9210]  init_globals()+0xa0
V  [libjvm.so+0x6e1419]  Threads::create_vm(JavaVMInitArgs*, bool*)+0x1f9
V  [libjvm.so+0x42082c]  JNI_CreateJavaVM+0x5c
C  [libjli.so+0x2668]  JavaMain+0x98
C  [libpthread.so.0+0x6d4c]  start_thread+0xcc


---------------  P R O C E S S  ---------------

Java Threads: ( => current thread )

Other Threads:

=>0xb6708000 (exited) JavaThread "Unknown thread" [_thread_in_vm, id=9854, stack(0xb688f000,0xb68e0000)]

VM state:not at safepoint (not fully initialized)

VM Mutex/Monitor currently owned by a thread: None

GC Heap History (0 events):
No events

Deoptimization events (0 events):
No events

Internal exceptions (0 events):
No events

Events (10 events):
Event: 0.080 loading class 0xb6735dc0 done
Event: 0.080 loading class 0xb6735700 done
Event: 0.080 loading class 0xb67356d8
Event: 0.080 loading class 0xb67555c8
Event: 0.081 loading class 0xb67555c8 done
Event: 0.081 loading class 0xb6755600
Event: 0.081 loading class 0xb6755600 done
Event: 0.081 loading class 0xb6755638
Event: 0.081 loading class 0xb6755638 done
Event: 0.081 loading class 0xb67356d8 done


Dynamic libraries:
08048000-08049000 r-xp 00000000 08:07 3683618    /usr/lib/jvm/java-7-oracle/bin/java
08049000-0804a000 rw-p 00000000 08:07 3683618    /usr/lib/jvm/java-7-oracle/bin/java
09598000-095b9000 rw-p 00000000 00:00 0          [heap]
6fe58000-70050000 rw-p 00000000 00:00 0 
70050000-70115000 r--s 0115c000 08:07 2267213    /opt/android-sdk-linux/platforms/android-17/android.jar
70115000-72b00000 rw-p 00000000 00:00 0 
72b00000-72b21000 rw-p 00000000 00:00 0 
72b21000-72c00000 ---p 00000000 00:00 0 
72c7f000-72c80000 ---p 00000000 00:00 0 
72c80000-72d00000 rw-p 00000000 00:00 0 
72d00000-72d21000 rw-p 00000000 00:00 0 
72d21000-72e00000 ---p 00000000 00:00 0 
72e7f000-72e80000 ---p 00000000 00:00 0 
72e80000-72f00000 rw-p 00000000 00:00 0 
72f00000-72f21000 rw-p 00000000 00:00 0 
72f21000-73000000 ---p 00000000 00:00 0 
7307f000-73080000 ---p 00000000 00:00 0 
73080000-73100000 rw-p 00000000 00:00 0 
73100000-73121000 rw-p 00000000 00:00 0 
73121000-73200000 ---p 00000000 00:00 0 
7320f000-73210000 ---p 00000000 00:00 0 
73210000-73298000 rw-p 00000000 00:00 0 
73298000-732b0000 rw-p 00000000 00:00 0 
732b0000-732c4000 rw-p 00000000 00:00 0 
732c4000-733f0000 rw-p 00000000 00:00 0 
733f0000-733f8000 rw-p 00000000 00:00 0 
733f8000-73410000 rw-p 00000000 00:00 0 
73410000-73424000 rw-p 00000000 00:00 0 
73424000-7354f000 rw-p 00000000 00:00 0 
7354f000-7355a000 rw-p 00000000 00:00 0 
7355a000-735ef000 rw-p 00000000 00:00 0 
735ef000-745f0000 rw-p 00000000 00:00 0 
745f0000-775f0000 rw-p 00000000 00:00 0 
775f0000-79dd0000 rw-p 00000000 00:00 0 
79dd0000-9f4a0000 rw-p 00000000 00:00 0 
9f4a0000-a0890000 rw-p 00000000 00:00 0 
a0890000-b33f0000 rw-p 00000000 00:00 0 
b33f5000-b33fe000 rw-p 00000000 00:00 0 
b33fe000-b34b5000 rw-p 00000000 00:00 0 
b34b5000-b36f5000 rwxp 00000000 00:00 0 
b36f5000-b64b5000 rw-p 00000000 00:00 0 
b64b5000-b64cc000 r-xp 00000000 08:07 3683396    /usr/lib/jvm/java-7-oracle/jre/lib/i386/libzip.so
b64cc000-b64cd000 rw-p 00017000 08:07 3683396    /usr/lib/jvm/java-7-oracle/jre/lib/i386/libzip.so
b64cd000-b64d8000 r-xp 00000000 08:07 275309     /lib/i386-linux-gnu/libnss_files-2.15.so
b64d8000-b64d9000 r--p 0000a000 08:07 275309     /lib/i386-linux-gnu/libnss_files-2.15.so
b64d9000-b64da000 rw-p 0000b000 08:07 275309     /lib/i386-linux-gnu/libnss_files-2.15.so
b64da000-b64e4000 r-xp 00000000 08:07 275314     /lib/i386-linux-gnu/libnss_nis-2.15.so
b64e4000-b64e5000 r--p 00009000 08:07 275314     /lib/i386-linux-gnu/libnss_nis-2.15.so
b64e5000-b64e6000 rw-p 0000a000 08:07 275314     /lib/i386-linux-gnu/libnss_nis-2.15.so
b64e6000-b64fc000 r-xp 00000000 08:07 275333     /lib/i386-linux-gnu/libnsl-2.15.so
b64fc000-b64fd000 r--p 00015000 08:07 275333     /lib/i386-linux-gnu/libnsl-2.15.so
b64fd000-b64fe000 rw-p 00016000 08:07 275333     /lib/i386-linux-gnu/libnsl-2.15.so
b64fe000-b6500000 rw-p 00000000 00:00 0 
b6500000-b6700000 r--p 00000000 08:07 3415102    /usr/lib/locale/locale-archive
b6700000-b6767000 rw-p 00000000 00:00 0 
b6767000-b6800000 ---p 00000000 00:00 0 
b6808000-b680f000 r-xp 00000000 08:07 275306     /lib/i386-linux-gnu/libnss_compat-2.15.so
b680f000-b6810000 r--p 00006000 08:07 275306     /lib/i386-linux-gnu/libnss_compat-2.15.so
b6810000-b6811000 rw-p 00007000 08:07 275306     /lib/i386-linux-gnu/libnss_compat-2.15.so
b6822000-b682a000 rw-s 00000000 08:07 5376356    /tmp/hsperfdata_thiago/9851
b682a000-b6861000 r-xp 00000000 08:07 3683444    /usr/lib/jvm/java-7-oracle/jre/lib/i386/libjdwp.so
b6861000-b6862000 rw-p 00037000 08:07 3683444    /usr/lib/jvm/java-7-oracle/jre/lib/i386/libjdwp.so
b6862000-b6885000 r-xp 00000000 08:07 3683435    /usr/lib/jvm/java-7-oracle/jre/lib/i386/libjava.so
b6885000-b6886000 rw-p 00022000 08:07 3683435    /usr/lib/jvm/java-7-oracle/jre/lib/i386/libjava.so
b6886000-b688d000 r-xp 00000000 08:07 275313     /lib/i386-linux-gnu/librt-2.15.so
b688d000-b688e000 r--p 00006000 08:07 275313     /lib/i386-linux-gnu/librt-2.15.so
b688e000-b688f000 rw-p 00007000 08:07 275313     /lib/i386-linux-gnu/librt-2.15.so
b688f000-b6892000 ---p 00000000 00:00 0 
b6892000-b68e0000 rw-p 00000000 00:00 0 
b68e0000-b690a000 r-xp 00000000 08:07 275324     /lib/i386-linux-gnu/libm-2.15.so
b690a000-b690b000 r--p 00029000 08:07 275324     /lib/i386-linux-gnu/libm-2.15.so
b690b000-b690c000 rw-p 0002a000 08:07 275324     /lib/i386-linux-gnu/libm-2.15.so
b690c000-b70bf000 r-xp 00000000 08:07 3683448    /usr/lib/jvm/java-7-oracle/jre/lib/i386/server/libjvm.so
b70bf000-b7112000 rw-p 007b2000 08:07 3683448    /usr/lib/jvm/java-7-oracle/jre/lib/i386/server/libjvm.so
b7112000-b7534000 rw-p 00000000 00:00 0 
b7534000-b76d7000 r-xp 00000000 08:07 275303     /lib/i386-linux-gnu/libc-2.15.so
b76d7000-b76d9000 r--p 001a3000 08:07 275303     /lib/i386-linux-gnu/libc-2.15.so
b76d9000-b76da000 rw-p 001a5000 08:07 275303     /lib/i386-linux-gnu/libc-2.15.so
b76da000-b76dd000 rw-p 00000000 00:00 0 
b76dd000-b76e0000 r-xp 00000000 08:07 275328     /lib/i386-linux-gnu/libdl-2.15.so
b76e0000-b76e1000 r--p 00002000 08:07 275328     /lib/i386-linux-gnu/libdl-2.15.so
b76e1000-b76e2000 rw-p 00003000 08:07 275328     /lib/i386-linux-gnu/libdl-2.15.so
b76e2000-b76f5000 r-xp 00000000 08:07 3683387    /usr/lib/jvm/java-7-oracle/jre/lib/i386/jli/libjli.so
b76f5000-b76f6000 rw-p 00012000 08:07 3683387    /usr/lib/jvm/java-7-oracle/jre/lib/i386/jli/libjli.so
b76f6000-b76f7000 rw-p 00000000 00:00 0 
b76f7000-b770e000 r-xp 00000000 08:07 275322     /lib/i386-linux-gnu/libpthread-2.15.so
b770e000-b770f000 r--p 00016000 08:07 275322     /lib/i386-linux-gnu/libpthread-2.15.so
b770f000-b7710000 rw-p 00017000 08:07 275322     /lib/i386-linux-gnu/libpthread-2.15.so
b7710000-b7712000 rw-p 00000000 00:00 0 
b7716000-b7719000 rw-p 00000000 00:00 0 
b7719000-b771a000 r--p 005e0000 08:07 3415102    /usr/lib/locale/locale-archive
b771a000-b771c000 r-xp 00000000 08:07 3683400    /usr/lib/jvm/java-7-oracle/jre/lib/i386/libnpt.so
b771c000-b771d000 rw-p 00002000 08:07 3683400    /usr/lib/jvm/java-7-oracle/jre/lib/i386/libnpt.so
b771d000-b771e000 rw-p 00000000 00:00 0 
b771e000-b771f000 r--p 00000000 00:00 0 
b771f000-b772a000 r-xp 00000000 08:07 3683394    /usr/lib/jvm/java-7-oracle/jre/lib/i386/libverify.so
b772a000-b772b000 rw-p 0000b000 08:07 3683394    /usr/lib/jvm/java-7-oracle/jre/lib/i386/libverify.so
b772b000-b772d000 rw-p 00000000 00:00 0 
b772d000-b772e000 r-xp 00000000 00:00 0          [vdso]
b772e000-b774e000 r-xp 00000000 08:07 275325     /lib/i386-linux-gnu/ld-2.15.so
b774e000-b774f000 r--p 0001f000 08:07 275325     /lib/i386-linux-gnu/ld-2.15.so
b774f000-b7750000 rw-p 00020000 08:07 275325     /lib/i386-linux-gnu/ld-2.15.so
bfe6b000-bfe8c000 rw-p 00000000 00:00 0          [stack]

VM Arguments:
jvm_args: -agentlib:jdwp=transport=dt_socket,suspend=y,address=localhost:44865 -Dfile.encoding=UTF-8 -Xbootclasspath:/opt/android-sdk-linux/platforms/android-17/android.jar 
java_command: br.com.developer.redu.exemplosRodrigo.viewFoldersFiles
Launcher Type: SUN_STANDARD

Environment Variables:
PATH=/usr/local/bin:/usr/bin:/bin:/usr/games
USERNAME=thiago
LD_LIBRARY_PATH=/usr/lib/jvm/java-7-oracle/jre/lib/i386/server:/usr/lib/jvm/java-7-oracle/jre/lib/i386:/usr/lib/jvm/java-7-oracle/jre/../lib/i386:/usr/lib/jvm/java-7-oracle/jre/lib/i386/client:/usr/lib/jvm/java-7-oracle/jre/lib/i386:
SHELL=/bin/bash
DISPLAY=:0.0

Signal Handlers:
SIGSEGV: [libjvm.so+0x71d560], sa_mask[0]=0x7ffbfeff, sa_flags=0x10000004
SIGBUS: [libjvm.so+0x71d560], sa_mask[0]=0x7ffbfeff, sa_flags=0x10000004
SIGFPE: [libjvm.so+0x5d74f0], sa_mask[0]=0x7ffbfeff, sa_flags=0x10000004
SIGPIPE: [libjvm.so+0x5d74f0], sa_mask[0]=0x7ffbfeff, sa_flags=0x10000004
SIGXFSZ: [libjvm.so+0x5d74f0], sa_mask[0]=0x7ffbfeff, sa_flags=0x10000004
SIGILL: [libjvm.so+0x5d74f0], sa_mask[0]=0x7ffbfeff, sa_flags=0x10000004
SIGUSR1: SIG_DFL, sa_mask[0]=0x00000000, sa_flags=0x00000000
SIGUSR2: [libjvm.so+0x5d6dd0], sa_mask[0]=0x00000004, sa_flags=0x10000004
SIGHUP: SIG_DFL, sa_mask[0]=0x00000000, sa_flags=0x00000000
SIGINT: SIG_DFL, sa_mask[0]=0x00000000, sa_flags=0x00000000
SIGTERM: SIG_DFL, sa_mask[0]=0x00000000, sa_flags=0x00000000
SIGQUIT: SIG_DFL, sa_mask[0]=0x00000000, sa_flags=0x00000000


---------------  S Y S T E M  ---------------

OS:wheezy/sid

uname:Linux 3.2.0-52-generic-pae #78-Ubuntu SMP Fri Jul 26 16:43:19 UTC 2013 i686
libc:glibc 2.15 NPTL 2.15 
rlimit: STACK 8192k, CORE 0k, NPROC 30481, NOFILE 4096, AS infinity
load average:0.20 0.46 0.37

/proc/meminfo:
MemTotal:        3916276 kB
MemFree:          196880 kB
Buffers:          269144 kB
Cached:           939640 kB
SwapCached:            0 kB
Active:          2495064 kB
Inactive:        1002264 kB
Active(anon):    2000624 kB
Inactive(anon):   494832 kB
Active(file):     494440 kB
Inactive(file):   507432 kB
Unevictable:          16 kB
Mlocked:              16 kB
HighTotal:       3074220 kB
HighFree:          38080 kB
LowTotal:         842056 kB
LowFree:          158800 kB
SwapTotal:       5341180 kB
SwapFree:        5330468 kB
Dirty:               164 kB
Writeback:             0 kB
AnonPages:       2289112 kB
Mapped:           226596 kB
Shmem:            206580 kB
Slab:             173004 kB
SReclaimable:     149884 kB
SUnreclaim:        23120 kB
KernelStack:        4464 kB
PageTables:        18884 kB
NFS_Unstable:          0 kB
Bounce:                0 kB
WritebackTmp:          0 kB
CommitLimit:     7299316 kB
Committed_AS:    6035796 kB
VmallocTotal:     122880 kB
VmallocUsed:       18760 kB
VmallocChunk:     100676 kB
HardwareCorrupted:     0 kB
AnonHugePages:         0 kB
HugePages_Total:       0
HugePages_Free:        0
HugePages_Rsvd:        0
HugePages_Surp:        0
Hugepagesize:       2048 kB
DirectMap4k:       10232 kB
DirectMap2M:      903168 kB


CPU:total 4 (2 cores per cpu, 2 threads per core) family 6 model 37 stepping 2, cmov, cx8, fxsr, mmx, sse, sse2, sse3, ssse3, sse4.1, sse4.2, popcnt, ht, tsc, tscinvbit

/proc/cpuinfo:
processor	: 0
vendor_id	: GenuineIntel
cpu family	: 6
model		: 37
model name	: Intel(R) Core(TM) i5 CPU       M 520  @ 2.40GHz
stepping	: 2
microcode	: 0x9
cpu MHz		: 2400.000
cache size	: 3072 KB
physical id	: 0
siblings	: 4
core id		: 0
cpu cores	: 2
apicid		: 0
initial apicid	: 0
fdiv_bug	: no
hlt_bug		: no
f00f_bug	: no
coma_bug	: no
fpu		: yes
fpu_exception	: yes
cpuid level	: 11
wp		: yes
flags		: fpu vme de pse tsc msr pae mce cx8 apic sep mtrr pge mca cmov pat pse36 clflush dts acpi mmx fxsr sse sse2 ss ht tm pbe nx rdtscp lm constant_tsc arch_perfmon pebs bts xtopology nonstop_tsc aperfmperf pni pclmulqdq dtes64 monitor ds_cpl vmx smx est tm2 ssse3 cx16 xtpr pdcm sse4_1 sse4_2 popcnt aes lahf_lm ida arat dtherm tpr_shadow vnmi flexpriority ept vpid
bogomips	: 4788.05
clflush size	: 64
cache_alignment	: 64
address sizes	: 36 bits physical, 48 bits virtual
power management:

processor	: 1
vendor_id	: GenuineIntel
cpu family	: 6
model		: 37
model name	: Intel(R) Core(TM) i5 CPU       M 520  @ 2.40GHz
stepping	: 2
microcode	: 0x9
cpu MHz		: 2266.000
cache size	: 3072 KB
physical id	: 0
siblings	: 4
core id		: 0
cpu cores	: 2
apicid		: 1
initial apicid	: 1
fdiv_bug	: no
hlt_bug		: no
f00f_bug	: no
coma_bug	: no
fpu		: yes
fpu_exception	: yes
cpuid level	: 11
wp		: yes
flags		: fpu vme de pse tsc msr pae mce cx8 apic sep mtrr pge mca cmov pat pse36 clflush dts acpi mmx fxsr sse sse2 ss ht tm pbe nx rdtscp lm constant_tsc arch_perfmon pebs bts xtopology nonstop_tsc aperfmperf pni pclmulqdq dtes64 monitor ds_cpl vmx smx est tm2 ssse3 cx16 xtpr pdcm sse4_1 sse4_2 popcnt aes lahf_lm ida arat dtherm tpr_shadow vnmi flexpriority ept vpid
bogomips	: 4787.87
clflush size	: 64
cache_alignment	: 64
address sizes	: 36 bits physical, 48 bits virtual
power management:

processor	: 2
vendor_id	: GenuineIntel
cpu family	: 6
model		: 37
model name	: Intel(R) Core(TM) i5 CPU       M 520  @ 2.40GHz
stepping	: 2
microcode	: 0x9
cpu MHz		: 1199.000
cache size	: 3072 KB
physical id	: 0
siblings	: 4
core id		: 2
cpu cores	: 2
apicid		: 4
initial apicid	: 4
fdiv_bug	: no
hlt_bug		: no
f00f_bug	: no
coma_bug	: no
fpu		: yes
fpu_exception	: yes
cpuid level	: 11
wp		: yes
flags		: fpu vme de pse tsc msr pae mce cx8 apic sep mtrr pge mca cmov pat pse36 clflush dts acpi mmx fxsr sse sse2 ss ht tm pbe nx rdtscp lm constant_tsc arch_perfmon pebs bts xtopology nonstop_tsc aperfmperf pni pclmulqdq dtes64 monitor ds_cpl vmx smx est tm2 ssse3 cx16 xtpr pdcm sse4_1 sse4_2 popcnt aes lahf_lm ida arat dtherm tpr_shadow vnmi flexpriority ept vpid
bogomips	: 4787.88
clflush size	: 64
cache_alignment	: 64
address sizes	: 36 bits physical, 48 bits virtual
power management:

processor	: 3
vendor_id	: GenuineIntel
cpu family	: 6
model		: 37
model name	: Intel(R) Core(TM) i5 CPU       M 520  @ 2.40GHz
stepping	: 2
microcode	: 0x9
cpu MHz		: 1199.000
cache size	: 3072 KB
physical id	: 0
siblings	: 4
core id		: 2
cpu cores	: 2
apicid		: 5
initial apicid	: 5
fdiv_bug	: no
hlt_bug		: no
f00f_bug	: no
coma_bug	: no
fpu		: yes
fpu_exception	: yes
cpuid level	: 11
wp		: yes
flags		: fpu vme de pse tsc msr pae mce cx8 apic sep mtrr pge mca cmov pat pse36 clflush dts acpi mmx fxsr sse sse2 ss ht tm pbe nx rdtscp lm constant_tsc arch_perfmon pebs bts xtopology nonstop_tsc aperfmperf pni pclmulqdq dtes64 monitor ds_cpl vmx smx est tm2 ssse3 cx16 xtpr pdcm sse4_1 sse4_2 popcnt aes lahf_lm ida arat dtherm tpr_shadow vnmi flexpriority ept vpid
bogomips	: 4787.89
clflush size	: 64
cache_alignment	: 64
address sizes	: 36 bits physical, 48 bits virtual
power management:



Memory: 4k page, physical 3916276k(196880k free), swap 5341180k(5330468k free)

vm_info: Java HotSpot(TM) Server VM (23.25-b01) for linux-x86 JRE (1.7.0_25-b15), built on Jun  5 2013 20:53:39 by "java_re" with gcc 4.3.0 20080428 (Red Hat 4.3.0-8)

time: Mon Aug 26 18:51:52 2013
elapsed time: 0 seconds

